<?xml version="1.0" encoding="UTF-8"?>
<!-- Generated by org.testng.reporters.JUnitReportReporter -->
<testsuite hostname="cwallin-ThinkPad-X230" name="com.facebook.presto.tests.functions.operators.Comparison" tests="48" failures="0" timestamp="5 Feb 2016 16:25:31 GMT" time="5.541" errors="38">
  <testcase name="testGreaterThanOperatorExists" time="0.063" classname="com.facebook.presto.tests.functions.operators.Comparison">
    <error type="com.google.inject.CreationException" message="Unable to create injector, see the following errors:

1) No implementation for io.airlift.http.client.HttpClient was bound.
  at com.facebook.presto.tests.querystats.QueryStatsClientModuleProvider$1.configure(QueryStatsClientModuleProvider.java:48) (via modules: com.google.inject.util.Modules$CombinedModule -&gt; com.google.inject.util.Modules$OverrideModule -&gt; com.google.inject.util.Modules$OverrideModule -&gt; com.google.inject.util.Modules$OverrideModule -&gt; com.google.inject.util.Modules$CombinedModule -&gt; com.google.inject.util.Modules$CombinedModule -&gt; com.google.inject.util.Modules$CombinedModule -&gt; com.facebook.presto.tests.querystats.QueryStatsClientModuleProvider$1)

2) An exception was caught and reported. Message: java.io.IOException: Too many open files
  at com.google.inject.util.Modules$OverrideModule.configure(Modules.java:177) (via modules: com.google.inject.util.Modules$CombinedModule -&gt; com.google.inject.util.Modules$CombinedModule -&gt; com.google.inject.util.Modules$CombinedModule -&gt; com.facebook.presto.tests.querystats.QueryStatsClientModuleProvider$1)

2 errors">
      <![CDATA[com.google.inject.CreationException: Unable to create injector, see the following errors:

1) No implementation for io.airlift.http.client.HttpClient was bound.
  at com.facebook.presto.tests.querystats.QueryStatsClientModuleProvider$1.configure(QueryStatsClientModuleProvider.java:48) (via modules: com.google.inject.util.Modules$CombinedModule -> com.google.inject.util.Modules$OverrideModule -> com.google.inject.util.Modules$OverrideModule -> com.google.inject.util.Modules$OverrideModule -> com.google.inject.util.Modules$CombinedModule -> com.google.inject.util.Modules$CombinedModule -> com.google.inject.util.Modules$CombinedModule -> com.facebook.presto.tests.querystats.QueryStatsClientModuleProvider$1)

2) An exception was caught and reported. Message: java.io.IOException: Too many open files
  at com.google.inject.util.Modules$OverrideModule.configure(Modules.java:177) (via modules: com.google.inject.util.Modules$CombinedModule -> com.google.inject.util.Modules$CombinedModule -> com.google.inject.util.Modules$CombinedModule -> com.facebook.presto.tests.querystats.QueryStatsClientModuleProvider$1)

2 errors
	at com.google.inject.internal.Errors.throwCreationExceptionIfErrorsExist(Errors.java:466)
	at com.google.inject.internal.InternalInjectorCreator.initializeStatically(InternalInjectorCreator.java:155)
	at com.google.inject.internal.InternalInjectorCreator.build(InternalInjectorCreator.java:107)
	at com.google.inject.Guice.createInjector(Guice.java:96)
	at com.google.inject.Guice.createInjector(Guice.java:73)
	at com.google.inject.Guice.createInjector(Guice.java:62)
	at com.teradata.tempto.internal.context.GuiceTestContext.buildInjector(GuiceTestContext.java:160)
	at com.teradata.tempto.internal.context.GuiceTestContext.<init>(GuiceTestContext.java:64)
	at com.teradata.tempto.internal.context.GuiceTestContext.createChildContext(GuiceTestContext.java:121)
	at com.teradata.tempto.internal.initialization.TestInitializationListener.onTestStart(TestInitializationListener.java:210)
	at org.testng.internal.Invoker.runTestListeners(Invoker.java:1708)
	at org.testng.internal.Invoker.runTestListeners(Invoker.java:1683)
	at org.testng.internal.Invoker.invokeMethod(Invoker.java:615)
	at org.testng.internal.Invoker.invokeTestMethod(Invoker.java:821)
	at org.testng.internal.Invoker.invokeTestMethods(Invoker.java:1131)
	at org.testng.internal.TestMethodWorker.invokeTestMethods(TestMethodWorker.java:124)
	at org.testng.internal.TestMethodWorker.run(TestMethodWorker.java:108)
	at org.testng.TestRunner.privateRun(TestRunner.java:773)
	at org.testng.TestRunner.run(TestRunner.java:623)
	at org.testng.SuiteRunner.runTest(SuiteRunner.java:357)
	at org.testng.SuiteRunner.runSequentially(SuiteRunner.java:352)
	at org.testng.SuiteRunner.privateRun(SuiteRunner.java:310)
	at org.testng.SuiteRunner.run(SuiteRunner.java:259)
	at org.testng.SuiteRunnerWorker.runSuite(SuiteRunnerWorker.java:52)
	at org.testng.SuiteRunnerWorker.run(SuiteRunnerWorker.java:86)
	at org.testng.TestNG.runSuitesSequentially(TestNG.java:1185)
	at org.testng.TestNG.runSuitesLocally(TestNG.java:1110)
	at org.testng.TestNG.run(TestNG.java:1018)
	at com.teradata.tempto.runner.TemptoRunner.run(TemptoRunner.java:82)
	at com.teradata.tempto.runner.TemptoRunner.runTempto(TemptoRunner.java:59)
	at com.teradata.tempto.runner.TemptoRunner.runTempto(TemptoRunner.java:47)
	at com.facebook.presto.tests.TemptoProductTestRunner.main(TemptoProductTestRunner.java:29)
Caused by: java.lang.RuntimeException: java.io.IOException: Too many open files
	at com.google.common.base.Throwables.propagate(Throwables.java:160)
	at io.airlift.http.client.jetty.JettyHttpClient.<init>(JettyHttpClient.java:213)
	at io.airlift.http.client.jetty.JettyHttpClient.<init>(JettyHttpClient.java:129)
	at io.airlift.http.client.jetty.JettyHttpClient.<init>(JettyHttpClient.java:119)
	at com.facebook.presto.tests.querystats.QueryStatsClientModuleProvider$1.configure(QueryStatsClientModuleProvider.java:48)
	at com.google.inject.PrivateModule.configure(PrivateModule.java:100)
	at com.google.inject.spi.Elements$RecordingBinder.install(Elements.java:340)
	at com.google.inject.util.Modules$CombinedModule.configure(Modules.java:128)
	at com.google.inject.spi.Elements$RecordingBinder.install(Elements.java:340)
	at com.google.inject.util.Modules$CombinedModule.configure(Modules.java:128)
	at com.google.inject.spi.Elements$RecordingBinder.install(Elements.java:340)
	at com.google.inject.util.Modules$CombinedModule.configure(Modules.java:128)
	at com.google.inject.spi.Elements$RecordingBinder.install(Elements.java:340)
	at com.google.inject.spi.Elements.getElements(Elements.java:110)
	at com.google.inject.util.Modules$OverrideModule.configure(Modules.java:177)
	at com.google.inject.AbstractModule.configure(AbstractModule.java:62)
	at com.google.inject.spi.Elements$RecordingBinder.install(Elements.java:340)
	at com.google.inject.spi.Elements.getElements(Elements.java:110)
	at com.google.inject.util.Modules$OverrideModule.configure(Modules.java:177)
	at com.google.inject.AbstractModule.configure(AbstractModule.java:62)
	at com.google.inject.spi.Elements$RecordingBinder.install(Elements.java:340)
	at com.google.inject.spi.Elements.getElements(Elements.java:110)
	at com.google.inject.util.Modules$OverrideModule.configure(Modules.java:177)
	at com.google.inject.AbstractModule.configure(AbstractModule.java:62)
	at com.google.inject.spi.Elements$RecordingBinder.install(Elements.java:340)
	at com.google.inject.util.Modules$CombinedModule.configure(Modules.java:128)
	at com.google.inject.spi.Elements$RecordingBinder.install(Elements.java:340)
	at com.google.inject.spi.Elements.getElements(Elements.java:110)
	at com.google.inject.internal.InjectorShell$Builder.build(InjectorShell.java:138)
	at com.google.inject.internal.InternalInjectorCreator.build(InternalInjectorCreator.java:104)
	... 29 more
Caused by: java.io.IOException: Too many open files
	at sun.nio.ch.IOUtil.makePipe(Native Method)
	at sun.nio.ch.EPollSelectorImpl.<init>(EPollSelectorImpl.java:65)
	at sun.nio.ch.EPollSelectorProvider.openSelector(EPollSelectorProvider.java:36)
	at java.nio.channels.Selector.open(Selector.java:227)
	at org.eclipse.jetty.io.SelectorManager$ManagedSelector.doStart(SelectorManager.java:424)
	at org.eclipse.jetty.util.component.AbstractLifeCycle.start(AbstractLifeCycle.java:68)
	at org.eclipse.jetty.io.SelectorManager.doStart(SelectorManager.java:257)
	at org.eclipse.jetty.util.component.AbstractLifeCycle.start(AbstractLifeCycle.java:68)
	at org.eclipse.jetty.util.component.ContainerLifeCycle.start(ContainerLifeCycle.java:132)
	at org.eclipse.jetty.util.component.ContainerLifeCycle.doStart(ContainerLifeCycle.java:114)
	at org.eclipse.jetty.client.AbstractHttpClientTransport.doStart(AbstractHttpClientTransport.java:67)
	at org.eclipse.jetty.util.component.AbstractLifeCycle.start(AbstractLifeCycle.java:68)
	at org.eclipse.jetty.util.component.ContainerLifeCycle.start(ContainerLifeCycle.java:132)
	at org.eclipse.jetty.util.component.ContainerLifeCycle.doStart(ContainerLifeCycle.java:114)
	at org.eclipse.jetty.client.HttpClient.doStart(HttpClient.java:224)
	at org.eclipse.jetty.util.component.AbstractLifeCycle.start(AbstractLifeCycle.java:68)
	at io.airlift.http.client.jetty.JettyHttpClient.<init>(JettyHttpClient.java:203)
	... 57 more
]]>
    </error>
  </testcase> <!-- testGreaterThanOperatorExists -->
  <testcase name="testGreaterThanOrEqualOperatorExists" time="0.059" classname="com.facebook.presto.tests.functions.operators.Comparison">
    <error type="com.google.inject.CreationException" message="Unable to create injector, see the following errors:

1) No implementation for io.airlift.http.client.HttpClient was bound.
  at com.facebook.presto.tests.querystats.QueryStatsClientModuleProvider$1.configure(QueryStatsClientModuleProvider.java:48) (via modules: com.google.inject.util.Modules$CombinedModule -&gt; com.google.inject.util.Modules$OverrideModule -&gt; com.google.inject.util.Modules$OverrideModule -&gt; com.google.inject.util.Modules$OverrideModule -&gt; com.google.inject.util.Modules$CombinedModule -&gt; com.google.inject.util.Modules$CombinedModule -&gt; com.google.inject.util.Modules$CombinedModule -&gt; com.facebook.presto.tests.querystats.QueryStatsClientModuleProvider$1)

2) An exception was caught and reported. Message: java.io.IOException: Too many open files
  at com.google.inject.util.Modules$OverrideModule.configure(Modules.java:177) (via modules: com.google.inject.util.Modules$CombinedModule -&gt; com.google.inject.util.Modules$CombinedModule -&gt; com.google.inject.util.Modules$CombinedModule -&gt; com.facebook.presto.tests.querystats.QueryStatsClientModuleProvider$1)

2 errors">
      <![CDATA[com.google.inject.CreationException: Unable to create injector, see the following errors:

1) No implementation for io.airlift.http.client.HttpClient was bound.
  at com.facebook.presto.tests.querystats.QueryStatsClientModuleProvider$1.configure(QueryStatsClientModuleProvider.java:48) (via modules: com.google.inject.util.Modules$CombinedModule -> com.google.inject.util.Modules$OverrideModule -> com.google.inject.util.Modules$OverrideModule -> com.google.inject.util.Modules$OverrideModule -> com.google.inject.util.Modules$CombinedModule -> com.google.inject.util.Modules$CombinedModule -> com.google.inject.util.Modules$CombinedModule -> com.facebook.presto.tests.querystats.QueryStatsClientModuleProvider$1)

2) An exception was caught and reported. Message: java.io.IOException: Too many open files
  at com.google.inject.util.Modules$OverrideModule.configure(Modules.java:177) (via modules: com.google.inject.util.Modules$CombinedModule -> com.google.inject.util.Modules$CombinedModule -> com.google.inject.util.Modules$CombinedModule -> com.facebook.presto.tests.querystats.QueryStatsClientModuleProvider$1)

2 errors
	at com.google.inject.internal.Errors.throwCreationExceptionIfErrorsExist(Errors.java:466)
	at com.google.inject.internal.InternalInjectorCreator.initializeStatically(InternalInjectorCreator.java:155)
	at com.google.inject.internal.InternalInjectorCreator.build(InternalInjectorCreator.java:107)
	at com.google.inject.Guice.createInjector(Guice.java:96)
	at com.google.inject.Guice.createInjector(Guice.java:73)
	at com.google.inject.Guice.createInjector(Guice.java:62)
	at com.teradata.tempto.internal.context.GuiceTestContext.buildInjector(GuiceTestContext.java:160)
	at com.teradata.tempto.internal.context.GuiceTestContext.<init>(GuiceTestContext.java:64)
	at com.teradata.tempto.internal.context.GuiceTestContext.createChildContext(GuiceTestContext.java:121)
	at com.teradata.tempto.internal.initialization.TestInitializationListener.onTestStart(TestInitializationListener.java:210)
	at org.testng.internal.Invoker.runTestListeners(Invoker.java:1708)
	at org.testng.internal.Invoker.runTestListeners(Invoker.java:1683)
	at org.testng.internal.Invoker.invokeMethod(Invoker.java:615)
	at org.testng.internal.Invoker.invokeTestMethod(Invoker.java:821)
	at org.testng.internal.Invoker.invokeTestMethods(Invoker.java:1131)
	at org.testng.internal.TestMethodWorker.invokeTestMethods(TestMethodWorker.java:124)
	at org.testng.internal.TestMethodWorker.run(TestMethodWorker.java:108)
	at org.testng.TestRunner.privateRun(TestRunner.java:773)
	at org.testng.TestRunner.run(TestRunner.java:623)
	at org.testng.SuiteRunner.runTest(SuiteRunner.java:357)
	at org.testng.SuiteRunner.runSequentially(SuiteRunner.java:352)
	at org.testng.SuiteRunner.privateRun(SuiteRunner.java:310)
	at org.testng.SuiteRunner.run(SuiteRunner.java:259)
	at org.testng.SuiteRunnerWorker.runSuite(SuiteRunnerWorker.java:52)
	at org.testng.SuiteRunnerWorker.run(SuiteRunnerWorker.java:86)
	at org.testng.TestNG.runSuitesSequentially(TestNG.java:1185)
	at org.testng.TestNG.runSuitesLocally(TestNG.java:1110)
	at org.testng.TestNG.run(TestNG.java:1018)
	at com.teradata.tempto.runner.TemptoRunner.run(TemptoRunner.java:82)
	at com.teradata.tempto.runner.TemptoRunner.runTempto(TemptoRunner.java:59)
	at com.teradata.tempto.runner.TemptoRunner.runTempto(TemptoRunner.java:47)
	at com.facebook.presto.tests.TemptoProductTestRunner.main(TemptoProductTestRunner.java:29)
Caused by: java.lang.RuntimeException: java.io.IOException: Too many open files
	at com.google.common.base.Throwables.propagate(Throwables.java:160)
	at io.airlift.http.client.jetty.JettyHttpClient.<init>(JettyHttpClient.java:213)
	at io.airlift.http.client.jetty.JettyHttpClient.<init>(JettyHttpClient.java:129)
	at io.airlift.http.client.jetty.JettyHttpClient.<init>(JettyHttpClient.java:119)
	at com.facebook.presto.tests.querystats.QueryStatsClientModuleProvider$1.configure(QueryStatsClientModuleProvider.java:48)
	at com.google.inject.PrivateModule.configure(PrivateModule.java:100)
	at com.google.inject.spi.Elements$RecordingBinder.install(Elements.java:340)
	at com.google.inject.util.Modules$CombinedModule.configure(Modules.java:128)
	at com.google.inject.spi.Elements$RecordingBinder.install(Elements.java:340)
	at com.google.inject.util.Modules$CombinedModule.configure(Modules.java:128)
	at com.google.inject.spi.Elements$RecordingBinder.install(Elements.java:340)
	at com.google.inject.util.Modules$CombinedModule.configure(Modules.java:128)
	at com.google.inject.spi.Elements$RecordingBinder.install(Elements.java:340)
	at com.google.inject.spi.Elements.getElements(Elements.java:110)
	at com.google.inject.util.Modules$OverrideModule.configure(Modules.java:177)
	at com.google.inject.AbstractModule.configure(AbstractModule.java:62)
	at com.google.inject.spi.Elements$RecordingBinder.install(Elements.java:340)
	at com.google.inject.spi.Elements.getElements(Elements.java:110)
	at com.google.inject.util.Modules$OverrideModule.configure(Modules.java:177)
	at com.google.inject.AbstractModule.configure(AbstractModule.java:62)
	at com.google.inject.spi.Elements$RecordingBinder.install(Elements.java:340)
	at com.google.inject.spi.Elements.getElements(Elements.java:110)
	at com.google.inject.util.Modules$OverrideModule.configure(Modules.java:177)
	at com.google.inject.AbstractModule.configure(AbstractModule.java:62)
	at com.google.inject.spi.Elements$RecordingBinder.install(Elements.java:340)
	at com.google.inject.util.Modules$CombinedModule.configure(Modules.java:128)
	at com.google.inject.spi.Elements$RecordingBinder.install(Elements.java:340)
	at com.google.inject.spi.Elements.getElements(Elements.java:110)
	at com.google.inject.internal.InjectorShell$Builder.build(InjectorShell.java:138)
	at com.google.inject.internal.InternalInjectorCreator.build(InternalInjectorCreator.java:104)
	... 29 more
Caused by: java.io.IOException: Too many open files
	at sun.nio.ch.IOUtil.makePipe(Native Method)
	at sun.nio.ch.EPollSelectorImpl.<init>(EPollSelectorImpl.java:65)
	at sun.nio.ch.EPollSelectorProvider.openSelector(EPollSelectorProvider.java:36)
	at java.nio.channels.Selector.open(Selector.java:227)
	at org.eclipse.jetty.io.SelectorManager$ManagedSelector.doStart(SelectorManager.java:424)
	at org.eclipse.jetty.util.component.AbstractLifeCycle.start(AbstractLifeCycle.java:68)
	at org.eclipse.jetty.io.SelectorManager.doStart(SelectorManager.java:257)
	at org.eclipse.jetty.util.component.AbstractLifeCycle.start(AbstractLifeCycle.java:68)
	at org.eclipse.jetty.util.component.ContainerLifeCycle.start(ContainerLifeCycle.java:132)
	at org.eclipse.jetty.util.component.ContainerLifeCycle.doStart(ContainerLifeCycle.java:114)
	at org.eclipse.jetty.client.AbstractHttpClientTransport.doStart(AbstractHttpClientTransport.java:67)
	at org.eclipse.jetty.util.component.AbstractLifeCycle.start(AbstractLifeCycle.java:68)
	at org.eclipse.jetty.util.component.ContainerLifeCycle.start(ContainerLifeCycle.java:132)
	at org.eclipse.jetty.util.component.ContainerLifeCycle.doStart(ContainerLifeCycle.java:114)
	at org.eclipse.jetty.client.HttpClient.doStart(HttpClient.java:224)
	at org.eclipse.jetty.util.component.AbstractLifeCycle.start(AbstractLifeCycle.java:68)
	at io.airlift.http.client.jetty.JettyHttpClient.<init>(JettyHttpClient.java:203)
	... 57 more
]]>
    </error>
  </testcase> <!-- testGreaterThanOrEqualOperatorExists -->
  <testcase name="testGreaterThanOrEqualOperatorExists" time="0.054" classname="com.facebook.presto.tests.functions.operators.Comparison">
    <error type="com.google.inject.CreationException" message="Unable to create injector, see the following errors:

1) No implementation for io.airlift.http.client.HttpClient was bound.
  at com.facebook.presto.tests.querystats.QueryStatsClientModuleProvider$1.configure(QueryStatsClientModuleProvider.java:48) (via modules: com.google.inject.util.Modules$CombinedModule -&gt; com.google.inject.util.Modules$OverrideModule -&gt; com.google.inject.util.Modules$OverrideModule -&gt; com.google.inject.util.Modules$OverrideModule -&gt; com.google.inject.util.Modules$CombinedModule -&gt; com.google.inject.util.Modules$CombinedModule -&gt; com.google.inject.util.Modules$CombinedModule -&gt; com.facebook.presto.tests.querystats.QueryStatsClientModuleProvider$1)

2) An exception was caught and reported. Message: java.io.IOException: Too many open files
  at com.google.inject.util.Modules$OverrideModule.configure(Modules.java:177) (via modules: com.google.inject.util.Modules$CombinedModule -&gt; com.google.inject.util.Modules$CombinedModule -&gt; com.google.inject.util.Modules$CombinedModule -&gt; com.facebook.presto.tests.querystats.QueryStatsClientModuleProvider$1)

2 errors">
      <![CDATA[com.google.inject.CreationException: Unable to create injector, see the following errors:

1) No implementation for io.airlift.http.client.HttpClient was bound.
  at com.facebook.presto.tests.querystats.QueryStatsClientModuleProvider$1.configure(QueryStatsClientModuleProvider.java:48) (via modules: com.google.inject.util.Modules$CombinedModule -> com.google.inject.util.Modules$OverrideModule -> com.google.inject.util.Modules$OverrideModule -> com.google.inject.util.Modules$OverrideModule -> com.google.inject.util.Modules$CombinedModule -> com.google.inject.util.Modules$CombinedModule -> com.google.inject.util.Modules$CombinedModule -> com.facebook.presto.tests.querystats.QueryStatsClientModuleProvider$1)

2) An exception was caught and reported. Message: java.io.IOException: Too many open files
  at com.google.inject.util.Modules$OverrideModule.configure(Modules.java:177) (via modules: com.google.inject.util.Modules$CombinedModule -> com.google.inject.util.Modules$CombinedModule -> com.google.inject.util.Modules$CombinedModule -> com.facebook.presto.tests.querystats.QueryStatsClientModuleProvider$1)

2 errors
	at com.google.inject.internal.Errors.throwCreationExceptionIfErrorsExist(Errors.java:466)
	at com.google.inject.internal.InternalInjectorCreator.initializeStatically(InternalInjectorCreator.java:155)
	at com.google.inject.internal.InternalInjectorCreator.build(InternalInjectorCreator.java:107)
	at com.google.inject.Guice.createInjector(Guice.java:96)
	at com.google.inject.Guice.createInjector(Guice.java:73)
	at com.google.inject.Guice.createInjector(Guice.java:62)
	at com.teradata.tempto.internal.context.GuiceTestContext.buildInjector(GuiceTestContext.java:160)
	at com.teradata.tempto.internal.context.GuiceTestContext.<init>(GuiceTestContext.java:64)
	at com.teradata.tempto.internal.context.GuiceTestContext.createChildContext(GuiceTestContext.java:121)
	at com.teradata.tempto.internal.initialization.TestInitializationListener.onTestStart(TestInitializationListener.java:210)
	at org.testng.internal.Invoker.runTestListeners(Invoker.java:1708)
	at org.testng.internal.Invoker.runTestListeners(Invoker.java:1683)
	at org.testng.internal.Invoker.invokeMethod(Invoker.java:615)
	at org.testng.internal.Invoker.invokeTestMethod(Invoker.java:821)
	at org.testng.internal.Invoker.invokeTestMethods(Invoker.java:1131)
	at org.testng.internal.TestMethodWorker.invokeTestMethods(TestMethodWorker.java:124)
	at org.testng.internal.TestMethodWorker.run(TestMethodWorker.java:108)
	at org.testng.TestRunner.privateRun(TestRunner.java:773)
	at org.testng.TestRunner.run(TestRunner.java:623)
	at org.testng.SuiteRunner.runTest(SuiteRunner.java:357)
	at org.testng.SuiteRunner.runSequentially(SuiteRunner.java:352)
	at org.testng.SuiteRunner.privateRun(SuiteRunner.java:310)
	at org.testng.SuiteRunner.run(SuiteRunner.java:259)
	at org.testng.SuiteRunnerWorker.runSuite(SuiteRunnerWorker.java:52)
	at org.testng.SuiteRunnerWorker.run(SuiteRunnerWorker.java:86)
	at org.testng.TestNG.runSuitesSequentially(TestNG.java:1185)
	at org.testng.TestNG.runSuitesLocally(TestNG.java:1110)
	at org.testng.TestNG.run(TestNG.java:1018)
	at com.teradata.tempto.runner.TemptoRunner.run(TemptoRunner.java:82)
	at com.teradata.tempto.runner.TemptoRunner.runTempto(TemptoRunner.java:59)
	at com.teradata.tempto.runner.TemptoRunner.runTempto(TemptoRunner.java:47)
	at com.facebook.presto.tests.TemptoProductTestRunner.main(TemptoProductTestRunner.java:29)
Caused by: java.lang.RuntimeException: java.io.IOException: Too many open files
	at com.google.common.base.Throwables.propagate(Throwables.java:160)
	at io.airlift.http.client.jetty.JettyHttpClient.<init>(JettyHttpClient.java:213)
	at io.airlift.http.client.jetty.JettyHttpClient.<init>(JettyHttpClient.java:129)
	at io.airlift.http.client.jetty.JettyHttpClient.<init>(JettyHttpClient.java:119)
	at com.facebook.presto.tests.querystats.QueryStatsClientModuleProvider$1.configure(QueryStatsClientModuleProvider.java:48)
	at com.google.inject.PrivateModule.configure(PrivateModule.java:100)
	at com.google.inject.spi.Elements$RecordingBinder.install(Elements.java:340)
	at com.google.inject.util.Modules$CombinedModule.configure(Modules.java:128)
	at com.google.inject.spi.Elements$RecordingBinder.install(Elements.java:340)
	at com.google.inject.util.Modules$CombinedModule.configure(Modules.java:128)
	at com.google.inject.spi.Elements$RecordingBinder.install(Elements.java:340)
	at com.google.inject.util.Modules$CombinedModule.configure(Modules.java:128)
	at com.google.inject.spi.Elements$RecordingBinder.install(Elements.java:340)
	at com.google.inject.spi.Elements.getElements(Elements.java:110)
	at com.google.inject.util.Modules$OverrideModule.configure(Modules.java:177)
	at com.google.inject.AbstractModule.configure(AbstractModule.java:62)
	at com.google.inject.spi.Elements$RecordingBinder.install(Elements.java:340)
	at com.google.inject.spi.Elements.getElements(Elements.java:110)
	at com.google.inject.util.Modules$OverrideModule.configure(Modules.java:177)
	at com.google.inject.AbstractModule.configure(AbstractModule.java:62)
	at com.google.inject.spi.Elements$RecordingBinder.install(Elements.java:340)
	at com.google.inject.spi.Elements.getElements(Elements.java:110)
	at com.google.inject.util.Modules$OverrideModule.configure(Modules.java:177)
	at com.google.inject.AbstractModule.configure(AbstractModule.java:62)
	at com.google.inject.spi.Elements$RecordingBinder.install(Elements.java:340)
	at com.google.inject.util.Modules$CombinedModule.configure(Modules.java:128)
	at com.google.inject.spi.Elements$RecordingBinder.install(Elements.java:340)
	at com.google.inject.spi.Elements.getElements(Elements.java:110)
	at com.google.inject.internal.InjectorShell$Builder.build(InjectorShell.java:138)
	at com.google.inject.internal.InternalInjectorCreator.build(InternalInjectorCreator.java:104)
	... 29 more
Caused by: java.io.IOException: Too many open files
	at sun.nio.ch.IOUtil.makePipe(Native Method)
	at sun.nio.ch.EPollSelectorImpl.<init>(EPollSelectorImpl.java:65)
	at sun.nio.ch.EPollSelectorProvider.openSelector(EPollSelectorProvider.java:36)
	at java.nio.channels.Selector.open(Selector.java:227)
	at org.eclipse.jetty.io.SelectorManager$ManagedSelector.doStart(SelectorManager.java:424)
	at org.eclipse.jetty.util.component.AbstractLifeCycle.start(AbstractLifeCycle.java:68)
	at org.eclipse.jetty.io.SelectorManager.doStart(SelectorManager.java:257)
	at org.eclipse.jetty.util.component.AbstractLifeCycle.start(AbstractLifeCycle.java:68)
	at org.eclipse.jetty.util.component.ContainerLifeCycle.start(ContainerLifeCycle.java:132)
	at org.eclipse.jetty.util.component.ContainerLifeCycle.doStart(ContainerLifeCycle.java:114)
	at org.eclipse.jetty.client.AbstractHttpClientTransport.doStart(AbstractHttpClientTransport.java:67)
	at org.eclipse.jetty.util.component.AbstractLifeCycle.start(AbstractLifeCycle.java:68)
	at org.eclipse.jetty.util.component.ContainerLifeCycle.start(ContainerLifeCycle.java:132)
	at org.eclipse.jetty.util.component.ContainerLifeCycle.doStart(ContainerLifeCycle.java:114)
	at org.eclipse.jetty.client.HttpClient.doStart(HttpClient.java:224)
	at org.eclipse.jetty.util.component.AbstractLifeCycle.start(AbstractLifeCycle.java:68)
	at io.airlift.http.client.jetty.JettyHttpClient.<init>(JettyHttpClient.java:203)
	... 57 more
]]>
    </error>
  </testcase> <!-- testGreaterThanOrEqualOperatorExists -->
  <testcase name="testEqualOperatorExists" time="0.298" classname="com.facebook.presto.tests.functions.operators.Comparison"/>
  <testcase name="testLessThanOperatorExists" time="0.062" classname="com.facebook.presto.tests.functions.operators.Comparison">
    <error type="com.google.inject.CreationException" message="Unable to create injector, see the following errors:

1) No implementation for io.airlift.http.client.HttpClient was bound.
  at com.facebook.presto.tests.querystats.QueryStatsClientModuleProvider$1.configure(QueryStatsClientModuleProvider.java:48) (via modules: com.google.inject.util.Modules$CombinedModule -&gt; com.google.inject.util.Modules$OverrideModule -&gt; com.google.inject.util.Modules$OverrideModule -&gt; com.google.inject.util.Modules$OverrideModule -&gt; com.google.inject.util.Modules$CombinedModule -&gt; com.google.inject.util.Modules$CombinedModule -&gt; com.google.inject.util.Modules$CombinedModule -&gt; com.facebook.presto.tests.querystats.QueryStatsClientModuleProvider$1)

2) An exception was caught and reported. Message: java.io.IOException: Too many open files
  at com.google.inject.util.Modules$OverrideModule.configure(Modules.java:177) (via modules: com.google.inject.util.Modules$CombinedModule -&gt; com.google.inject.util.Modules$CombinedModule -&gt; com.google.inject.util.Modules$CombinedModule -&gt; com.facebook.presto.tests.querystats.QueryStatsClientModuleProvider$1)

2 errors">
      <![CDATA[com.google.inject.CreationException: Unable to create injector, see the following errors:

1) No implementation for io.airlift.http.client.HttpClient was bound.
  at com.facebook.presto.tests.querystats.QueryStatsClientModuleProvider$1.configure(QueryStatsClientModuleProvider.java:48) (via modules: com.google.inject.util.Modules$CombinedModule -> com.google.inject.util.Modules$OverrideModule -> com.google.inject.util.Modules$OverrideModule -> com.google.inject.util.Modules$OverrideModule -> com.google.inject.util.Modules$CombinedModule -> com.google.inject.util.Modules$CombinedModule -> com.google.inject.util.Modules$CombinedModule -> com.facebook.presto.tests.querystats.QueryStatsClientModuleProvider$1)

2) An exception was caught and reported. Message: java.io.IOException: Too many open files
  at com.google.inject.util.Modules$OverrideModule.configure(Modules.java:177) (via modules: com.google.inject.util.Modules$CombinedModule -> com.google.inject.util.Modules$CombinedModule -> com.google.inject.util.Modules$CombinedModule -> com.facebook.presto.tests.querystats.QueryStatsClientModuleProvider$1)

2 errors
	at com.google.inject.internal.Errors.throwCreationExceptionIfErrorsExist(Errors.java:466)
	at com.google.inject.internal.InternalInjectorCreator.initializeStatically(InternalInjectorCreator.java:155)
	at com.google.inject.internal.InternalInjectorCreator.build(InternalInjectorCreator.java:107)
	at com.google.inject.Guice.createInjector(Guice.java:96)
	at com.google.inject.Guice.createInjector(Guice.java:73)
	at com.google.inject.Guice.createInjector(Guice.java:62)
	at com.teradata.tempto.internal.context.GuiceTestContext.buildInjector(GuiceTestContext.java:160)
	at com.teradata.tempto.internal.context.GuiceTestContext.<init>(GuiceTestContext.java:64)
	at com.teradata.tempto.internal.context.GuiceTestContext.createChildContext(GuiceTestContext.java:121)
	at com.teradata.tempto.internal.initialization.TestInitializationListener.onTestStart(TestInitializationListener.java:210)
	at org.testng.internal.Invoker.runTestListeners(Invoker.java:1708)
	at org.testng.internal.Invoker.runTestListeners(Invoker.java:1683)
	at org.testng.internal.Invoker.invokeMethod(Invoker.java:615)
	at org.testng.internal.Invoker.invokeTestMethod(Invoker.java:821)
	at org.testng.internal.Invoker.invokeTestMethods(Invoker.java:1131)
	at org.testng.internal.TestMethodWorker.invokeTestMethods(TestMethodWorker.java:124)
	at org.testng.internal.TestMethodWorker.run(TestMethodWorker.java:108)
	at org.testng.TestRunner.privateRun(TestRunner.java:773)
	at org.testng.TestRunner.run(TestRunner.java:623)
	at org.testng.SuiteRunner.runTest(SuiteRunner.java:357)
	at org.testng.SuiteRunner.runSequentially(SuiteRunner.java:352)
	at org.testng.SuiteRunner.privateRun(SuiteRunner.java:310)
	at org.testng.SuiteRunner.run(SuiteRunner.java:259)
	at org.testng.SuiteRunnerWorker.runSuite(SuiteRunnerWorker.java:52)
	at org.testng.SuiteRunnerWorker.run(SuiteRunnerWorker.java:86)
	at org.testng.TestNG.runSuitesSequentially(TestNG.java:1185)
	at org.testng.TestNG.runSuitesLocally(TestNG.java:1110)
	at org.testng.TestNG.run(TestNG.java:1018)
	at com.teradata.tempto.runner.TemptoRunner.run(TemptoRunner.java:82)
	at com.teradata.tempto.runner.TemptoRunner.runTempto(TemptoRunner.java:59)
	at com.teradata.tempto.runner.TemptoRunner.runTempto(TemptoRunner.java:47)
	at com.facebook.presto.tests.TemptoProductTestRunner.main(TemptoProductTestRunner.java:29)
Caused by: java.lang.RuntimeException: java.io.IOException: Too many open files
	at com.google.common.base.Throwables.propagate(Throwables.java:160)
	at io.airlift.http.client.jetty.JettyHttpClient.<init>(JettyHttpClient.java:213)
	at io.airlift.http.client.jetty.JettyHttpClient.<init>(JettyHttpClient.java:129)
	at io.airlift.http.client.jetty.JettyHttpClient.<init>(JettyHttpClient.java:119)
	at com.facebook.presto.tests.querystats.QueryStatsClientModuleProvider$1.configure(QueryStatsClientModuleProvider.java:48)
	at com.google.inject.PrivateModule.configure(PrivateModule.java:100)
	at com.google.inject.spi.Elements$RecordingBinder.install(Elements.java:340)
	at com.google.inject.util.Modules$CombinedModule.configure(Modules.java:128)
	at com.google.inject.spi.Elements$RecordingBinder.install(Elements.java:340)
	at com.google.inject.util.Modules$CombinedModule.configure(Modules.java:128)
	at com.google.inject.spi.Elements$RecordingBinder.install(Elements.java:340)
	at com.google.inject.util.Modules$CombinedModule.configure(Modules.java:128)
	at com.google.inject.spi.Elements$RecordingBinder.install(Elements.java:340)
	at com.google.inject.spi.Elements.getElements(Elements.java:110)
	at com.google.inject.util.Modules$OverrideModule.configure(Modules.java:177)
	at com.google.inject.AbstractModule.configure(AbstractModule.java:62)
	at com.google.inject.spi.Elements$RecordingBinder.install(Elements.java:340)
	at com.google.inject.spi.Elements.getElements(Elements.java:110)
	at com.google.inject.util.Modules$OverrideModule.configure(Modules.java:177)
	at com.google.inject.AbstractModule.configure(AbstractModule.java:62)
	at com.google.inject.spi.Elements$RecordingBinder.install(Elements.java:340)
	at com.google.inject.spi.Elements.getElements(Elements.java:110)
	at com.google.inject.util.Modules$OverrideModule.configure(Modules.java:177)
	at com.google.inject.AbstractModule.configure(AbstractModule.java:62)
	at com.google.inject.spi.Elements$RecordingBinder.install(Elements.java:340)
	at com.google.inject.util.Modules$CombinedModule.configure(Modules.java:128)
	at com.google.inject.spi.Elements$RecordingBinder.install(Elements.java:340)
	at com.google.inject.spi.Elements.getElements(Elements.java:110)
	at com.google.inject.internal.InjectorShell$Builder.build(InjectorShell.java:138)
	at com.google.inject.internal.InternalInjectorCreator.build(InternalInjectorCreator.java:104)
	... 29 more
Caused by: java.io.IOException: Too many open files
	at sun.nio.ch.IOUtil.makePipe(Native Method)
	at sun.nio.ch.EPollSelectorImpl.<init>(EPollSelectorImpl.java:65)
	at sun.nio.ch.EPollSelectorProvider.openSelector(EPollSelectorProvider.java:36)
	at java.nio.channels.Selector.open(Selector.java:227)
	at org.eclipse.jetty.io.SelectorManager$ManagedSelector.doStart(SelectorManager.java:424)
	at org.eclipse.jetty.util.component.AbstractLifeCycle.start(AbstractLifeCycle.java:68)
	at org.eclipse.jetty.io.SelectorManager.doStart(SelectorManager.java:257)
	at org.eclipse.jetty.util.component.AbstractLifeCycle.start(AbstractLifeCycle.java:68)
	at org.eclipse.jetty.util.component.ContainerLifeCycle.start(ContainerLifeCycle.java:132)
	at org.eclipse.jetty.util.component.ContainerLifeCycle.doStart(ContainerLifeCycle.java:114)
	at org.eclipse.jetty.client.AbstractHttpClientTransport.doStart(AbstractHttpClientTransport.java:67)
	at org.eclipse.jetty.util.component.AbstractLifeCycle.start(AbstractLifeCycle.java:68)
	at org.eclipse.jetty.util.component.ContainerLifeCycle.start(ContainerLifeCycle.java:132)
	at org.eclipse.jetty.util.component.ContainerLifeCycle.doStart(ContainerLifeCycle.java:114)
	at org.eclipse.jetty.client.HttpClient.doStart(HttpClient.java:224)
	at org.eclipse.jetty.util.component.AbstractLifeCycle.start(AbstractLifeCycle.java:68)
	at io.airlift.http.client.jetty.JettyHttpClient.<init>(JettyHttpClient.java:203)
	... 57 more
]]>
    </error>
  </testcase> <!-- testLessThanOperatorExists -->
  <testcase name="testBetweenOperatorExists" time="0.350" classname="com.facebook.presto.tests.functions.operators.Comparison"/>
  <testcase name="testEqualOperatorExists" time="0.042" classname="com.facebook.presto.tests.functions.operators.Comparison">
    <error type="com.google.inject.CreationException" message="Unable to create injector, see the following errors:

1) No implementation for io.airlift.http.client.HttpClient was bound.
  at com.facebook.presto.tests.querystats.QueryStatsClientModuleProvider$1.configure(QueryStatsClientModuleProvider.java:48) (via modules: com.google.inject.util.Modules$CombinedModule -&gt; com.google.inject.util.Modules$OverrideModule -&gt; com.google.inject.util.Modules$OverrideModule -&gt; com.google.inject.util.Modules$OverrideModule -&gt; com.google.inject.util.Modules$CombinedModule -&gt; com.google.inject.util.Modules$CombinedModule -&gt; com.google.inject.util.Modules$CombinedModule -&gt; com.facebook.presto.tests.querystats.QueryStatsClientModuleProvider$1)

2) An exception was caught and reported. Message: java.io.IOException: Too many open files
  at com.google.inject.util.Modules$OverrideModule.configure(Modules.java:177) (via modules: com.google.inject.util.Modules$CombinedModule -&gt; com.google.inject.util.Modules$CombinedModule -&gt; com.google.inject.util.Modules$CombinedModule -&gt; com.facebook.presto.tests.querystats.QueryStatsClientModuleProvider$1)

2 errors">
      <![CDATA[com.google.inject.CreationException: Unable to create injector, see the following errors:

1) No implementation for io.airlift.http.client.HttpClient was bound.
  at com.facebook.presto.tests.querystats.QueryStatsClientModuleProvider$1.configure(QueryStatsClientModuleProvider.java:48) (via modules: com.google.inject.util.Modules$CombinedModule -> com.google.inject.util.Modules$OverrideModule -> com.google.inject.util.Modules$OverrideModule -> com.google.inject.util.Modules$OverrideModule -> com.google.inject.util.Modules$CombinedModule -> com.google.inject.util.Modules$CombinedModule -> com.google.inject.util.Modules$CombinedModule -> com.facebook.presto.tests.querystats.QueryStatsClientModuleProvider$1)

2) An exception was caught and reported. Message: java.io.IOException: Too many open files
  at com.google.inject.util.Modules$OverrideModule.configure(Modules.java:177) (via modules: com.google.inject.util.Modules$CombinedModule -> com.google.inject.util.Modules$CombinedModule -> com.google.inject.util.Modules$CombinedModule -> com.facebook.presto.tests.querystats.QueryStatsClientModuleProvider$1)

2 errors
	at com.google.inject.internal.Errors.throwCreationExceptionIfErrorsExist(Errors.java:466)
	at com.google.inject.internal.InternalInjectorCreator.initializeStatically(InternalInjectorCreator.java:155)
	at com.google.inject.internal.InternalInjectorCreator.build(InternalInjectorCreator.java:107)
	at com.google.inject.Guice.createInjector(Guice.java:96)
	at com.google.inject.Guice.createInjector(Guice.java:73)
	at com.google.inject.Guice.createInjector(Guice.java:62)
	at com.teradata.tempto.internal.context.GuiceTestContext.buildInjector(GuiceTestContext.java:160)
	at com.teradata.tempto.internal.context.GuiceTestContext.<init>(GuiceTestContext.java:64)
	at com.teradata.tempto.internal.context.GuiceTestContext.createChildContext(GuiceTestContext.java:121)
	at com.teradata.tempto.internal.initialization.TestInitializationListener.onTestStart(TestInitializationListener.java:210)
	at org.testng.internal.Invoker.runTestListeners(Invoker.java:1708)
	at org.testng.internal.Invoker.runTestListeners(Invoker.java:1683)
	at org.testng.internal.Invoker.invokeMethod(Invoker.java:615)
	at org.testng.internal.Invoker.invokeTestMethod(Invoker.java:821)
	at org.testng.internal.Invoker.invokeTestMethods(Invoker.java:1131)
	at org.testng.internal.TestMethodWorker.invokeTestMethods(TestMethodWorker.java:124)
	at org.testng.internal.TestMethodWorker.run(TestMethodWorker.java:108)
	at org.testng.TestRunner.privateRun(TestRunner.java:773)
	at org.testng.TestRunner.run(TestRunner.java:623)
	at org.testng.SuiteRunner.runTest(SuiteRunner.java:357)
	at org.testng.SuiteRunner.runSequentially(SuiteRunner.java:352)
	at org.testng.SuiteRunner.privateRun(SuiteRunner.java:310)
	at org.testng.SuiteRunner.run(SuiteRunner.java:259)
	at org.testng.SuiteRunnerWorker.runSuite(SuiteRunnerWorker.java:52)
	at org.testng.SuiteRunnerWorker.run(SuiteRunnerWorker.java:86)
	at org.testng.TestNG.runSuitesSequentially(TestNG.java:1185)
	at org.testng.TestNG.runSuitesLocally(TestNG.java:1110)
	at org.testng.TestNG.run(TestNG.java:1018)
	at com.teradata.tempto.runner.TemptoRunner.run(TemptoRunner.java:82)
	at com.teradata.tempto.runner.TemptoRunner.runTempto(TemptoRunner.java:59)
	at com.teradata.tempto.runner.TemptoRunner.runTempto(TemptoRunner.java:47)
	at com.facebook.presto.tests.TemptoProductTestRunner.main(TemptoProductTestRunner.java:29)
Caused by: java.lang.RuntimeException: java.io.IOException: Too many open files
	at com.google.common.base.Throwables.propagate(Throwables.java:160)
	at io.airlift.http.client.jetty.JettyHttpClient.<init>(JettyHttpClient.java:213)
	at io.airlift.http.client.jetty.JettyHttpClient.<init>(JettyHttpClient.java:129)
	at io.airlift.http.client.jetty.JettyHttpClient.<init>(JettyHttpClient.java:119)
	at com.facebook.presto.tests.querystats.QueryStatsClientModuleProvider$1.configure(QueryStatsClientModuleProvider.java:48)
	at com.google.inject.PrivateModule.configure(PrivateModule.java:100)
	at com.google.inject.spi.Elements$RecordingBinder.install(Elements.java:340)
	at com.google.inject.util.Modules$CombinedModule.configure(Modules.java:128)
	at com.google.inject.spi.Elements$RecordingBinder.install(Elements.java:340)
	at com.google.inject.util.Modules$CombinedModule.configure(Modules.java:128)
	at com.google.inject.spi.Elements$RecordingBinder.install(Elements.java:340)
	at com.google.inject.util.Modules$CombinedModule.configure(Modules.java:128)
	at com.google.inject.spi.Elements$RecordingBinder.install(Elements.java:340)
	at com.google.inject.spi.Elements.getElements(Elements.java:110)
	at com.google.inject.util.Modules$OverrideModule.configure(Modules.java:177)
	at com.google.inject.AbstractModule.configure(AbstractModule.java:62)
	at com.google.inject.spi.Elements$RecordingBinder.install(Elements.java:340)
	at com.google.inject.spi.Elements.getElements(Elements.java:110)
	at com.google.inject.util.Modules$OverrideModule.configure(Modules.java:177)
	at com.google.inject.AbstractModule.configure(AbstractModule.java:62)
	at com.google.inject.spi.Elements$RecordingBinder.install(Elements.java:340)
	at com.google.inject.spi.Elements.getElements(Elements.java:110)
	at com.google.inject.util.Modules$OverrideModule.configure(Modules.java:177)
	at com.google.inject.AbstractModule.configure(AbstractModule.java:62)
	at com.google.inject.spi.Elements$RecordingBinder.install(Elements.java:340)
	at com.google.inject.util.Modules$CombinedModule.configure(Modules.java:128)
	at com.google.inject.spi.Elements$RecordingBinder.install(Elements.java:340)
	at com.google.inject.spi.Elements.getElements(Elements.java:110)
	at com.google.inject.internal.InjectorShell$Builder.build(InjectorShell.java:138)
	at com.google.inject.internal.InternalInjectorCreator.build(InternalInjectorCreator.java:104)
	... 29 more
Caused by: java.io.IOException: Too many open files
	at sun.nio.ch.IOUtil.makePipe(Native Method)
	at sun.nio.ch.EPollSelectorImpl.<init>(EPollSelectorImpl.java:65)
	at sun.nio.ch.EPollSelectorProvider.openSelector(EPollSelectorProvider.java:36)
	at java.nio.channels.Selector.open(Selector.java:227)
	at org.eclipse.jetty.io.SelectorManager$ManagedSelector.doStart(SelectorManager.java:424)
	at org.eclipse.jetty.util.component.AbstractLifeCycle.start(AbstractLifeCycle.java:68)
	at org.eclipse.jetty.io.SelectorManager.doStart(SelectorManager.java:257)
	at org.eclipse.jetty.util.component.AbstractLifeCycle.start(AbstractLifeCycle.java:68)
	at org.eclipse.jetty.util.component.ContainerLifeCycle.start(ContainerLifeCycle.java:132)
	at org.eclipse.jetty.util.component.ContainerLifeCycle.doStart(ContainerLifeCycle.java:114)
	at org.eclipse.jetty.client.AbstractHttpClientTransport.doStart(AbstractHttpClientTransport.java:67)
	at org.eclipse.jetty.util.component.AbstractLifeCycle.start(AbstractLifeCycle.java:68)
	at org.eclipse.jetty.util.component.ContainerLifeCycle.start(ContainerLifeCycle.java:132)
	at org.eclipse.jetty.util.component.ContainerLifeCycle.doStart(ContainerLifeCycle.java:114)
	at org.eclipse.jetty.client.HttpClient.doStart(HttpClient.java:224)
	at org.eclipse.jetty.util.component.AbstractLifeCycle.start(AbstractLifeCycle.java:68)
	at io.airlift.http.client.jetty.JettyHttpClient.<init>(JettyHttpClient.java:203)
	... 57 more
]]>
    </error>
  </testcase> <!-- testEqualOperatorExists -->
  <testcase name="testEqualOperatorExists" time="0.060" classname="com.facebook.presto.tests.functions.operators.Comparison">
    <error type="com.google.inject.CreationException" message="Unable to create injector, see the following errors:

1) No implementation for io.airlift.http.client.HttpClient was bound.
  at com.facebook.presto.tests.querystats.QueryStatsClientModuleProvider$1.configure(QueryStatsClientModuleProvider.java:48) (via modules: com.google.inject.util.Modules$CombinedModule -&gt; com.google.inject.util.Modules$OverrideModule -&gt; com.google.inject.util.Modules$OverrideModule -&gt; com.google.inject.util.Modules$OverrideModule -&gt; com.google.inject.util.Modules$CombinedModule -&gt; com.google.inject.util.Modules$CombinedModule -&gt; com.google.inject.util.Modules$CombinedModule -&gt; com.facebook.presto.tests.querystats.QueryStatsClientModuleProvider$1)

2) An exception was caught and reported. Message: java.io.IOException: Too many open files
  at com.google.inject.util.Modules$OverrideModule.configure(Modules.java:177) (via modules: com.google.inject.util.Modules$CombinedModule -&gt; com.google.inject.util.Modules$CombinedModule -&gt; com.google.inject.util.Modules$CombinedModule -&gt; com.facebook.presto.tests.querystats.QueryStatsClientModuleProvider$1)

2 errors">
      <![CDATA[com.google.inject.CreationException: Unable to create injector, see the following errors:

1) No implementation for io.airlift.http.client.HttpClient was bound.
  at com.facebook.presto.tests.querystats.QueryStatsClientModuleProvider$1.configure(QueryStatsClientModuleProvider.java:48) (via modules: com.google.inject.util.Modules$CombinedModule -> com.google.inject.util.Modules$OverrideModule -> com.google.inject.util.Modules$OverrideModule -> com.google.inject.util.Modules$OverrideModule -> com.google.inject.util.Modules$CombinedModule -> com.google.inject.util.Modules$CombinedModule -> com.google.inject.util.Modules$CombinedModule -> com.facebook.presto.tests.querystats.QueryStatsClientModuleProvider$1)

2) An exception was caught and reported. Message: java.io.IOException: Too many open files
  at com.google.inject.util.Modules$OverrideModule.configure(Modules.java:177) (via modules: com.google.inject.util.Modules$CombinedModule -> com.google.inject.util.Modules$CombinedModule -> com.google.inject.util.Modules$CombinedModule -> com.facebook.presto.tests.querystats.QueryStatsClientModuleProvider$1)

2 errors
	at com.google.inject.internal.Errors.throwCreationExceptionIfErrorsExist(Errors.java:466)
	at com.google.inject.internal.InternalInjectorCreator.initializeStatically(InternalInjectorCreator.java:155)
	at com.google.inject.internal.InternalInjectorCreator.build(InternalInjectorCreator.java:107)
	at com.google.inject.Guice.createInjector(Guice.java:96)
	at com.google.inject.Guice.createInjector(Guice.java:73)
	at com.google.inject.Guice.createInjector(Guice.java:62)
	at com.teradata.tempto.internal.context.GuiceTestContext.buildInjector(GuiceTestContext.java:160)
	at com.teradata.tempto.internal.context.GuiceTestContext.<init>(GuiceTestContext.java:64)
	at com.teradata.tempto.internal.context.GuiceTestContext.createChildContext(GuiceTestContext.java:121)
	at com.teradata.tempto.internal.initialization.TestInitializationListener.onTestStart(TestInitializationListener.java:210)
	at org.testng.internal.Invoker.runTestListeners(Invoker.java:1708)
	at org.testng.internal.Invoker.runTestListeners(Invoker.java:1683)
	at org.testng.internal.Invoker.invokeMethod(Invoker.java:615)
	at org.testng.internal.Invoker.invokeTestMethod(Invoker.java:821)
	at org.testng.internal.Invoker.invokeTestMethods(Invoker.java:1131)
	at org.testng.internal.TestMethodWorker.invokeTestMethods(TestMethodWorker.java:124)
	at org.testng.internal.TestMethodWorker.run(TestMethodWorker.java:108)
	at org.testng.TestRunner.privateRun(TestRunner.java:773)
	at org.testng.TestRunner.run(TestRunner.java:623)
	at org.testng.SuiteRunner.runTest(SuiteRunner.java:357)
	at org.testng.SuiteRunner.runSequentially(SuiteRunner.java:352)
	at org.testng.SuiteRunner.privateRun(SuiteRunner.java:310)
	at org.testng.SuiteRunner.run(SuiteRunner.java:259)
	at org.testng.SuiteRunnerWorker.runSuite(SuiteRunnerWorker.java:52)
	at org.testng.SuiteRunnerWorker.run(SuiteRunnerWorker.java:86)
	at org.testng.TestNG.runSuitesSequentially(TestNG.java:1185)
	at org.testng.TestNG.runSuitesLocally(TestNG.java:1110)
	at org.testng.TestNG.run(TestNG.java:1018)
	at com.teradata.tempto.runner.TemptoRunner.run(TemptoRunner.java:82)
	at com.teradata.tempto.runner.TemptoRunner.runTempto(TemptoRunner.java:59)
	at com.teradata.tempto.runner.TemptoRunner.runTempto(TemptoRunner.java:47)
	at com.facebook.presto.tests.TemptoProductTestRunner.main(TemptoProductTestRunner.java:29)
Caused by: java.lang.RuntimeException: java.io.IOException: Too many open files
	at com.google.common.base.Throwables.propagate(Throwables.java:160)
	at io.airlift.http.client.jetty.JettyHttpClient.<init>(JettyHttpClient.java:213)
	at io.airlift.http.client.jetty.JettyHttpClient.<init>(JettyHttpClient.java:129)
	at io.airlift.http.client.jetty.JettyHttpClient.<init>(JettyHttpClient.java:119)
	at com.facebook.presto.tests.querystats.QueryStatsClientModuleProvider$1.configure(QueryStatsClientModuleProvider.java:48)
	at com.google.inject.PrivateModule.configure(PrivateModule.java:100)
	at com.google.inject.spi.Elements$RecordingBinder.install(Elements.java:340)
	at com.google.inject.util.Modules$CombinedModule.configure(Modules.java:128)
	at com.google.inject.spi.Elements$RecordingBinder.install(Elements.java:340)
	at com.google.inject.util.Modules$CombinedModule.configure(Modules.java:128)
	at com.google.inject.spi.Elements$RecordingBinder.install(Elements.java:340)
	at com.google.inject.util.Modules$CombinedModule.configure(Modules.java:128)
	at com.google.inject.spi.Elements$RecordingBinder.install(Elements.java:340)
	at com.google.inject.spi.Elements.getElements(Elements.java:110)
	at com.google.inject.util.Modules$OverrideModule.configure(Modules.java:177)
	at com.google.inject.AbstractModule.configure(AbstractModule.java:62)
	at com.google.inject.spi.Elements$RecordingBinder.install(Elements.java:340)
	at com.google.inject.spi.Elements.getElements(Elements.java:110)
	at com.google.inject.util.Modules$OverrideModule.configure(Modules.java:177)
	at com.google.inject.AbstractModule.configure(AbstractModule.java:62)
	at com.google.inject.spi.Elements$RecordingBinder.install(Elements.java:340)
	at com.google.inject.spi.Elements.getElements(Elements.java:110)
	at com.google.inject.util.Modules$OverrideModule.configure(Modules.java:177)
	at com.google.inject.AbstractModule.configure(AbstractModule.java:62)
	at com.google.inject.spi.Elements$RecordingBinder.install(Elements.java:340)
	at com.google.inject.util.Modules$CombinedModule.configure(Modules.java:128)
	at com.google.inject.spi.Elements$RecordingBinder.install(Elements.java:340)
	at com.google.inject.spi.Elements.getElements(Elements.java:110)
	at com.google.inject.internal.InjectorShell$Builder.build(InjectorShell.java:138)
	at com.google.inject.internal.InternalInjectorCreator.build(InternalInjectorCreator.java:104)
	... 29 more
Caused by: java.io.IOException: Too many open files
	at sun.nio.ch.IOUtil.makePipe(Native Method)
	at sun.nio.ch.EPollSelectorImpl.<init>(EPollSelectorImpl.java:65)
	at sun.nio.ch.EPollSelectorProvider.openSelector(EPollSelectorProvider.java:36)
	at java.nio.channels.Selector.open(Selector.java:227)
	at org.eclipse.jetty.io.SelectorManager$ManagedSelector.doStart(SelectorManager.java:424)
	at org.eclipse.jetty.util.component.AbstractLifeCycle.start(AbstractLifeCycle.java:68)
	at org.eclipse.jetty.io.SelectorManager.doStart(SelectorManager.java:257)
	at org.eclipse.jetty.util.component.AbstractLifeCycle.start(AbstractLifeCycle.java:68)
	at org.eclipse.jetty.util.component.ContainerLifeCycle.start(ContainerLifeCycle.java:132)
	at org.eclipse.jetty.util.component.ContainerLifeCycle.doStart(ContainerLifeCycle.java:114)
	at org.eclipse.jetty.client.AbstractHttpClientTransport.doStart(AbstractHttpClientTransport.java:67)
	at org.eclipse.jetty.util.component.AbstractLifeCycle.start(AbstractLifeCycle.java:68)
	at org.eclipse.jetty.util.component.ContainerLifeCycle.start(ContainerLifeCycle.java:132)
	at org.eclipse.jetty.util.component.ContainerLifeCycle.doStart(ContainerLifeCycle.java:114)
	at org.eclipse.jetty.client.HttpClient.doStart(HttpClient.java:224)
	at org.eclipse.jetty.util.component.AbstractLifeCycle.start(AbstractLifeCycle.java:68)
	at io.airlift.http.client.jetty.JettyHttpClient.<init>(JettyHttpClient.java:203)
	... 57 more
]]>
    </error>
  </testcase> <!-- testEqualOperatorExists -->
  <testcase name="testBetweenOperatorExists" time="0.327" classname="com.facebook.presto.tests.functions.operators.Comparison"/>
  <testcase name="testLessThanOperatorExists" time="0.063" classname="com.facebook.presto.tests.functions.operators.Comparison">
    <error type="com.google.inject.CreationException" message="Unable to create injector, see the following errors:

1) No implementation for io.airlift.http.client.HttpClient was bound.
  at com.facebook.presto.tests.querystats.QueryStatsClientModuleProvider$1.configure(QueryStatsClientModuleProvider.java:48) (via modules: com.google.inject.util.Modules$CombinedModule -&gt; com.google.inject.util.Modules$OverrideModule -&gt; com.google.inject.util.Modules$OverrideModule -&gt; com.google.inject.util.Modules$OverrideModule -&gt; com.google.inject.util.Modules$CombinedModule -&gt; com.google.inject.util.Modules$CombinedModule -&gt; com.google.inject.util.Modules$CombinedModule -&gt; com.facebook.presto.tests.querystats.QueryStatsClientModuleProvider$1)

2) An exception was caught and reported. Message: java.io.IOException: Too many open files
  at com.google.inject.util.Modules$OverrideModule.configure(Modules.java:177) (via modules: com.google.inject.util.Modules$CombinedModule -&gt; com.google.inject.util.Modules$CombinedModule -&gt; com.google.inject.util.Modules$CombinedModule -&gt; com.facebook.presto.tests.querystats.QueryStatsClientModuleProvider$1)

2 errors">
      <![CDATA[com.google.inject.CreationException: Unable to create injector, see the following errors:

1) No implementation for io.airlift.http.client.HttpClient was bound.
  at com.facebook.presto.tests.querystats.QueryStatsClientModuleProvider$1.configure(QueryStatsClientModuleProvider.java:48) (via modules: com.google.inject.util.Modules$CombinedModule -> com.google.inject.util.Modules$OverrideModule -> com.google.inject.util.Modules$OverrideModule -> com.google.inject.util.Modules$OverrideModule -> com.google.inject.util.Modules$CombinedModule -> com.google.inject.util.Modules$CombinedModule -> com.google.inject.util.Modules$CombinedModule -> com.facebook.presto.tests.querystats.QueryStatsClientModuleProvider$1)

2) An exception was caught and reported. Message: java.io.IOException: Too many open files
  at com.google.inject.util.Modules$OverrideModule.configure(Modules.java:177) (via modules: com.google.inject.util.Modules$CombinedModule -> com.google.inject.util.Modules$CombinedModule -> com.google.inject.util.Modules$CombinedModule -> com.facebook.presto.tests.querystats.QueryStatsClientModuleProvider$1)

2 errors
	at com.google.inject.internal.Errors.throwCreationExceptionIfErrorsExist(Errors.java:466)
	at com.google.inject.internal.InternalInjectorCreator.initializeStatically(InternalInjectorCreator.java:155)
	at com.google.inject.internal.InternalInjectorCreator.build(InternalInjectorCreator.java:107)
	at com.google.inject.Guice.createInjector(Guice.java:96)
	at com.google.inject.Guice.createInjector(Guice.java:73)
	at com.google.inject.Guice.createInjector(Guice.java:62)
	at com.teradata.tempto.internal.context.GuiceTestContext.buildInjector(GuiceTestContext.java:160)
	at com.teradata.tempto.internal.context.GuiceTestContext.<init>(GuiceTestContext.java:64)
	at com.teradata.tempto.internal.context.GuiceTestContext.createChildContext(GuiceTestContext.java:121)
	at com.teradata.tempto.internal.initialization.TestInitializationListener.onTestStart(TestInitializationListener.java:210)
	at org.testng.internal.Invoker.runTestListeners(Invoker.java:1708)
	at org.testng.internal.Invoker.runTestListeners(Invoker.java:1683)
	at org.testng.internal.Invoker.invokeMethod(Invoker.java:615)
	at org.testng.internal.Invoker.invokeTestMethod(Invoker.java:821)
	at org.testng.internal.Invoker.invokeTestMethods(Invoker.java:1131)
	at org.testng.internal.TestMethodWorker.invokeTestMethods(TestMethodWorker.java:124)
	at org.testng.internal.TestMethodWorker.run(TestMethodWorker.java:108)
	at org.testng.TestRunner.privateRun(TestRunner.java:773)
	at org.testng.TestRunner.run(TestRunner.java:623)
	at org.testng.SuiteRunner.runTest(SuiteRunner.java:357)
	at org.testng.SuiteRunner.runSequentially(SuiteRunner.java:352)
	at org.testng.SuiteRunner.privateRun(SuiteRunner.java:310)
	at org.testng.SuiteRunner.run(SuiteRunner.java:259)
	at org.testng.SuiteRunnerWorker.runSuite(SuiteRunnerWorker.java:52)
	at org.testng.SuiteRunnerWorker.run(SuiteRunnerWorker.java:86)
	at org.testng.TestNG.runSuitesSequentially(TestNG.java:1185)
	at org.testng.TestNG.runSuitesLocally(TestNG.java:1110)
	at org.testng.TestNG.run(TestNG.java:1018)
	at com.teradata.tempto.runner.TemptoRunner.run(TemptoRunner.java:82)
	at com.teradata.tempto.runner.TemptoRunner.runTempto(TemptoRunner.java:59)
	at com.teradata.tempto.runner.TemptoRunner.runTempto(TemptoRunner.java:47)
	at com.facebook.presto.tests.TemptoProductTestRunner.main(TemptoProductTestRunner.java:29)
Caused by: java.lang.RuntimeException: java.io.IOException: Too many open files
	at com.google.common.base.Throwables.propagate(Throwables.java:160)
	at io.airlift.http.client.jetty.JettyHttpClient.<init>(JettyHttpClient.java:213)
	at io.airlift.http.client.jetty.JettyHttpClient.<init>(JettyHttpClient.java:129)
	at io.airlift.http.client.jetty.JettyHttpClient.<init>(JettyHttpClient.java:119)
	at com.facebook.presto.tests.querystats.QueryStatsClientModuleProvider$1.configure(QueryStatsClientModuleProvider.java:48)
	at com.google.inject.PrivateModule.configure(PrivateModule.java:100)
	at com.google.inject.spi.Elements$RecordingBinder.install(Elements.java:340)
	at com.google.inject.util.Modules$CombinedModule.configure(Modules.java:128)
	at com.google.inject.spi.Elements$RecordingBinder.install(Elements.java:340)
	at com.google.inject.util.Modules$CombinedModule.configure(Modules.java:128)
	at com.google.inject.spi.Elements$RecordingBinder.install(Elements.java:340)
	at com.google.inject.util.Modules$CombinedModule.configure(Modules.java:128)
	at com.google.inject.spi.Elements$RecordingBinder.install(Elements.java:340)
	at com.google.inject.spi.Elements.getElements(Elements.java:110)
	at com.google.inject.util.Modules$OverrideModule.configure(Modules.java:177)
	at com.google.inject.AbstractModule.configure(AbstractModule.java:62)
	at com.google.inject.spi.Elements$RecordingBinder.install(Elements.java:340)
	at com.google.inject.spi.Elements.getElements(Elements.java:110)
	at com.google.inject.util.Modules$OverrideModule.configure(Modules.java:177)
	at com.google.inject.AbstractModule.configure(AbstractModule.java:62)
	at com.google.inject.spi.Elements$RecordingBinder.install(Elements.java:340)
	at com.google.inject.spi.Elements.getElements(Elements.java:110)
	at com.google.inject.util.Modules$OverrideModule.configure(Modules.java:177)
	at com.google.inject.AbstractModule.configure(AbstractModule.java:62)
	at com.google.inject.spi.Elements$RecordingBinder.install(Elements.java:340)
	at com.google.inject.util.Modules$CombinedModule.configure(Modules.java:128)
	at com.google.inject.spi.Elements$RecordingBinder.install(Elements.java:340)
	at com.google.inject.spi.Elements.getElements(Elements.java:110)
	at com.google.inject.internal.InjectorShell$Builder.build(InjectorShell.java:138)
	at com.google.inject.internal.InternalInjectorCreator.build(InternalInjectorCreator.java:104)
	... 29 more
Caused by: java.io.IOException: Too many open files
	at sun.nio.ch.IOUtil.makePipe(Native Method)
	at sun.nio.ch.EPollSelectorImpl.<init>(EPollSelectorImpl.java:65)
	at sun.nio.ch.EPollSelectorProvider.openSelector(EPollSelectorProvider.java:36)
	at java.nio.channels.Selector.open(Selector.java:227)
	at org.eclipse.jetty.io.SelectorManager$ManagedSelector.doStart(SelectorManager.java:424)
	at org.eclipse.jetty.util.component.AbstractLifeCycle.start(AbstractLifeCycle.java:68)
	at org.eclipse.jetty.io.SelectorManager.doStart(SelectorManager.java:257)
	at org.eclipse.jetty.util.component.AbstractLifeCycle.start(AbstractLifeCycle.java:68)
	at org.eclipse.jetty.util.component.ContainerLifeCycle.start(ContainerLifeCycle.java:132)
	at org.eclipse.jetty.util.component.ContainerLifeCycle.doStart(ContainerLifeCycle.java:114)
	at org.eclipse.jetty.client.AbstractHttpClientTransport.doStart(AbstractHttpClientTransport.java:67)
	at org.eclipse.jetty.util.component.AbstractLifeCycle.start(AbstractLifeCycle.java:68)
	at org.eclipse.jetty.util.component.ContainerLifeCycle.start(ContainerLifeCycle.java:132)
	at org.eclipse.jetty.util.component.ContainerLifeCycle.doStart(ContainerLifeCycle.java:114)
	at org.eclipse.jetty.client.HttpClient.doStart(HttpClient.java:224)
	at org.eclipse.jetty.util.component.AbstractLifeCycle.start(AbstractLifeCycle.java:68)
	at io.airlift.http.client.jetty.JettyHttpClient.<init>(JettyHttpClient.java:203)
	... 57 more
]]>
    </error>
  </testcase> <!-- testLessThanOperatorExists -->
  <testcase name="testLessThanOperatorExists" time="0.044" classname="com.facebook.presto.tests.functions.operators.Comparison">
    <error type="com.google.inject.CreationException" message="Unable to create injector, see the following errors:

1) No implementation for io.airlift.http.client.HttpClient was bound.
  at com.facebook.presto.tests.querystats.QueryStatsClientModuleProvider$1.configure(QueryStatsClientModuleProvider.java:48) (via modules: com.google.inject.util.Modules$CombinedModule -&gt; com.google.inject.util.Modules$OverrideModule -&gt; com.google.inject.util.Modules$OverrideModule -&gt; com.google.inject.util.Modules$OverrideModule -&gt; com.google.inject.util.Modules$CombinedModule -&gt; com.google.inject.util.Modules$CombinedModule -&gt; com.google.inject.util.Modules$CombinedModule -&gt; com.facebook.presto.tests.querystats.QueryStatsClientModuleProvider$1)

2) An exception was caught and reported. Message: java.io.IOException: Too many open files
  at com.google.inject.util.Modules$OverrideModule.configure(Modules.java:177) (via modules: com.google.inject.util.Modules$CombinedModule -&gt; com.google.inject.util.Modules$CombinedModule -&gt; com.google.inject.util.Modules$CombinedModule -&gt; com.facebook.presto.tests.querystats.QueryStatsClientModuleProvider$1)

2 errors">
      <![CDATA[com.google.inject.CreationException: Unable to create injector, see the following errors:

1) No implementation for io.airlift.http.client.HttpClient was bound.
  at com.facebook.presto.tests.querystats.QueryStatsClientModuleProvider$1.configure(QueryStatsClientModuleProvider.java:48) (via modules: com.google.inject.util.Modules$CombinedModule -> com.google.inject.util.Modules$OverrideModule -> com.google.inject.util.Modules$OverrideModule -> com.google.inject.util.Modules$OverrideModule -> com.google.inject.util.Modules$CombinedModule -> com.google.inject.util.Modules$CombinedModule -> com.google.inject.util.Modules$CombinedModule -> com.facebook.presto.tests.querystats.QueryStatsClientModuleProvider$1)

2) An exception was caught and reported. Message: java.io.IOException: Too many open files
  at com.google.inject.util.Modules$OverrideModule.configure(Modules.java:177) (via modules: com.google.inject.util.Modules$CombinedModule -> com.google.inject.util.Modules$CombinedModule -> com.google.inject.util.Modules$CombinedModule -> com.facebook.presto.tests.querystats.QueryStatsClientModuleProvider$1)

2 errors
	at com.google.inject.internal.Errors.throwCreationExceptionIfErrorsExist(Errors.java:466)
	at com.google.inject.internal.InternalInjectorCreator.initializeStatically(InternalInjectorCreator.java:155)
	at com.google.inject.internal.InternalInjectorCreator.build(InternalInjectorCreator.java:107)
	at com.google.inject.Guice.createInjector(Guice.java:96)
	at com.google.inject.Guice.createInjector(Guice.java:73)
	at com.google.inject.Guice.createInjector(Guice.java:62)
	at com.teradata.tempto.internal.context.GuiceTestContext.buildInjector(GuiceTestContext.java:160)
	at com.teradata.tempto.internal.context.GuiceTestContext.<init>(GuiceTestContext.java:64)
	at com.teradata.tempto.internal.context.GuiceTestContext.createChildContext(GuiceTestContext.java:121)
	at com.teradata.tempto.internal.initialization.TestInitializationListener.onTestStart(TestInitializationListener.java:210)
	at org.testng.internal.Invoker.runTestListeners(Invoker.java:1708)
	at org.testng.internal.Invoker.runTestListeners(Invoker.java:1683)
	at org.testng.internal.Invoker.invokeMethod(Invoker.java:615)
	at org.testng.internal.Invoker.invokeTestMethod(Invoker.java:821)
	at org.testng.internal.Invoker.invokeTestMethods(Invoker.java:1131)
	at org.testng.internal.TestMethodWorker.invokeTestMethods(TestMethodWorker.java:124)
	at org.testng.internal.TestMethodWorker.run(TestMethodWorker.java:108)
	at org.testng.TestRunner.privateRun(TestRunner.java:773)
	at org.testng.TestRunner.run(TestRunner.java:623)
	at org.testng.SuiteRunner.runTest(SuiteRunner.java:357)
	at org.testng.SuiteRunner.runSequentially(SuiteRunner.java:352)
	at org.testng.SuiteRunner.privateRun(SuiteRunner.java:310)
	at org.testng.SuiteRunner.run(SuiteRunner.java:259)
	at org.testng.SuiteRunnerWorker.runSuite(SuiteRunnerWorker.java:52)
	at org.testng.SuiteRunnerWorker.run(SuiteRunnerWorker.java:86)
	at org.testng.TestNG.runSuitesSequentially(TestNG.java:1185)
	at org.testng.TestNG.runSuitesLocally(TestNG.java:1110)
	at org.testng.TestNG.run(TestNG.java:1018)
	at com.teradata.tempto.runner.TemptoRunner.run(TemptoRunner.java:82)
	at com.teradata.tempto.runner.TemptoRunner.runTempto(TemptoRunner.java:59)
	at com.teradata.tempto.runner.TemptoRunner.runTempto(TemptoRunner.java:47)
	at com.facebook.presto.tests.TemptoProductTestRunner.main(TemptoProductTestRunner.java:29)
Caused by: java.lang.RuntimeException: java.io.IOException: Too many open files
	at com.google.common.base.Throwables.propagate(Throwables.java:160)
	at io.airlift.http.client.jetty.JettyHttpClient.<init>(JettyHttpClient.java:213)
	at io.airlift.http.client.jetty.JettyHttpClient.<init>(JettyHttpClient.java:129)
	at io.airlift.http.client.jetty.JettyHttpClient.<init>(JettyHttpClient.java:119)
	at com.facebook.presto.tests.querystats.QueryStatsClientModuleProvider$1.configure(QueryStatsClientModuleProvider.java:48)
	at com.google.inject.PrivateModule.configure(PrivateModule.java:100)
	at com.google.inject.spi.Elements$RecordingBinder.install(Elements.java:340)
	at com.google.inject.util.Modules$CombinedModule.configure(Modules.java:128)
	at com.google.inject.spi.Elements$RecordingBinder.install(Elements.java:340)
	at com.google.inject.util.Modules$CombinedModule.configure(Modules.java:128)
	at com.google.inject.spi.Elements$RecordingBinder.install(Elements.java:340)
	at com.google.inject.util.Modules$CombinedModule.configure(Modules.java:128)
	at com.google.inject.spi.Elements$RecordingBinder.install(Elements.java:340)
	at com.google.inject.spi.Elements.getElements(Elements.java:110)
	at com.google.inject.util.Modules$OverrideModule.configure(Modules.java:177)
	at com.google.inject.AbstractModule.configure(AbstractModule.java:62)
	at com.google.inject.spi.Elements$RecordingBinder.install(Elements.java:340)
	at com.google.inject.spi.Elements.getElements(Elements.java:110)
	at com.google.inject.util.Modules$OverrideModule.configure(Modules.java:177)
	at com.google.inject.AbstractModule.configure(AbstractModule.java:62)
	at com.google.inject.spi.Elements$RecordingBinder.install(Elements.java:340)
	at com.google.inject.spi.Elements.getElements(Elements.java:110)
	at com.google.inject.util.Modules$OverrideModule.configure(Modules.java:177)
	at com.google.inject.AbstractModule.configure(AbstractModule.java:62)
	at com.google.inject.spi.Elements$RecordingBinder.install(Elements.java:340)
	at com.google.inject.util.Modules$CombinedModule.configure(Modules.java:128)
	at com.google.inject.spi.Elements$RecordingBinder.install(Elements.java:340)
	at com.google.inject.spi.Elements.getElements(Elements.java:110)
	at com.google.inject.internal.InjectorShell$Builder.build(InjectorShell.java:138)
	at com.google.inject.internal.InternalInjectorCreator.build(InternalInjectorCreator.java:104)
	... 29 more
Caused by: java.io.IOException: Too many open files
	at sun.nio.ch.IOUtil.makePipe(Native Method)
	at sun.nio.ch.EPollSelectorImpl.<init>(EPollSelectorImpl.java:65)
	at sun.nio.ch.EPollSelectorProvider.openSelector(EPollSelectorProvider.java:36)
	at java.nio.channels.Selector.open(Selector.java:227)
	at org.eclipse.jetty.io.SelectorManager$ManagedSelector.doStart(SelectorManager.java:424)
	at org.eclipse.jetty.util.component.AbstractLifeCycle.start(AbstractLifeCycle.java:68)
	at org.eclipse.jetty.io.SelectorManager.doStart(SelectorManager.java:257)
	at org.eclipse.jetty.util.component.AbstractLifeCycle.start(AbstractLifeCycle.java:68)
	at org.eclipse.jetty.util.component.ContainerLifeCycle.start(ContainerLifeCycle.java:132)
	at org.eclipse.jetty.util.component.ContainerLifeCycle.doStart(ContainerLifeCycle.java:114)
	at org.eclipse.jetty.client.AbstractHttpClientTransport.doStart(AbstractHttpClientTransport.java:67)
	at org.eclipse.jetty.util.component.AbstractLifeCycle.start(AbstractLifeCycle.java:68)
	at org.eclipse.jetty.util.component.ContainerLifeCycle.start(ContainerLifeCycle.java:132)
	at org.eclipse.jetty.util.component.ContainerLifeCycle.doStart(ContainerLifeCycle.java:114)
	at org.eclipse.jetty.client.HttpClient.doStart(HttpClient.java:224)
	at org.eclipse.jetty.util.component.AbstractLifeCycle.start(AbstractLifeCycle.java:68)
	at io.airlift.http.client.jetty.JettyHttpClient.<init>(JettyHttpClient.java:203)
	... 57 more
]]>
    </error>
  </testcase> <!-- testLessThanOperatorExists -->
  <testcase name="testLessThanOperatorExists" time="0.062" classname="com.facebook.presto.tests.functions.operators.Comparison">
    <error type="com.google.inject.CreationException" message="Unable to create injector, see the following errors:

1) No implementation for io.airlift.http.client.HttpClient was bound.
  at com.facebook.presto.tests.querystats.QueryStatsClientModuleProvider$1.configure(QueryStatsClientModuleProvider.java:48) (via modules: com.google.inject.util.Modules$CombinedModule -&gt; com.google.inject.util.Modules$OverrideModule -&gt; com.google.inject.util.Modules$OverrideModule -&gt; com.google.inject.util.Modules$OverrideModule -&gt; com.google.inject.util.Modules$CombinedModule -&gt; com.google.inject.util.Modules$CombinedModule -&gt; com.google.inject.util.Modules$CombinedModule -&gt; com.facebook.presto.tests.querystats.QueryStatsClientModuleProvider$1)

2) An exception was caught and reported. Message: java.io.IOException: Too many open files
  at com.google.inject.util.Modules$OverrideModule.configure(Modules.java:177) (via modules: com.google.inject.util.Modules$CombinedModule -&gt; com.google.inject.util.Modules$CombinedModule -&gt; com.google.inject.util.Modules$CombinedModule -&gt; com.facebook.presto.tests.querystats.QueryStatsClientModuleProvider$1)

2 errors">
      <![CDATA[com.google.inject.CreationException: Unable to create injector, see the following errors:

1) No implementation for io.airlift.http.client.HttpClient was bound.
  at com.facebook.presto.tests.querystats.QueryStatsClientModuleProvider$1.configure(QueryStatsClientModuleProvider.java:48) (via modules: com.google.inject.util.Modules$CombinedModule -> com.google.inject.util.Modules$OverrideModule -> com.google.inject.util.Modules$OverrideModule -> com.google.inject.util.Modules$OverrideModule -> com.google.inject.util.Modules$CombinedModule -> com.google.inject.util.Modules$CombinedModule -> com.google.inject.util.Modules$CombinedModule -> com.facebook.presto.tests.querystats.QueryStatsClientModuleProvider$1)

2) An exception was caught and reported. Message: java.io.IOException: Too many open files
  at com.google.inject.util.Modules$OverrideModule.configure(Modules.java:177) (via modules: com.google.inject.util.Modules$CombinedModule -> com.google.inject.util.Modules$CombinedModule -> com.google.inject.util.Modules$CombinedModule -> com.facebook.presto.tests.querystats.QueryStatsClientModuleProvider$1)

2 errors
	at com.google.inject.internal.Errors.throwCreationExceptionIfErrorsExist(Errors.java:466)
	at com.google.inject.internal.InternalInjectorCreator.initializeStatically(InternalInjectorCreator.java:155)
	at com.google.inject.internal.InternalInjectorCreator.build(InternalInjectorCreator.java:107)
	at com.google.inject.Guice.createInjector(Guice.java:96)
	at com.google.inject.Guice.createInjector(Guice.java:73)
	at com.google.inject.Guice.createInjector(Guice.java:62)
	at com.teradata.tempto.internal.context.GuiceTestContext.buildInjector(GuiceTestContext.java:160)
	at com.teradata.tempto.internal.context.GuiceTestContext.<init>(GuiceTestContext.java:64)
	at com.teradata.tempto.internal.context.GuiceTestContext.createChildContext(GuiceTestContext.java:121)
	at com.teradata.tempto.internal.initialization.TestInitializationListener.onTestStart(TestInitializationListener.java:210)
	at org.testng.internal.Invoker.runTestListeners(Invoker.java:1708)
	at org.testng.internal.Invoker.runTestListeners(Invoker.java:1683)
	at org.testng.internal.Invoker.invokeMethod(Invoker.java:615)
	at org.testng.internal.Invoker.invokeTestMethod(Invoker.java:821)
	at org.testng.internal.Invoker.invokeTestMethods(Invoker.java:1131)
	at org.testng.internal.TestMethodWorker.invokeTestMethods(TestMethodWorker.java:124)
	at org.testng.internal.TestMethodWorker.run(TestMethodWorker.java:108)
	at org.testng.TestRunner.privateRun(TestRunner.java:773)
	at org.testng.TestRunner.run(TestRunner.java:623)
	at org.testng.SuiteRunner.runTest(SuiteRunner.java:357)
	at org.testng.SuiteRunner.runSequentially(SuiteRunner.java:352)
	at org.testng.SuiteRunner.privateRun(SuiteRunner.java:310)
	at org.testng.SuiteRunner.run(SuiteRunner.java:259)
	at org.testng.SuiteRunnerWorker.runSuite(SuiteRunnerWorker.java:52)
	at org.testng.SuiteRunnerWorker.run(SuiteRunnerWorker.java:86)
	at org.testng.TestNG.runSuitesSequentially(TestNG.java:1185)
	at org.testng.TestNG.runSuitesLocally(TestNG.java:1110)
	at org.testng.TestNG.run(TestNG.java:1018)
	at com.teradata.tempto.runner.TemptoRunner.run(TemptoRunner.java:82)
	at com.teradata.tempto.runner.TemptoRunner.runTempto(TemptoRunner.java:59)
	at com.teradata.tempto.runner.TemptoRunner.runTempto(TemptoRunner.java:47)
	at com.facebook.presto.tests.TemptoProductTestRunner.main(TemptoProductTestRunner.java:29)
Caused by: java.lang.RuntimeException: java.io.IOException: Too many open files
	at com.google.common.base.Throwables.propagate(Throwables.java:160)
	at io.airlift.http.client.jetty.JettyHttpClient.<init>(JettyHttpClient.java:213)
	at io.airlift.http.client.jetty.JettyHttpClient.<init>(JettyHttpClient.java:129)
	at io.airlift.http.client.jetty.JettyHttpClient.<init>(JettyHttpClient.java:119)
	at com.facebook.presto.tests.querystats.QueryStatsClientModuleProvider$1.configure(QueryStatsClientModuleProvider.java:48)
	at com.google.inject.PrivateModule.configure(PrivateModule.java:100)
	at com.google.inject.spi.Elements$RecordingBinder.install(Elements.java:340)
	at com.google.inject.util.Modules$CombinedModule.configure(Modules.java:128)
	at com.google.inject.spi.Elements$RecordingBinder.install(Elements.java:340)
	at com.google.inject.util.Modules$CombinedModule.configure(Modules.java:128)
	at com.google.inject.spi.Elements$RecordingBinder.install(Elements.java:340)
	at com.google.inject.util.Modules$CombinedModule.configure(Modules.java:128)
	at com.google.inject.spi.Elements$RecordingBinder.install(Elements.java:340)
	at com.google.inject.spi.Elements.getElements(Elements.java:110)
	at com.google.inject.util.Modules$OverrideModule.configure(Modules.java:177)
	at com.google.inject.AbstractModule.configure(AbstractModule.java:62)
	at com.google.inject.spi.Elements$RecordingBinder.install(Elements.java:340)
	at com.google.inject.spi.Elements.getElements(Elements.java:110)
	at com.google.inject.util.Modules$OverrideModule.configure(Modules.java:177)
	at com.google.inject.AbstractModule.configure(AbstractModule.java:62)
	at com.google.inject.spi.Elements$RecordingBinder.install(Elements.java:340)
	at com.google.inject.spi.Elements.getElements(Elements.java:110)
	at com.google.inject.util.Modules$OverrideModule.configure(Modules.java:177)
	at com.google.inject.AbstractModule.configure(AbstractModule.java:62)
	at com.google.inject.spi.Elements$RecordingBinder.install(Elements.java:340)
	at com.google.inject.util.Modules$CombinedModule.configure(Modules.java:128)
	at com.google.inject.spi.Elements$RecordingBinder.install(Elements.java:340)
	at com.google.inject.spi.Elements.getElements(Elements.java:110)
	at com.google.inject.internal.InjectorShell$Builder.build(InjectorShell.java:138)
	at com.google.inject.internal.InternalInjectorCreator.build(InternalInjectorCreator.java:104)
	... 29 more
Caused by: java.io.IOException: Too many open files
	at sun.nio.ch.IOUtil.makePipe(Native Method)
	at sun.nio.ch.EPollSelectorImpl.<init>(EPollSelectorImpl.java:65)
	at sun.nio.ch.EPollSelectorProvider.openSelector(EPollSelectorProvider.java:36)
	at java.nio.channels.Selector.open(Selector.java:227)
	at org.eclipse.jetty.io.SelectorManager$ManagedSelector.doStart(SelectorManager.java:424)
	at org.eclipse.jetty.util.component.AbstractLifeCycle.start(AbstractLifeCycle.java:68)
	at org.eclipse.jetty.io.SelectorManager.doStart(SelectorManager.java:257)
	at org.eclipse.jetty.util.component.AbstractLifeCycle.start(AbstractLifeCycle.java:68)
	at org.eclipse.jetty.util.component.ContainerLifeCycle.start(ContainerLifeCycle.java:132)
	at org.eclipse.jetty.util.component.ContainerLifeCycle.doStart(ContainerLifeCycle.java:114)
	at org.eclipse.jetty.client.AbstractHttpClientTransport.doStart(AbstractHttpClientTransport.java:67)
	at org.eclipse.jetty.util.component.AbstractLifeCycle.start(AbstractLifeCycle.java:68)
	at org.eclipse.jetty.util.component.ContainerLifeCycle.start(ContainerLifeCycle.java:132)
	at org.eclipse.jetty.util.component.ContainerLifeCycle.doStart(ContainerLifeCycle.java:114)
	at org.eclipse.jetty.client.HttpClient.doStart(HttpClient.java:224)
	at org.eclipse.jetty.util.component.AbstractLifeCycle.start(AbstractLifeCycle.java:68)
	at io.airlift.http.client.jetty.JettyHttpClient.<init>(JettyHttpClient.java:203)
	... 57 more
]]>
    </error>
  </testcase> <!-- testLessThanOperatorExists -->
  <testcase name="testLessThanOperatorExists" time="0.057" classname="com.facebook.presto.tests.functions.operators.Comparison">
    <error type="com.google.inject.CreationException" message="Unable to create injector, see the following errors:

1) No implementation for io.airlift.http.client.HttpClient was bound.
[...]
	at com.google.inject.spi.Elements$RecordingBinder.install(Elements.java:340)
	at com.google.inject.spi.Elements.getElements(Elements.java:110)
	at com.google.inject.util.Modules$OverrideModule.configure(Modules.java:177)
	at com.google.inject.AbstractModule.configure(AbstractModule.java:62)
	at com.google.inject.spi.Elements$RecordingBinder.install(Elements.java:340)
	at com.google.inject.util.Modules$CombinedModule.configure(Modules.java:128)
	at com.google.inject.spi.Elements$RecordingBinder.install(Elements.java:340)
	at com.google.inject.spi.Elements.getElements(Elements.java:110)
	at com.google.inject.internal.InjectorShell$Builder.build(InjectorShell.java:138)
	at com.google.inject.internal.InternalInjectorCreator.build(InternalInjectorCreator.java:104)
	... 29 more
Caused by: java.io.IOException: Too many open files
	at sun.nio.ch.IOUtil.makePipe(Native Method)
	at sun.nio.ch.EPollSelectorImpl.<init>(EPollSelectorImpl.java:65)
	at sun.nio.ch.EPollSelectorProvider.openSelector(EPollSelectorProvider.java:36)
	at java.nio.channels.Selector.open(Selector.java:227)
	at org.eclipse.jetty.io.SelectorManager$ManagedSelector.doStart(SelectorManager.java:424)
	at org.eclipse.jetty.util.component.AbstractLifeCycle.start(AbstractLifeCycle.java:68)
	at org.eclipse.jetty.io.SelectorManager.doStart(SelectorManager.java:257)
	at org.eclipse.jetty.util.component.AbstractLifeCycle.start(AbstractLifeCycle.java:68)
	at org.eclipse.jetty.util.component.ContainerLifeCycle.start(ContainerLifeCycle.java:132)
	at org.eclipse.jetty.util.component.ContainerLifeCycle.doStart(ContainerLifeCycle.java:114)
	at org.eclipse.jetty.client.AbstractHttpClientTransport.doStart(AbstractHttpClientTransport.java:67)
	at org.eclipse.jetty.util.component.AbstractLifeCycle.start(AbstractLifeCycle.java:68)
	at org.eclipse.jetty.util.component.ContainerLifeCycle.start(ContainerLifeCycle.java:132)
	at org.eclipse.jetty.util.component.ContainerLifeCycle.doStart(ContainerLifeCycle.java:114)
	at org.eclipse.jetty.client.HttpClient.doStart(HttpClient.java:224)
	at org.eclipse.jetty.util.component.AbstractLifeCycle.start(AbstractLifeCycle.java:68)
	at io.airlift.http.client.jetty.JettyHttpClient.<init>(JettyHttpClient.java:203)
	... 57 more
]]>
    </error>
  </testcase> <!-- testLessThanOperatorExists -->
  <testcase name="testEqualOperatorExists" time="0.027" classname="com.facebook.presto.tests.functions.operators.Comparison">
    <error type="com.google.inject.CreationException" message="Unable to create injector, see the following errors:

1) No implementation for io.airlift.http.client.HttpClient was bound.
  at com.facebook.presto.tests.querystats.QueryStatsClientModuleProvider$1.configure(QueryStatsClientModuleProvider.java:48) (via modules: com.google.inject.util.Modules$CombinedModule -&gt; com.google.inject.util.Modules$OverrideModule -&gt; com.google.inject.util.Modules$OverrideModule -&gt; com.google.inject.util.Modules$OverrideModule -&gt; com.google.inject.util.Modules$CombinedModule -&gt; com.google.inject.util.Modules$CombinedModule -&gt; com.google.inject.util.Modules$CombinedModule -&gt; com.facebook.presto.tests.querystats.QueryStatsClientModuleProvider$1)

2) An exception was caught and reported. Message: java.io.IOException: Too many open files
  at com.google.inject.util.Modules$OverrideModule.configure(Modules.java:177) (via modules: com.google.inject.util.Modules$CombinedModule -&gt; com.google.inject.util.Modules$CombinedModule -&gt; com.google.inject.util.Modules$CombinedModule -&gt; com.facebook.presto.tests.querystats.QueryStatsClientModuleProvider$1)

2 errors">
      <![CDATA[com.google.inject.CreationException: Unable to create injector, see the following errors:

1) No implementation for io.airlift.http.client.HttpClient was bound.
  at com.facebook.presto.tests.querystats.QueryStatsClientModuleProvider$1.configure(QueryStatsClientModuleProvider.java:48) (via modules: com.google.inject.util.Modules$CombinedModule -> com.google.inject.util.Modules$OverrideModule -> com.google.inject.util.Modules$OverrideModule -> com.google.inject.util.Modules$OverrideModule -> com.google.inject.util.Modules$CombinedModule -> com.google.inject.util.Modules$CombinedModule -> com.google.inject.util.Modules$CombinedModule -> com.facebook.presto.tests.querystats.QueryStatsClientModuleProvider$1)

2) An exception was caught and reported. Message: java.io.IOException: Too many open files
  at com.google.inject.util.Modules$OverrideModule.configure(Modules.java:177) (via modules: com.google.inject.util.Modules$CombinedModule -> com.google.inject.util.Modules$CombinedModule -> com.google.inject.util.Modules$CombinedModule -> com.facebook.presto.tests.querystats.QueryStatsClientModuleProvider$1)

2 errors
	at com.google.inject.internal.Errors.throwCreationExceptionIfErrorsExist(Errors.java:466)
	at com.google.inject.internal.InternalInjectorCreator.initializeStatically(InternalInjectorCreator.java:155)
	at com.google.inject.internal.InternalInjectorCreator.build(InternalInjectorCreator.java:107)
	at com.google.inject.Guice.createInjector(Guice.java:96)
	at com.google.inject.Guice.createInjector(Guice.java:73)
	at com.google.inject.Guice.createInjector(Guice.java:62)
	at com.teradata.tempto.internal.context.GuiceTestContext.buildInjector(GuiceTestContext.java:160)
	at com.teradata.tempto.internal.context.GuiceTestContext.<init>(GuiceTestContext.java:64)
	at com.teradata.tempto.internal.context.GuiceTestContext.createChildContext(GuiceTestContext.java:121)
	at com.teradata.tempto.internal.initialization.TestInitializationListener.onTestStart(TestInitializationListener.java:210)
	at org.testng.internal.Invoker.runTestListeners(Invoker.java:1708)
	at org.testng.internal.Invoker.runTestListeners(Invoker.java:1683)
	at org.testng.internal.Invoker.invokeMethod(Invoker.java:615)
	at org.testng.internal.Invoker.invokeTestMethod(Invoker.java:821)
	at org.testng.internal.Invoker.invokeTestMethods(Invoker.java:1131)
	at org.testng.internal.TestMethodWorker.invokeTestMethods(TestMethodWorker.java:124)
	at org.testng.internal.TestMethodWorker.run(TestMethodWorker.java:108)
	at org.testng.TestRunner.privateRun(TestRunner.java:773)
	at org.testng.TestRunner.run(TestRunner.java:623)
	at org.testng.SuiteRunner.runTest(SuiteRunner.java:357)
	at org.testng.SuiteRunner.runSequentially(SuiteRunner.java:352)
	at org.testng.SuiteRunner.privateRun(SuiteRunner.java:310)
	at org.testng.SuiteRunner.run(SuiteRunner.java:259)
	at org.testng.SuiteRunnerWorker.runSuite(SuiteRunnerWorker.java:52)
	at org.testng.SuiteRunnerWorker.run(SuiteRunnerWorker.java:86)
	at org.testng.TestNG.runSuitesSequentially(TestNG.java:1185)
	at org.testng.TestNG.runSuitesLocally(TestNG.java:1110)
	at org.testng.TestNG.run(TestNG.java:1018)
	at com.teradata.tempto.runner.TemptoRunner.run(TemptoRunner.java:82)
	at com.teradata.tempto.runner.TemptoRunner.runTempto(TemptoRunner.java:59)
	at com.teradata.tempto.runner.TemptoRunner.runTempto(TemptoRunner.java:47)
	at com.facebook.presto.tests.TemptoProductTestRunner.main(TemptoProductTestRunner.java:29)
Caused by: java.lang.RuntimeException: java.io.IOException: Too many open files
	at com.google.common.base.Throwables.propagate(Throwables.java:160)
	at io.airlift.http.client.jetty.JettyHttpClient.<init>(JettyHttpClient.java:213)
	at io.airlift.http.client.jetty.JettyHttpClient.<init>(JettyHttpClient.java:129)
	at io.airlift.http.client.jetty.JettyHttpClient.<init>(JettyHttpClient.java:119)
	at com.facebook.presto.tests.querystats.QueryStatsClientModuleProvider$1.configure(QueryStatsClientModuleProvider.java:48)
	at com.google.inject.PrivateModule.configure(PrivateModule.java:100)
	at com.google.inject.spi.Elements$RecordingBinder.install(Elements.java:340)
	at com.google.inject.util.Modules$CombinedModule.configure(Modules.java:128)
	at com.google.inject.spi.Elements$RecordingBinder.install(Elements.java:340)
	at com.google.inject.util.Modules$CombinedModule.configure(Modules.java:128)
	at com.google.inject.spi.Elements$RecordingBinder.install(Elements.java:340)
	at com.google.inject.util.Modules$CombinedModule.configure(Modules.java:128)
	at com.google.inject.spi.Elements$RecordingBinder.install(Elements.java:340)
	at com.google.inject.spi.Elements.getElements(Elements.java:110)
	at com.google.inject.util.Modules$OverrideModule.configure(Modules.java:177)
	at com.google.inject.AbstractModule.configure(AbstractModule.java:62)
	at com.google.inject.spi.Elements$RecordingBinder.install(Elements.java:340)
	at com.google.inject.spi.Elements.getElements(Elements.java:110)
	at com.google.inject.util.Modules$OverrideModule.configure(Modules.java:177)
	at com.google.inject.AbstractModule.configure(AbstractModule.java:62)
	at com.google.inject.spi.Elements$RecordingBinder.install(Elements.java:340)
	at com.google.inject.spi.Elements.getElements(Elements.java:110)
	at com.google.inject.util.Modules$OverrideModule.configure(Modules.java:177)
	at com.google.inject.AbstractModule.configure(AbstractModule.java:62)
	at com.google.inject.spi.Elements$RecordingBinder.install(Elements.java:340)
	at com.google.inject.util.Modules$CombinedModule.configure(Modules.java:128)
	at com.google.inject.spi.Elements$RecordingBinder.install(Elements.java:340)
	at com.google.inject.spi.Elements.getElements(Elements.java:110)
	at com.google.inject.internal.InjectorShell$Builder.build(InjectorShell.java:138)
	at com.google.inject.internal.InternalInjectorCreator.build(InternalInjectorCreator.java:104)
	... 29 more
Caused by: java.io.IOException: Too many open files
	at sun.nio.ch.EPollArrayWrapper.epollCreate(Native Method)
	at sun.nio.ch.EPollArrayWrapper.<init>(EPollArrayWrapper.java:130)
	at sun.nio.ch.EPollSelectorImpl.<init>(EPollSelectorImpl.java:68)
	at sun.nio.ch.EPollSelectorProvider.openSelector(EPollSelectorProvider.java:36)
	at java.nio.channels.Selector.open(Selector.java:227)
	at org.eclipse.jetty.io.SelectorManager$ManagedSelector.doStart(SelectorManager.java:424)
	at org.eclipse.jetty.util.component.AbstractLifeCycle.start(AbstractLifeCycle.java:68)
	at org.eclipse.jetty.io.SelectorManager.doStart(SelectorManager.java:257)
	at org.eclipse.jetty.util.component.AbstractLifeCycle.start(AbstractLifeCycle.java:68)
	at org.eclipse.jetty.util.component.ContainerLifeCycle.start(ContainerLifeCycle.java:132)
	at org.eclipse.jetty.util.component.ContainerLifeCycle.doStart(ContainerLifeCycle.java:114)
	at org.eclipse.jetty.client.AbstractHttpClientTransport.doStart(AbstractHttpClientTransport.java:67)
	at org.eclipse.jetty.util.component.AbstractLifeCycle.start(AbstractLifeCycle.java:68)
	at org.eclipse.jetty.util.component.ContainerLifeCycle.start(ContainerLifeCycle.java:132)
	at org.eclipse.jetty.util.component.ContainerLifeCycle.doStart(ContainerLifeCycle.java:114)
	at org.eclipse.jetty.client.HttpClient.doStart(HttpClient.java:224)
	at org.eclipse.jetty.util.component.AbstractLifeCycle.start(AbstractLifeCycle.java:68)
	at io.airlift.http.client.jetty.JettyHttpClient.<init>(JettyHttpClient.java:203)
	... 57 more
]]>
    </error>
  </testcase> <!-- testEqualOperatorExists -->
  <testcase name="testLessThanOrEqualOperatorExists" time="0.048" classname="com.facebook.presto.tests.functions.operators.Comparison">
    <error type="com.google.inject.CreationException" message="Unable to create injector, see the following errors:

1) No implementation for io.airlift.http.client.HttpClient was bound.
  at com.facebook.presto.tests.querystats.QueryStatsClientModuleProvider$1.configure(QueryStatsClientModuleProvider.java:48) (via modules: com.google.inject.util.Modules$CombinedModule -&gt; com.google.inject.util.Modules$OverrideModule -&gt; com.google.inject.util.Modules$OverrideModule -&gt; com.google.inject.util.Modules$OverrideModule -&gt; com.google.inject.util.Modules$CombinedModule -&gt; com.google.inject.util.Modules$CombinedModule -&gt; com.google.inject.util.Modules$CombinedModule -&gt; com.facebook.presto.tests.querystats.QueryStatsClientModuleProvider$1)

2) An exception was caught and reported. Message: java.io.IOException: Too many open files
  at com.google.inject.util.Modules$OverrideModule.configure(Modules.java:177) (via modules: com.google.inject.util.Modules$CombinedModule -&gt; com.google.inject.util.Modules$CombinedModule -&gt; com.google.inject.util.Modules$CombinedModule -&gt; com.facebook.presto.tests.querystats.QueryStatsClientModuleProvider$1)

2 errors">
      <![CDATA[com.google.inject.CreationException: Unable to create injector, see the following errors:

1) No implementation for io.airlift.http.client.HttpClient was bound.
  at com.facebook.presto.tests.querystats.QueryStatsClientModuleProvider$1.configure(QueryStatsClientModuleProvider.java:48) (via modules: com.google.inject.util.Modules$CombinedModule -> com.google.inject.util.Modules$OverrideModule -> com.google.inject.util.Modules$OverrideModule -> com.google.inject.util.Modules$OverrideModule -> com.google.inject.util.Modules$CombinedModule -> com.google.inject.util.Modules$CombinedModule -> com.google.inject.util.Modules$CombinedModule -> com.facebook.presto.tests.querystats.QueryStatsClientModuleProvider$1)

2) An exception was caught and reported. Message: java.io.IOException: Too many open files
  at com.google.inject.util.Modules$OverrideModule.configure(Modules.java:177) (via modules: com.google.inject.util.Modules$CombinedModule -> com.google.inject.util.Modules$CombinedModule -> com.google.inject.util.Modules$CombinedModule -> com.facebook.presto.tests.querystats.QueryStatsClientModuleProvider$1)

2 errors
	at com.google.inject.internal.Errors.throwCreationExceptionIfErrorsExist(Errors.java:466)
	at com.google.inject.internal.InternalInjectorCreator.initializeStatically(InternalInjectorCreator.java:155)
	at com.google.inject.internal.InternalInjectorCreator.build(InternalInjectorCreator.java:107)
	at com.google.inject.Guice.createInjector(Guice.java:96)
	at com.google.inject.Guice.createInjector(Guice.java:73)
	at com.google.inject.Guice.createInjector(Guice.java:62)
	at com.teradata.tempto.internal.context.GuiceTestContext.buildInjector(GuiceTestContext.java:160)
	at com.teradata.tempto.internal.context.GuiceTestContext.<init>(GuiceTestContext.java:64)
	at com.teradata.tempto.internal.context.GuiceTestContext.createChildContext(GuiceTestContext.java:121)
	at com.teradata.tempto.internal.initialization.TestInitializationListener.onTestStart(TestInitializationListener.java:210)
	at org.testng.internal.Invoker.runTestListeners(Invoker.java:1708)
	at org.testng.internal.Invoker.runTestListeners(Invoker.java:1683)
	at org.testng.internal.Invoker.invokeMethod(Invoker.java:615)
	at org.testng.internal.Invoker.invokeTestMethod(Invoker.java:821)
	at org.testng.internal.Invoker.invokeTestMethods(Invoker.java:1131)
	at org.testng.internal.TestMethodWorker.invokeTestMethods(TestMethodWorker.java:124)
	at org.testng.internal.TestMethodWorker.run(TestMethodWorker.java:108)
	at org.testng.TestRunner.privateRun(TestRunner.java:773)
	at org.testng.TestRunner.run(TestRunner.java:623)
	at org.testng.SuiteRunner.runTest(SuiteRunner.java:357)
	at org.testng.SuiteRunner.runSequentially(SuiteRunner.java:352)
	at org.testng.SuiteRunner.privateRun(SuiteRunner.java:310)
	at org.testng.SuiteRunner.run(SuiteRunner.java:259)
	at org.testng.SuiteRunnerWorker.runSuite(SuiteRunnerWorker.java:52)
	at org.testng.SuiteRunnerWorker.run(SuiteRunnerWorker.java:86)
	at org.testng.TestNG.runSuitesSequentially(TestNG.java:1185)
	at org.testng.TestNG.runSuitesLocally(TestNG.java:1110)
	at org.testng.TestNG.run(TestNG.java:1018)
	at com.teradata.tempto.runner.TemptoRunner.run(TemptoRunner.java:82)
	at com.teradata.tempto.runner.TemptoRunner.runTempto(TemptoRunner.java:59)
	at com.teradata.tempto.runner.TemptoRunner.runTempto(TemptoRunner.java:47)
	at com.facebook.presto.tests.TemptoProductTestRunner.main(TemptoProductTestRunner.java:29)
Caused by: java.lang.RuntimeException: java.io.IOException: Too many open files
	at com.google.common.base.Throwables.propagate(Throwables.java:160)
	at io.airlift.http.client.jetty.JettyHttpClient.<init>(JettyHttpClient.java:213)
	at io.airlift.http.client.jetty.JettyHttpClient.<init>(JettyHttpClient.java:129)
	at io.airlift.http.client.jetty.JettyHttpClient.<init>(JettyHttpClient.java:119)
	at com.facebook.presto.tests.querystats.QueryStatsClientModuleProvider$1.configure(QueryStatsClientModuleProvider.java:48)
	at com.google.inject.PrivateModule.configure(PrivateModule.java:100)
	at com.google.inject.spi.Elements$RecordingBinder.install(Elements.java:340)
	at com.google.inject.util.Modules$CombinedModule.configure(Modules.java:128)
	at com.google.inject.spi.Elements$RecordingBinder.install(Elements.java:340)
	at com.google.inject.util.Modules$CombinedModule.configure(Modules.java:128)
	at com.google.inject.spi.Elements$RecordingBinder.install(Elements.java:340)
	at com.google.inject.util.Modules$CombinedModule.configure(Modules.java:128)
	at com.google.inject.spi.Elements$RecordingBinder.install(Elements.java:340)
	at com.google.inject.spi.Elements.getElements(Elements.java:110)
	at com.google.inject.util.Modules$OverrideModule.configure(Modules.java:177)
	at com.google.inject.AbstractModule.configure(AbstractModule.java:62)
	at com.google.inject.spi.Elements$RecordingBinder.install(Elements.java:340)
	at com.google.inject.spi.Elements.getElements(Elements.java:110)
	at com.google.inject.util.Modules$OverrideModule.configure(Modules.java:177)
	at com.google.inject.AbstractModule.configure(AbstractModule.java:62)
	at com.google.inject.spi.Elements$RecordingBinder.install(Elements.java:340)
	at com.google.inject.spi.Elements.getElements(Elements.java:110)
	at com.google.inject.util.Modules$OverrideModule.configure(Modules.java:177)
	at com.google.inject.AbstractModule.configure(AbstractModule.java:62)
	at com.google.inject.spi.Elements$RecordingBinder.install(Elements.java:340)
	at com.google.inject.util.Modules$CombinedModule.configure(Modules.java:128)
	at com.google.inject.spi.Elements$RecordingBinder.install(Elements.java:340)
	at com.google.inject.spi.Elements.getElements(Elements.java:110)
	at com.google.inject.internal.InjectorShell$Builder.build(InjectorShell.java:138)
	at com.google.inject.internal.InternalInjectorCreator.build(InternalInjectorCreator.java:104)
	... 29 more
Caused by: java.io.IOException: Too many open files
	at sun.nio.ch.IOUtil.makePipe(Native Method)
	at sun.nio.ch.EPollSelectorImpl.<init>(EPollSelectorImpl.java:65)
	at sun.nio.ch.EPollSelectorProvider.openSelector(EPollSelectorProvider.java:36)
	at java.nio.channels.Selector.open(Selector.java:227)
	at org.eclipse.jetty.io.SelectorManager$ManagedSelector.doStart(SelectorManager.java:424)
	at org.eclipse.jetty.util.component.AbstractLifeCycle.start(AbstractLifeCycle.java:68)
	at org.eclipse.jetty.io.SelectorManager.doStart(SelectorManager.java:257)
	at org.eclipse.jetty.util.component.AbstractLifeCycle.start(AbstractLifeCycle.java:68)
	at org.eclipse.jetty.util.component.ContainerLifeCycle.start(ContainerLifeCycle.java:132)
	at org.eclipse.jetty.util.component.ContainerLifeCycle.doStart(ContainerLifeCycle.java:114)
	at org.eclipse.jetty.client.AbstractHttpClientTransport.doStart(AbstractHttpClientTransport.java:67)
	at org.eclipse.jetty.util.component.AbstractLifeCycle.start(AbstractLifeCycle.java:68)
	at org.eclipse.jetty.util.component.ContainerLifeCycle.start(ContainerLifeCycle.java:132)
	at org.eclipse.jetty.util.component.ContainerLifeCycle.doStart(ContainerLifeCycle.java:114)
	at org.eclipse.jetty.client.HttpClient.doStart(HttpClient.java:224)
	at org.eclipse.jetty.util.component.AbstractLifeCycle.start(AbstractLifeCycle.java:68)
	at io.airlift.http.client.jetty.JettyHttpClient.<init>(JettyHttpClient.java:203)
	... 57 more
]]>
    </error>
  </testcase> <!-- testLessThanOrEqualOperatorExists -->
</testsuite> <!-- com.facebook.presto.tests.functions.operators.Comparison -->
