# JRE version: Java(TM) SE Runtime Environment (8.0_91-b14) (build 1.8.0_91-b14)
# Java VM: Java HotSpot(TM) 64-Bit Server VM (25.91-b14 mixed mode linux-amd64 compressed oops)
Heap:
 PSYoungGen      total 2206720K, used 46806K [0x0000000715580000, 0x00000007a6900000, 0x00000007c0000000)
  eden space 2034176K, 0% used [0x0000000715580000,0x0000000715580000,0x0000000791800000)
  from space 172544K, 27% used [0x0000000791800000,0x00000007945b5be8,0x000000079c080000)
  to   space 148992K, 0% used [0x000000079d780000,0x000000079d780000,0x00000007a6900000)
 ParOldGen       total 439808K, used 394266K [0x00000005c0000000, 0x00000005dad80000, 0x0000000715580000)
  object space 439808K, 89% used [0x00000005c0000000,0x00000005d8106b48,0x00000005dad80000)
 Metaspace       used 65723K, capacity 68716K, committed 68952K, reserved 1110016K
  class space    used 7324K, capacity 8224K, committed 8320K, reserved 1048576K
GC Heap History (10 events):
Event: 55.656 GC heap after
Heap after GC invocations=35 (full 4):
 PSYoungGen      total 1606144K, used 134818K [0x0000000715580000, 0x0000000795b80000, 0x00000007c0000000)
  eden space 1425920K, 0% used [0x0000000715580000,0x0000000715580000,0x000000076c600000)
  from space 180224K, 74% used [0x000000076c600000,0x00000007749a89b8,0x0000000777600000)
  to   space 192000K, 0% used [0x000000078a000000,0x000000078a000000,0x0000000795b80000)
 ParOldGen       total 346112K, used 330687K [0x00000005c0000000, 0x00000005d5200000, 0x0000000715580000)
  object space 346112K, 95% used [0x00000005c0000000,0x00000005d42efd88,0x00000005d5200000)
 Metaspace       used 61742K, capacity 64852K, committed 64984K, reserved 1105920K
  class space    used 6925K, capacity 7826K, committed 7936K, reserved 1048576K
}
Event: 55.656 GC heap before
{Heap before GC invocations=36 (full 5):
 PSYoungGen      total 1606144K, used 134818K [0x0000000715580000, 0x0000000795b80000, 0x00000007c0000000)
  eden space 1425920K, 0% used [0x0000000715580000,0x0000000715580000,0x000000076c600000)
  from space 180224K, 74% used [0x000000076c600000,0x00000007749a89b8,0x0000000777600000)
  to   space 192000K, 0% used [0x000000078a000000,0x000000078a000000,0x0000000795b80000)
 ParOldGen       total 346112K, used 330687K [0x00000005c0000000, 0x00000005d5200000, 0x0000000715580000)
  object space 346112K, 95% used [0x00000005c0000000,0x00000005d42efd88,0x00000005d5200000)
 Metaspace       used 61742K, capacity 64852K, committed 64984K, reserved 1105920K
  class space    used 6925K, capacity 7826K, committed 7936K, reserved 1048576K
Event: 55.983 GC heap after
Heap after GC invocations=36 (full 5):
 PSYoungGen      total 1606144K, used 0K [0x0000000715580000, 0x0000000795b80000, 0x00000007c0000000)
  eden space 1425920K, 0% used [0x0000000715580000,0x0000000715580000,0x000000076c600000)
  from space 180224K, 0% used [0x000000076c600000,0x000000076c600000,0x0000000777600000)
  to   space 192000K, 0% used [0x000000078a000000,0x000000078a000000,0x0000000795b80000)
 ParOldGen       total 439808K, used 294699K [0x00000005c0000000, 0x00000005dad80000, 0x0000000715580000)
  object space 439808K, 67% used [0x00000005c0000000,0x00000005d1fcac90,0x00000005dad80000)
 Metaspace       used 60532K, capacity 63472K, committed 64984K, reserved 1105920K
  class space    used 6757K, capacity 7596K, committed 7936K, reserved 1048576K
}
Event: 59.881 GC heap before
{Heap before GC invocations=37 (full 5):
 PSYoungGen      total 1606144K, used 1425920K [0x0000000715580000, 0x0000000795b80000, 0x00000007c0000000)
  eden space 1425920K, 100% used [0x0000000715580000,0x000000076c600000,0x000000076c600000)
  from space 180224K, 0% used [0x000000076c600000,0x000000076c600000,0x0000000777600000)
  to   space 192000K, 0% used [0x000000078a000000,0x000000078a000000,0x0000000795b80000)
 ParOldGen       total 439808K, used 294700K [0x00000005c0000000, 0x00000005dad80000, 0x0000000715580000)
  object space 439808K, 67% used [0x00000005c0000000,0x00000005d1fcb258,0x00000005dad80000)
 Metaspace       used 60718K, capacity 63664K, committed 64984K, reserved 1105920K
  class space    used 6758K, capacity 7596K, committed 7936K, reserved 1048576K
Event: 60.266 GC heap after
Heap after GC invocations=37 (full 5):
 PSYoungGen      total 1918976K, used 68643K [0x0000000715580000, 0x0000000795a00000, 0x00000007c0000000)
  eden space 1728512K, 0% used [0x0000000715580000,0x0000000715580000,0x000000077ed80000)
  from space 190464K, 36% used [0x000000078a000000,0x000000078e308ef8,0x0000000795a00000)
  to   space 182784K, 0% used [0x000000077ed80000,0x000000077ed80000,0x000000078a000000)
 ParOldGen       total 439808K, used 294708K [0x00000005c0000000, 0x00000005dad80000, 0x0000000715580000)
  object space 439808K, 67% used [0x00000005c0000000,0x00000005d1fcd258,0x00000005dad80000)
 Metaspace       used 60718K, capacity 63664K, committed 64984K, reserved 1105920K
  class space    used 6758K, capacity 7596K, committed 7936K, reserved 1048576K
}
Event: 64.140 GC heap before
{Heap before GC invocations=38 (full 5):
 PSYoungGen      total 1918976K, used 1797155K [0x0000000715580000, 0x0000000795a00000, 0x00000007c0000000)
  eden space 1728512K, 100% used [0x0000000715580000,0x000000077ed80000,0x000000077ed80000)
  from space 190464K, 36% used [0x000000078a000000,0x000000078e308ef8,0x0000000795a00000)
  to   space 182784K, 0% used [0x000000077ed80000,0x000000077ed80000,0x000000078a000000)
 ParOldGen       total 439808K, used 294711K [0x00000005c0000000, 0x00000005dad80000, 0x0000000715580000)
  object space 439808K, 67% used [0x00000005c0000000,0x00000005d1fcdd38,0x00000005dad80000)
 Metaspace       used 60934K, capacity 63804K, committed 64984K, reserved 1105920K
  class space    used 6760K, capacity 7598K, committed 7936K, reserved 1048576K
Event: 64.823 GC heap after
Heap after GC invocations=38 (full 5):
 PSYoungGen      total 1911296K, used 55201K [0x0000000715580000, 0x00000007a8400000, 0x00000007c0000000)
  eden space 1728512K, 0% used [0x0000000715580000,0x0000000715580000,0x000000077ed80000)
  from space 182784K, 30% used [0x000000077ed80000,0x0000000782368598,0x000000078a000000)
  to   space 176640K, 0% used [0x000000079d780000,0x000000079d780000,0x00000007a8400000)
 ParOldGen       total 439808K, used 333141K [0x00000005c0000000, 0x00000005dad80000, 0x0000000715580000)
  object space 439808K, 75% used [0x00000005c0000000,0x00000005d4555688,0x00000005dad80000)
 Metaspace       used 60934K, capacity 63804K, committed 64984K, reserved 1105920K
  class space    used 6760K, capacity 7598K, committed 7936K, reserved 1048576K
}
Event: 70.085 GC heap before
{Heap before GC invocations=39 (full 5):
 PSYoungGen      total 1911296K, used 1783713K [0x0000000715580000, 0x00000007a8400000, 0x00000007c0000000)
  eden space 1728512K, 100% used [0x0000000715580000,0x000000077ed80000,0x000000077ed80000)
  from space 182784K, 30% used [0x000000077ed80000,0x0000000782368598,0x000000078a000000)
  to   space 176640K, 0% used [0x000000079d780000,0x000000079d780000,0x00000007a8400000)
 ParOldGen       total 439808K, used 333141K [0x00000005c0000000, 0x00000005dad80000, 0x0000000715580000)
  object space 439808K, 75% used [0x00000005c0000000,0x00000005d4555688,0x00000005dad80000)
 Metaspace       used 61647K, capacity 64548K, committed 64984K, reserved 1105920K
  class space    used 6852K, capacity 7722K, committed 7936K, reserved 1048576K
Event: 70.180 GC heap after
Heap after GC invocations=39 (full 5):
 PSYoungGen      total 2183168K, used 43766K [0x0000000715580000, 0x00000007a6900000, 0x00000007c0000000)
  eden space 2034176K, 0% used [0x0000000715580000,0x0000000715580000,0x0000000791800000)
  from space 148992K, 29% used [0x000000079d780000,0x00000007a023d888,0x00000007a6900000)
  to   space 172544K, 0% used [0x0000000791800000,0x0000000791800000,0x000000079c080000)
 ParOldGen       total 439808K, used 369135K [0x00000005c0000000, 0x00000005dad80000, 0x0000000715580000)
  object space 439808K, 83% used [0x00000005c0000000,0x00000005d687bda8,0x00000005dad80000)
 Metaspace       used 61647K, capacity 64548K, committed 64984K, reserved 1105920K
  class space    used 6852K, capacity 7722K, committed 7936K, reserved 1048576K
}
Event: 78.163 GC heap before
{Heap before GC invocations=40 (full 5):
 PSYoungGen      total 2183168K, used 2077942K [0x0000000715580000, 0x00000007a6900000, 0x00000007c0000000)
  eden space 2034176K, 100% used [0x0000000715580000,0x0000000791800000,0x0000000791800000)
  from space 148992K, 29% used [0x000000079d780000,0x00000007a023d888,0x00000007a6900000)
  to   space 172544K, 0% used [0x0000000791800000,0x0000000791800000,0x000000079c080000)
 ParOldGen       total 439808K, used 369135K [0x00000005c0000000, 0x00000005dad80000, 0x0000000715580000)
  object space 439808K, 83% used [0x00000005c0000000,0x00000005d687bda8,0x00000005dad80000)
 Metaspace       used 65723K, capacity 68716K, committed 68952K, reserved 1110016K
  class space    used 7324K, capacity 8224K, committed 8320K, reserved 1048576K

