<?xml version="1.0" encoding="UTF-8"?>
<!-- Generated by org.testng.reporters.JUnitXMLReporter -->
<testsuite hostname="cwallin-ThinkPad-X230" name="all" tests="343" failures="88" timestamp="5 Feb 2016 16:25:30 GMT" time="751.442" errors="0">
  <testcase name="shouldExecuteQuery" time="6.221" classname="com.facebook.presto.tests.jdbc.JdbcTests"/>
  <testcase name="shouldExecuteQueryWithSelectedCatalogAndSchema" time="1.068" classname="com.facebook.presto.tests.jdbc.JdbcTests"/>
  <testcase name="shouldGetColumns" time="1.183" classname="com.facebook.presto.tests.jdbc.JdbcTests"/>
  <testcase name="shouldGetSchemas" time="0.617" classname="com.facebook.presto.tests.jdbc.JdbcTests"/>
  <testcase name="shouldGetTableTypes" time="0.506" classname="com.facebook.presto.tests.jdbc.JdbcTests"/>
  <testcase name="shouldGetTables" time="0.836" classname="com.facebook.presto.tests.jdbc.JdbcTests"/>
  <testcase name="shouldInsertSelectQuery" time="2.362" classname="com.facebook.presto.tests.jdbc.JdbcTests"/>
  <testcase name="shouldSetLocale" time="0.762" classname="com.facebook.presto.tests.jdbc.JdbcTests"/>
  <testcase name="shouldSetTimezone" time="0.447" classname="com.facebook.presto.tests.jdbc.JdbcTests"/>
  <testcase name="renameTable" time="4.385" classname="com.facebook.presto.tests.AlterTableTests"/>
  <testcase name="selectAllFromNation" time="0.747" classname="com.facebook.presto.tests.SimpleQueryTest"/>
  <testcase name="selectCountFromNation" time="1.022" classname="com.facebook.presto.tests.SimpleQueryTest"/>
  <testcase name="selectFromPartitionedNation" time="7.524" classname="com.facebook.presto.tests.hive.TestTablePartitioningInsertInto"/>
  <testcase name="testSelectPartitionedHiveTableDifferentFormats" time="1.334" classname="com.facebook.presto.tests.hive.TestTablePartitioningSelect"/>
  <testcase name="testSelectPartitionedHiveTableDifferentFormats" time="1.358" classname="com.facebook.presto.tests.hive.TestTablePartitioningSelect"/>
  <testcase name="testSelectPartitionedHiveTableDifferentFormats" time="1.949" classname="com.facebook.presto.tests.hive.TestTablePartitioningSelect"/>
  <testcase name="testSelectPartitionedHiveTableDifferentFormats" time="1.718" classname="com.facebook.presto.tests.hive.TestTablePartitioningSelect"/>
  <testcase name="testInsertIntoSelectToHiveTableAllHiveSimpleTypesKnownToPresto" time="1.746" classname="com.facebook.presto.tests.hive.TestInsertIntoHiveTable">
    <failure type="java.lang.AssertionError" message="Could not find rows:
[127, 32767, 2147483647, 9223372036854775807, 123.34500122070312, 234.567, 2015-05-10 12:15:35.123, 2015-05-10, ala ma kota, ala ma kot, ala ma    , true, [B@3533ef06]

actual rows:
[127, 32767, 2147483647, 9223372036854775807, 123.34500122070312, 234.567, 2015-05-10 16:15:35.123, 2015-05-10, ala ma kota, ala ma kot, ala ma    , true, [B@99e4f41]">
      <![CDATA[java.lang.AssertionError: Could not find rows:
[127, 32767, 2147483647, 9223372036854775807, 123.34500122070312, 234.567, 2015-05-10 12:15:35.123, 2015-05-10, ala ma kota, ala ma kot, ala ma    , true, [B@3533ef06]

actual rows:
[127, 32767, 2147483647, 9223372036854775807, 123.34500122070312, 234.567, 2015-05-10 16:15:35.123, 2015-05-10, ala ma kota, ala ma kot, ala ma    , true, [B@99e4f41]
	at org.assertj.core.api.AbstractAssert.failWithMessage(AbstractAssert.java:114)
	at com.teradata.tempto.assertions.QueryAssert.contains(QueryAssert.java:173)
	at com.teradata.tempto.assertions.QueryAssert.containsOnly(QueryAssert.java:197)
	at com.teradata.tempto.assertions.QueryAssert.containsOnly(QueryAssert.java:209)
	at com.facebook.presto.tests.hive.TestInsertIntoHiveTable.testInsertIntoSelectToHiveTableAllHiveSimpleTypesKnownToPresto(TestInsertIntoHiveTable.java:177)
	at com.teradata.tempto.runner.TemptoRunner.run(TemptoRunner.java:82)
	at com.teradata.tempto.runner.TemptoRunner.runTempto(TemptoRunner.java:59)
	at com.teradata.tempto.runner.TemptoRunner.runTempto(TemptoRunner.java:47)
	at com.facebook.presto.tests.TemptoProductTestRunner.main(TemptoProductTestRunner.java:29)
... Removed 21 stack frames]]>
    </failure>
  </testcase> <!-- testInsertIntoSelectToHiveTableAllHiveSimpleTypesKnownToPresto -->
  <testcase name="testInsertIntoValuesToHiveTableAllHiveSimpleTypesKnownToPresto" time="1.687" classname="com.facebook.presto.tests.hive.TestInsertIntoHiveTable"/>
  <testcase name="createOrReplaceSimpleView" time="0.944" classname="com.facebook.presto.tests.CreateDropViewTests"/>
  <testcase name="createSimpleView" time="0.779" classname="com.facebook.presto.tests.CreateDropViewTests"/>
  <testcase name="createSimpleViewTwiceShouldFail" time="1.081" classname="com.facebook.presto.tests.CreateDropViewTests"/>
  <testcase name="createViewWithAggregate" time="0.84" classname="com.facebook.presto.tests.CreateDropViewTests"/>
  <testcase name="dropViewTest" time="0.77" classname="com.facebook.presto.tests.CreateDropViewTests"/>
  <testcase name="selectFromJavaOperatingSystemJmxMBean" time="0.309" classname="com.facebook.presto.tests.JmxConnectorTests">
    <failure type="com.teradata.tempto.query.QueryExecutionException" message="java.sql.SQLException: Query failed (#20160205_161627_00070_z6wzm): line 1:61: Catalog jmx does not exist">
      <![CDATA[com.teradata.tempto.query.QueryExecutionException: java.sql.SQLException: Query failed (#20160205_161627_00070_z6wzm): line 1:61: Catalog jmx does not exist
	at com.teradata.tempto.query.JdbcQueryExecutor.execute(JdbcQueryExecutor.java:116)
	at com.teradata.tempto.query.JdbcQueryExecutor.executeQuery(JdbcQueryExecutor.java:86)
	at com.teradata.tempto.query.QueryExecutor.query(QueryExecutor.java:71)
	at com.facebook.presto.tests.JmxConnectorTests.selectFromJavaOperatingSystemJmxMBean(JmxConnectorTests.java:39)
	at com.teradata.tempto.runner.TemptoRunner.run(TemptoRunner.java:82)
	at com.teradata.tempto.runner.TemptoRunner.runTempto(TemptoRunner.java:59)
	at com.teradata.tempto.runner.TemptoRunner.runTempto(TemptoRunner.java:47)
	at com.facebook.presto.tests.TemptoProductTestRunner.main(TemptoProductTestRunner.java:29)
Caused by: java.sql.SQLException: Query failed (#20160205_161627_00070_z6wzm): line 1:61: Catalog jmx does not exist
	at com.facebook.presto.jdbc.PrestoResultSet.resultsException(PrestoResultSet.java:1815)
	at com.facebook.presto.jdbc.PrestoResultSet.getColumns(PrestoResultSet.java:1768)
	at com.facebook.presto.jdbc.PrestoResultSet.<init>(PrestoResultSet.java:139)
	at com.facebook.presto.jdbc.PrestoStatement.execute(PrestoStatement.java:178)
	at com.facebook.presto.jdbc.PrestoStatement.executeQuery(PrestoStatement.java:54)
	at com.teradata.tempto.query.JdbcQueryExecutor.executeQueryNoParams(JdbcQueryExecutor.java:125)
	at com.teradata.tempto.query.JdbcQueryExecutor.execute(JdbcQueryExecutor.java:109)
	... 28 more
Caused by: com.facebook.presto.sql.analyzer.SemanticException: line 1:61: Catalog jmx does not exist
	at com.facebook.presto.sql.analyzer.StatementAnalyzer.visitTable(StatementAnalyzer.java:854)
	at com.facebook.presto.sql.analyzer.StatementAnalyzer.visitTable(StatementAnalyzer.java:213)
	at com.facebook.presto.sql.tree.Table.accept(Table.java:49)
	at com.facebook.presto.sql.tree.AstVisitor.process(AstVisitor.java:22)
	at com.facebook.presto.sql.analyzer.StatementAnalyzer.analyzeFrom(StatementAnalyzer.java:1641)
	at com.facebook.presto.sql.analyzer.StatementAnalyzer.visitQuerySpecification(StatementAnalyzer.java:969)
	at com.facebook.presto.sql.analyzer.StatementAnalyzer.visitQuerySpecification(StatementAnalyzer.java:213)
	at com.facebook.presto.sql.tree.QuerySpecification.accept(QuerySpecification.java:125)
	at com.facebook.presto.sql.tree.AstVisitor.process(AstVisitor.java:22)
	at com.facebook.presto.sql.analyzer.StatementAnalyzer.visitQuery(StatementAnalyzer.java:769)
	at com.facebook.presto.sql.analyzer.StatementAnalyzer.visitQuery(StatementAnalyzer.java:213)
	at com.facebook.presto.sql.tree.Query.accept(Query.java:103)
	at com.facebook.presto.sql.tree.AstVisitor.process(AstVisitor.java:22)
	at com.facebook.presto.sql.analyzer.Analyzer.analyze(Analyzer.java:60)
	at com.facebook.presto.execution.SqlQueryExecution.doAnalyzeQuery(SqlQueryExecution.java:259)
	at com.facebook.presto.execution.SqlQueryExecution.analyzeQuery(SqlQueryExecution.java:245)
	at com.facebook.presto.execution.SqlQueryExecution.start(SqlQueryExecution.java:209)
	at com.facebook.presto.execution.QueuedExecution.lambda$start$220(QueuedExecution.java:68)
	at com.facebook.presto.execution.QueuedExecution$$Lambda$297/428758008.run(Unknown Source)
	at java.util.concurrent.ThreadPoolExecutor.runWorker(ThreadPoolExecutor.java:1142)
	at java.util.concurrent.ThreadPoolExecutor$Worker.run(ThreadPoolExecutor.java:617)
	at java.lang.Thread.run(Thread.java:745)
... Removed 21 stack frames]]>
    </failure>
  </testcase> <!-- selectFromJavaOperatingSystemJmxMBean -->
  <testcase name="selectFromJavaRuntimeJmxMBean" time="0.345" classname="com.facebook.presto.tests.JmxConnectorTests">
    <failure type="com.teradata.tempto.query.QueryExecutionException" message="java.sql.SQLException: Query failed (#20160205_161628_00071_z6wzm): line 1:37: Catalog jmx does not exist">
      <![CDATA[com.teradata.tempto.query.QueryExecutionException: java.sql.SQLException: Query failed (#20160205_161628_00071_z6wzm): line 1:37: Catalog jmx does not exist
	at com.teradata.tempto.query.JdbcQueryExecutor.execute(JdbcQueryExecutor.java:116)
	at com.teradata.tempto.query.JdbcQueryExecutor.executeQuery(JdbcQueryExecutor.java:86)
	at com.teradata.tempto.query.QueryExecutor.query(QueryExecutor.java:71)
	at com.facebook.presto.tests.JmxConnectorTests.selectFromJavaRuntimeJmxMBean(JmxConnectorTests.java:31)
	at com.teradata.tempto.runner.TemptoRunner.run(TemptoRunner.java:82)
	at com.teradata.tempto.runner.TemptoRunner.runTempto(TemptoRunner.java:59)
	at com.teradata.tempto.runner.TemptoRunner.runTempto(TemptoRunner.java:47)
	at com.facebook.presto.tests.TemptoProductTestRunner.main(TemptoProductTestRunner.java:29)
Caused by: java.sql.SQLException: Query failed (#20160205_161628_00071_z6wzm): line 1:37: Catalog jmx does not exist
	at com.facebook.presto.jdbc.PrestoResultSet.resultsException(PrestoResultSet.java:1815)
	at com.facebook.presto.jdbc.PrestoResultSet.getColumns(PrestoResultSet.java:1768)
	at com.facebook.presto.jdbc.PrestoResultSet.<init>(PrestoResultSet.java:139)
	at com.facebook.presto.jdbc.PrestoStatement.execute(PrestoStatement.java:178)
	at com.facebook.presto.jdbc.PrestoStatement.executeQuery(PrestoStatement.java:54)
	at com.teradata.tempto.query.JdbcQueryExecutor.executeQueryNoParams(JdbcQueryExecutor.java:125)
	at com.teradata.tempto.query.JdbcQueryExecutor.execute(JdbcQueryExecutor.java:109)
	... 28 more
Caused by: com.facebook.presto.sql.analyzer.SemanticException: line 1:37: Catalog jmx does not exist
	at com.facebook.presto.sql.analyzer.StatementAnalyzer.visitTable(StatementAnalyzer.java:854)
	at com.facebook.presto.sql.analyzer.StatementAnalyzer.visitTable(StatementAnalyzer.java:213)
	at com.facebook.presto.sql.tree.Table.accept(Table.java:49)
	at com.facebook.presto.sql.tree.AstVisitor.process(AstVisitor.java:22)
	at com.facebook.presto.sql.analyzer.StatementAnalyzer.analyzeFrom(StatementAnalyzer.java:1641)
	at com.facebook.presto.sql.analyzer.StatementAnalyzer.visitQuerySpecification(StatementAnalyzer.java:969)
	at com.facebook.presto.sql.analyzer.StatementAnalyzer.visitQuerySpecification(StatementAnalyzer.java:213)
	at com.facebook.presto.sql.tree.QuerySpecification.accept(QuerySpecification.java:125)
	at com.facebook.presto.sql.tree.AstVisitor.process(AstVisitor.java:22)
	at com.facebook.presto.sql.analyzer.StatementAnalyzer.visitQuery(StatementAnalyzer.java:769)
	at com.facebook.presto.sql.analyzer.StatementAnalyzer.visitQuery(StatementAnalyzer.java:213)
	at com.facebook.presto.sql.tree.Query.accept(Query.java:103)
	at com.facebook.presto.sql.tree.AstVisitor.process(AstVisitor.java:22)
	at com.facebook.presto.sql.analyzer.Analyzer.analyze(Analyzer.java:60)
	at com.facebook.presto.execution.SqlQueryExecution.doAnalyzeQuery(SqlQueryExecution.java:259)
	at com.facebook.presto.execution.SqlQueryExecution.analyzeQuery(SqlQueryExecution.java:245)
	at com.facebook.presto.execution.SqlQueryExecution.start(SqlQueryExecution.java:209)
	at com.facebook.presto.execution.QueuedExecution.lambda$start$220(QueuedExecution.java:68)
	at com.facebook.presto.execution.QueuedExecution$$Lambda$297/428758008.run(Unknown Source)
	at java.util.concurrent.ThreadPoolExecutor.runWorker(ThreadPoolExecutor.java:1142)
	at java.util.concurrent.ThreadPoolExecutor$Worker.run(ThreadPoolExecutor.java:617)
	at java.lang.Thread.run(Thread.java:745)
... Removed 21 stack frames]]>
    </failure>
  </testcase> <!-- selectFromJavaRuntimeJmxMBean -->
  <testcase name="testPosition" time="0.376" classname="com.facebook.presto.tests.ProductTestFunctions"/>
  <testcase name="testSubstring" time="0.429" classname="com.facebook.presto.tests.ProductTestFunctions"/>
  <testcase name="shouldDisplayVersion" time="0.811" classname="com.facebook.presto.tests.cli.PrestoCliTests"/>
  <testcase name="shouldRunBatchQuery" time="1.867" classname="com.facebook.presto.tests.cli.PrestoCliTests"/>
  <testcase name="shouldRunQuery" time="2.219" classname="com.facebook.presto.tests.cli.PrestoCliTests"/>
  <testcase name="shouldRunQueryFromFile" time="1.994" classname="com.facebook.presto.tests.cli.PrestoCliTests"/>
  <testcase name="shouldUseCatalogAndSchemaOptions" time="1.898" classname="com.facebook.presto.tests.cli.PrestoCliTests"/>
  <testcase name="sql_tests.testcases.aggregate.aggregateOverFunction" time="0.669" classname="com.teradata.tempto.aggregate"/>
  <testcase name="sql_tests.testcases.aggregate.average" time="0.526" classname="com.teradata.tempto.aggregate">
    <failure type="java.lang.AssertionError" message="Not equal rows:
0 - expected: &amp;lt;3309.40000000000|50.12646000000|&amp;gt;
0 - actual:   &amp;lt;3309.40000000000|50.12646000000|&amp;gt;">
      <![CDATA[java.lang.AssertionError: Not equal rows:
0 - expected: <3309.40000000000|50.12646000000|>
0 - actual:   <3309.40000000000|50.12646000000|>
	at org.assertj.core.api.AbstractAssert.failWithMessage(AbstractAssert.java:114)
	at com.teradata.tempto.assertions.QueryAssert.containsExactly(QueryAssert.java:233)
	at com.teradata.tempto.assertions.QueryAssert.matches(QueryAssert.java:97)
	at com.teradata.tempto.internal.convention.sql.SqlQueryConventionBasedTest.test(SqlQueryConventionBasedTest.java:96)
	at com.teradata.tempto.internal.convention.ConventionBasedTestProxyGenerator$ConventionBasedTestProxy.test(ConventionBasedTestProxyGenerator.java:120)
	at com.teradata.tempto.aggregate.average(Unknown Source)
	at com.teradata.tempto.runner.TemptoRunner.run(TemptoRunner.java:82)
	at com.teradata.tempto.runner.TemptoRunner.runTempto(TemptoRunner.java:59)
	at com.teradata.tempto.runner.TemptoRunner.runTempto(TemptoRunner.java:47)
	at com.facebook.presto.tests.TemptoProductTestRunner.main(TemptoProductTestRunner.java:29)
... Removed 21 stack frames]]>
    </failure>
  </testcase> <!-- sql_tests.testcases.aggregate.average -->
  <testcase name="sql_tests.testcases.aggregate.averageDistinct" time="0.532" classname="com.teradata.tempto.aggregate"/>
  <testcase name="sql_tests.testcases.aggregate.count" time="0.598" classname="com.teradata.tempto.aggregate"/>
  <testcase name="sql_tests.testcases.aggregate.countDistinct" time="0.68" classname="com.teradata.tempto.aggregate"/>
  <testcase name="sql_tests.testcases.aggregate.max" time="0.523" classname="com.teradata.tempto.aggregate">
    <failure type="java.lang.AssertionError" message="Not equal rows:
0 - expected: &amp;lt;8996|99.87770000000|testing|1999-01-08|2010-01-02 05:09:06.0|&amp;gt;
0 - actual:   &amp;lt;8996|99.87770000000|testing|1999-01-08|2010-01-02 10:09:06.0|&amp;gt;">
      <![CDATA[java.lang.AssertionError: Not equal rows:
0 - expected: <8996|99.87770000000|testing|1999-01-08|2010-01-02 05:09:06.0|>
0 - actual:   <8996|99.87770000000|testing|1999-01-08|2010-01-02 10:09:06.0|>
	at org.assertj.core.api.AbstractAssert.failWithMessage(AbstractAssert.java:114)
	at com.teradata.tempto.assertions.QueryAssert.containsExactly(QueryAssert.java:233)
	at com.teradata.tempto.assertions.QueryAssert.matches(QueryAssert.java:97)
	at com.teradata.tempto.internal.convention.sql.SqlQueryConventionBasedTest.test(SqlQueryConventionBasedTest.java:96)
	at com.teradata.tempto.internal.convention.ConventionBasedTestProxyGenerator$ConventionBasedTestProxy.test(ConventionBasedTestProxyGenerator.java:120)
	at com.teradata.tempto.aggregate.max(Unknown Source)
	at com.teradata.tempto.runner.TemptoRunner.run(TemptoRunner.java:82)
	at com.teradata.tempto.runner.TemptoRunner.runTempto(TemptoRunner.java:59)
	at com.teradata.tempto.runner.TemptoRunner.runTempto(TemptoRunner.java:47)
	at com.facebook.presto.tests.TemptoProductTestRunner.main(TemptoProductTestRunner.java:29)
... Removed 21 stack frames]]>
    </failure>
  </testcase> <!-- sql_tests.testcases.aggregate.max -->
  <testcase name="sql_tests.testcases.aggregate.min" time="0.559" classname="com.teradata.tempto.aggregate">
    <failure type="java.lang.AssertionError" message="Not equal rows:
0 - expected: &amp;lt;12|0.24500000000|AGAIN|1922-04-02|1989-01-08 04:05:06.0|&amp;gt;
0 - actual:   &amp;lt;12|0.24500000000|AGAIN|1922-04-02|1989-01-08 09:05:06.0|&amp;gt;">
      <![CDATA[java.lang.AssertionError: Not equal rows:
0 - expected: <12|0.24500000000|AGAIN|1922-04-02|1989-01-08 04:05:06.0|>
0 - actual:   <12|0.24500000000|AGAIN|1922-04-02|1989-01-08 09:05:06.0|>
	at org.assertj.core.api.AbstractAssert.failWithMessage(AbstractAssert.java:114)
	at com.teradata.tempto.assertions.QueryAssert.containsExactly(QueryAssert.java:233)
	at com.teradata.tempto.assertions.QueryAssert.matches(QueryAssert.java:97)
	at com.teradata.tempto.internal.convention.sql.SqlQueryConventionBasedTest.test(SqlQueryConventionBasedTest.java:96)
	at com.teradata.tempto.internal.convention.ConventionBasedTestProxyGenerator$ConventionBasedTestProxy.test(ConventionBasedTestProxyGenerator.java:120)
	at com.teradata.tempto.aggregate.min(Unknown Source)
	at com.teradata.tempto.runner.TemptoRunner.run(TemptoRunner.java:82)
	at com.teradata.tempto.runner.TemptoRunner.runTempto(TemptoRunner.java:59)
	at com.teradata.tempto.runner.TemptoRunner.runTempto(TemptoRunner.java:47)
	at com.facebook.presto.tests.TemptoProductTestRunner.main(TemptoProductTestRunner.java:29)
... Removed 21 stack frames]]>
    </failure>
  </testcase> <!-- sql_tests.testcases.aggregate.min -->
  <testcase name="sql_tests.testcases.aggregate.mixAggregate" time="0.463" classname="com.teradata.tempto.aggregate"/>
  <testcase name="sql_tests.testcases.aggregate.stddev_pop" time="0.499" classname="com.teradata.tempto.aggregate">
    <failure type="java.lang.AssertionError" message="Not equal rows:
0 - expected: &amp;lt;3037.07837238356|35.21027303154|&amp;gt;
0 - actual:   &amp;lt;3037.07837238356|35.21027303154|&amp;gt;">
      <![CDATA[java.lang.AssertionError: Not equal rows:
0 - expected: <3037.07837238356|35.21027303154|>
0 - actual:   <3037.07837238356|35.21027303154|>
	at org.assertj.core.api.AbstractAssert.failWithMessage(AbstractAssert.java:114)
	at com.teradata.tempto.assertions.QueryAssert.containsExactly(QueryAssert.java:233)
	at com.teradata.tempto.assertions.QueryAssert.matches(QueryAssert.java:97)
	at com.teradata.tempto.internal.convention.sql.SqlQueryConventionBasedTest.test(SqlQueryConventionBasedTest.java:96)
	at com.teradata.tempto.internal.convention.ConventionBasedTestProxyGenerator$ConventionBasedTestProxy.test(ConventionBasedTestProxyGenerator.java:120)
	at com.teradata.tempto.aggregate.stddev_pop(Unknown Source)
	at com.teradata.tempto.runner.TemptoRunner.run(TemptoRunner.java:82)
	at com.teradata.tempto.runner.TemptoRunner.runTempto(TemptoRunner.java:59)
	at com.teradata.tempto.runner.TemptoRunner.runTempto(TemptoRunner.java:47)
	at com.facebook.presto.tests.TemptoProductTestRunner.main(TemptoProductTestRunner.java:29)
... Removed 21 stack frames]]>
    </failure>
  </testcase> <!-- sql_tests.testcases.aggregate.stddev_pop -->
  <testcase name="sql_tests.testcases.aggregate.stddev_popDistinct" time="0.494" classname="com.teradata.tempto.aggregate">
    <failure type="java.lang.AssertionError" message="Not equal rows:
0 - expected: &amp;lt;3145.05763946475|40.09062957714|&amp;gt;
0 - actual:   &amp;lt;3145.05763946475|40.09062957714|&amp;gt;">
      <![CDATA[java.lang.AssertionError: Not equal rows:
0 - expected: <3145.05763946475|40.09062957714|>
0 - actual:   <3145.05763946475|40.09062957714|>
	at org.assertj.core.api.AbstractAssert.failWithMessage(AbstractAssert.java:114)
	at com.teradata.tempto.assertions.QueryAssert.containsExactly(QueryAssert.java:233)
	at com.teradata.tempto.assertions.QueryAssert.matches(QueryAssert.java:97)
	at com.teradata.tempto.internal.convention.sql.SqlQueryConventionBasedTest.test(SqlQueryConventionBasedTest.java:96)
	at com.teradata.tempto.internal.convention.ConventionBasedTestProxyGenerator$ConventionBasedTestProxy.test(ConventionBasedTestProxyGenerator.java:120)
	at com.teradata.tempto.aggregate.stddev_popDistinct(Unknown Source)
	at com.teradata.tempto.runner.TemptoRunner.run(TemptoRunner.java:82)
	at com.teradata.tempto.runner.TemptoRunner.runTempto(TemptoRunner.java:59)
	at com.teradata.tempto.runner.TemptoRunner.runTempto(TemptoRunner.java:47)
	at com.facebook.presto.tests.TemptoProductTestRunner.main(TemptoProductTestRunner.java:29)
... Removed 21 stack frames]]>
    </failure>
  </testcase> <!-- sql_tests.testcases.aggregate.stddev_popDistinct -->
  <testcase name="sql_tests.testcases.aggregate.stddev_samp" time="0.499" classname="com.teradata.tempto.aggregate">
    <failure type="java.lang.AssertionError" message="Not equal rows:
0 - expected: &amp;lt;3143.67477870815|36.44609513116|&amp;gt;
0 - actual:   &amp;lt;3143.67477870815|36.44609513116|&amp;gt;">
      <![CDATA[java.lang.AssertionError: Not equal rows:
0 - expected: <3143.67477870815|36.44609513116|>
0 - actual:   <3143.67477870815|36.44609513116|>
	at org.assertj.core.api.AbstractAssert.failWithMessage(AbstractAssert.java:114)
	at com.teradata.tempto.assertions.QueryAssert.containsExactly(QueryAssert.java:233)
	at com.teradata.tempto.assertions.QueryAssert.matches(QueryAssert.java:97)
	at com.teradata.tempto.internal.convention.sql.SqlQueryConventionBasedTest.test(SqlQueryConventionBasedTest.java:96)
	at com.teradata.tempto.internal.convention.ConventionBasedTestProxyGenerator$ConventionBasedTestProxy.test(ConventionBasedTestProxyGenerator.java:120)
	at com.teradata.tempto.aggregate.stddev_samp(Unknown Source)
	at com.teradata.tempto.runner.TemptoRunner.run(TemptoRunner.java:82)
	at com.teradata.tempto.runner.TemptoRunner.runTempto(TemptoRunner.java:59)
	at com.teradata.tempto.runner.TemptoRunner.runTempto(TemptoRunner.java:47)
	at com.facebook.presto.tests.TemptoProductTestRunner.main(TemptoProductTestRunner.java:29)
... Removed 21 stack frames]]>
    </failure>
  </testcase> <!-- sql_tests.testcases.aggregate.stddev_samp -->
  <testcase name="sql_tests.testcases.aggregate.stddev_sampDistinct" time="0.564" classname="com.teradata.tempto.aggregate">
    <failure type="java.lang.AssertionError" message="Not equal rows:
0 - expected: &amp;lt;3335.83737613212|42.52253405405|&amp;gt;
0 - actual:   &amp;lt;3335.83737613212|42.52253405405|&amp;gt;">
      <![CDATA[java.lang.AssertionError: Not equal rows:
0 - expected: <3335.83737613212|42.52253405405|>
0 - actual:   <3335.83737613212|42.52253405405|>
	at org.assertj.core.api.AbstractAssert.failWithMessage(AbstractAssert.java:114)
	at com.teradata.tempto.assertions.QueryAssert.containsExactly(QueryAssert.java:233)
	at com.teradata.tempto.assertions.QueryAssert.matches(QueryAssert.java:97)
	at com.teradata.tempto.internal.convention.sql.SqlQueryConventionBasedTest.test(SqlQueryConventionBasedTest.java:96)
	at com.teradata.tempto.internal.convention.ConventionBasedTestProxyGenerator$ConventionBasedTestProxy.test(ConventionBasedTestProxyGenerator.java:120)
	at com.teradata.tempto.aggregate.stddev_sampDistinct(Unknown Source)
	at com.teradata.tempto.runner.TemptoRunner.run(TemptoRunner.java:82)
	at com.teradata.tempto.runner.TemptoRunner.runTempto(TemptoRunner.java:59)
	at com.teradata.tempto.runner.TemptoRunner.runTempto(TemptoRunner.java:47)
	at com.facebook.presto.tests.TemptoProductTestRunner.main(TemptoProductTestRunner.java:29)
... Removed 21 stack frames]]>
    </failure>
  </testcase> <!-- sql_tests.testcases.aggregate.stddev_sampDistinct -->
  <testcase name="sql_tests.testcases.aggregate.sum" time="0.501" classname="com.teradata.tempto.aggregate"/>
  <testcase name="sql_tests.testcases.aggregate.sumDistinct" time="0.554" classname="com.teradata.tempto.aggregate"/>
  <testcase name="sql_tests.testcases.aggregate.var_pop" time="0.705" classname="com.teradata.tempto.aggregate"/>
  <testcase name="sql_tests.testcases.aggregate.var_popDistinct" time="0.503" classname="com.teradata.tempto.aggregate">
    <failure type="java.lang.AssertionError" message="Not equal rows:
0 - expected: &amp;lt;9891387.55555555600|1607.25857989111|&amp;gt;
0 - actual:   &amp;lt;9891387.55555555600|1607.25857989111|&amp;gt;">
      <![CDATA[java.lang.AssertionError: Not equal rows:
0 - expected: <9891387.55555555600|1607.25857989111|>
0 - actual:   <9891387.55555555600|1607.25857989111|>
	at org.assertj.core.api.AbstractAssert.failWithMessage(AbstractAssert.java:114)
	at com.teradata.tempto.assertions.QueryAssert.containsExactly(QueryAssert.java:233)
	at com.teradata.tempto.assertions.QueryAssert.matches(QueryAssert.java:97)
	at com.teradata.tempto.internal.convention.sql.SqlQueryConventionBasedTest.test(SqlQueryConventionBasedTest.java:96)
	at com.teradata.tempto.internal.convention.ConventionBasedTestProxyGenerator$ConventionBasedTestProxy.test(ConventionBasedTestProxyGenerator.java:120)
	at com.teradata.tempto.aggregate.var_popDistinct(Unknown Source)
	at com.teradata.tempto.runner.TemptoRunner.run(TemptoRunner.java:82)
	at com.teradata.tempto.runner.TemptoRunner.runTempto(TemptoRunner.java:59)
	at com.teradata.tempto.runner.TemptoRunner.runTempto(TemptoRunner.java:47)
	at com.facebook.presto.tests.TemptoProductTestRunner.main(TemptoProductTestRunner.java:29)
... Removed 21 stack frames]]>
    </failure>
  </testcase> <!-- sql_tests.testcases.aggregate.var_popDistinct -->
  <testcase name="sql_tests.testcases.aggregate.var_samp" time="0.629" classname="com.teradata.tempto.aggregate">
    <failure type="java.lang.AssertionError" message="Not equal rows:
0 - expected: &amp;lt;9882691.11428571500|1328.31785030971|&amp;gt;
0 - actual:   &amp;lt;9882691.11428571300|1328.31785030971|&amp;gt;">
      <![CDATA[java.lang.AssertionError: Not equal rows:
0 - expected: <9882691.11428571500|1328.31785030971|>
0 - actual:   <9882691.11428571300|1328.31785030971|>
	at org.assertj.core.api.AbstractAssert.failWithMessage(AbstractAssert.java:114)
	at com.teradata.tempto.assertions.QueryAssert.containsExactly(QueryAssert.java:233)
	at com.teradata.tempto.assertions.QueryAssert.matches(QueryAssert.java:97)
	at com.teradata.tempto.internal.convention.sql.SqlQueryConventionBasedTest.test(SqlQueryConventionBasedTest.java:96)
	at com.teradata.tempto.internal.convention.ConventionBasedTestProxyGenerator$ConventionBasedTestProxy.test(ConventionBasedTestProxyGenerator.java:120)
	at com.teradata.tempto.aggregate.var_samp(Unknown Source)
	at com.teradata.tempto.runner.TemptoRunner.run(TemptoRunner.java:82)
	at com.teradata.tempto.runner.TemptoRunner.runTempto(TemptoRunner.java:59)
	at com.teradata.tempto.runner.TemptoRunner.runTempto(TemptoRunner.java:47)
	at com.facebook.presto.tests.TemptoProductTestRunner.main(TemptoProductTestRunner.java:29)
... Removed 21 stack frames]]>
    </failure>
  </testcase> <!-- sql_tests.testcases.aggregate.var_samp -->
  <testcase name="sql_tests.testcases.aggregate.var_sampDistinct" time="0.505" classname="com.teradata.tempto.aggregate">
    <failure type="java.lang.AssertionError" message="Not equal rows:
0 - expected: &amp;lt;11127811.00000000000|1808.16590237750|&amp;gt;
0 - actual:   &amp;lt;11127811.00000000000|1808.16590237750|&amp;gt;">
      <![CDATA[java.lang.AssertionError: Not equal rows:
0 - expected: <11127811.00000000000|1808.16590237750|>
0 - actual:   <11127811.00000000000|1808.16590237750|>
	at org.assertj.core.api.AbstractAssert.failWithMessage(AbstractAssert.java:114)
	at com.teradata.tempto.assertions.QueryAssert.containsExactly(QueryAssert.java:233)
	at com.teradata.tempto.assertions.QueryAssert.matches(QueryAssert.java:97)
	at com.teradata.tempto.internal.convention.sql.SqlQueryConventionBasedTest.test(SqlQueryConventionBasedTest.java:96)
	at com.teradata.tempto.internal.convention.ConventionBasedTestProxyGenerator$ConventionBasedTestProxy.test(ConventionBasedTestProxyGenerator.java:120)
	at com.teradata.tempto.aggregate.var_sampDistinct(Unknown Source)
	at com.teradata.tempto.runner.TemptoRunner.run(TemptoRunner.java:82)
	at com.teradata.tempto.runner.TemptoRunner.runTempto(TemptoRunner.java:59)
	at com.teradata.tempto.runner.TemptoRunner.runTempto(TemptoRunner.java:47)
	at com.facebook.presto.tests.TemptoProductTestRunner.main(TemptoProductTestRunner.java:29)
... Removed 21 stack frames]]>
    </failure>
  </testcase> <!-- sql_tests.testcases.aggregate.var_sampDistinct -->
  <testcase name="sql_tests.testcases.aggregate.variance" time="0.551" classname="com.teradata.tempto.aggregate">
    <failure type="java.lang.AssertionError" message="Not equal rows:
0 - expected: &amp;lt;9882691.11428571500|1328.31785030971|&amp;gt;
0 - actual:   &amp;lt;9882691.11428571300|1328.31785030971|&amp;gt;">
      <![CDATA[java.lang.AssertionError: Not equal rows:
0 - expected: <9882691.11428571500|1328.31785030971|>
0 - actual:   <9882691.11428571300|1328.31785030971|>
	at org.assertj.core.api.AbstractAssert.failWithMessage(AbstractAssert.java:114)
	at com.teradata.tempto.assertions.QueryAssert.containsExactly(QueryAssert.java:233)
	at com.teradata.tempto.assertions.QueryAssert.matches(QueryAssert.java:97)
	at com.teradata.tempto.internal.convention.sql.SqlQueryConventionBasedTest.test(SqlQueryConventionBasedTest.java:96)
	at com.teradata.tempto.internal.convention.ConventionBasedTestProxyGenerator$ConventionBasedTestProxy.test(ConventionBasedTestProxyGenerator.java:120)
	at com.teradata.tempto.aggregate.variance(Unknown Source)
	at com.teradata.tempto.runner.TemptoRunner.run(TemptoRunner.java:82)
	at com.teradata.tempto.runner.TemptoRunner.runTempto(TemptoRunner.java:59)
	at com.teradata.tempto.runner.TemptoRunner.runTempto(TemptoRunner.java:47)
	at com.facebook.presto.tests.TemptoProductTestRunner.main(TemptoProductTestRunner.java:29)
... Removed 21 stack frames]]>
    </failure>
  </testcase> <!-- sql_tests.testcases.aggregate.variance -->
  <testcase name="sql_tests.testcases.aggregate.varianceDistinct" time="0.502" classname="com.teradata.tempto.aggregate">
    <failure type="java.lang.AssertionError" message="Not equal rows:
0 - expected: &amp;lt;11127811.00000000000|1808.16590237750|&amp;gt;
0 - actual:   &amp;lt;11127811.00000000000|1808.16590237750|&amp;gt;">
      <![CDATA[java.lang.AssertionError: Not equal rows:
0 - expected: <11127811.00000000000|1808.16590237750|>
0 - actual:   <11127811.00000000000|1808.16590237750|>
	at org.assertj.core.api.AbstractAssert.failWithMessage(AbstractAssert.java:114)
	at com.teradata.tempto.assertions.QueryAssert.containsExactly(QueryAssert.java:233)
	at com.teradata.tempto.assertions.QueryAssert.matches(QueryAssert.java:97)
	at com.teradata.tempto.internal.convention.sql.SqlQueryConventionBasedTest.test(SqlQueryConventionBasedTest.java:96)
	at com.teradata.tempto.internal.convention.ConventionBasedTestProxyGenerator$ConventionBasedTestProxy.test(ConventionBasedTestProxyGenerator.java:120)
	at com.teradata.tempto.aggregate.varianceDistinct(Unknown Source)
	at com.teradata.tempto.runner.TemptoRunner.run(TemptoRunner.java:82)
	at com.teradata.tempto.runner.TemptoRunner.runTempto(TemptoRunner.java:59)
	at com.teradata.tempto.runner.TemptoRunner.runTempto(TemptoRunner.java:47)
	at com.facebook.presto.tests.TemptoProductTestRunner.main(TemptoProductTestRunner.java:29)
... Removed 21 stack frames]]>
    </failure>
  </testcase> <!-- sql_tests.testcases.aggregate.varianceDistinct -->
  <testcase name="sql_tests.testcases.array_functions.arrayCreationAccessible" time="0.347" classname="com.teradata.tempto.array_functions"/>
  <testcase name="sql_tests.testcases.array_functions.checkArrayFunctionsRegistered" time="2.127" classname="com.teradata.tempto.array_functions"/>
  <testcase name="sql_tests.testcases.binary_functions.checkBinaryFunctionsRegistered" time="1.674" classname="com.teradata.tempto.binary_functions"/>
  <testcase name="sql_tests.testcases.catalog.describe" time="0.493" classname="com.teradata.tempto.catalog"/>
  <testcase name="sql_tests.testcases.catalog.showCatalogs" time="0.35" classname="com.teradata.tempto.catalog">
    <failure type="java.lang.AssertionError" message="Could not find rows:
[jmx]

actual rows:
[hive]
[teradata_lz4]
[system]
[teradata_blackhole]
[postgresql]
[teradata_snappy]
[teradata]
[tpch]
[querygrid]
[blackhole]">
      <![CDATA[java.lang.AssertionError: Could not find rows:
[jmx]

actual rows:
[hive]
[teradata_lz4]
[system]
[teradata_blackhole]
[postgresql]
[teradata_snappy]
[teradata]
[tpch]
[querygrid]
[blackhole]
	at org.assertj.core.api.AbstractAssert.failWithMessage(AbstractAssert.java:114)
	at com.teradata.tempto.assertions.QueryAssert.contains(QueryAssert.java:173)
	at com.teradata.tempto.assertions.QueryAssert.matches(QueryAssert.java:94)
	at com.teradata.tempto.internal.convention.sql.SqlQueryConventionBasedTest.test(SqlQueryConventionBasedTest.java:96)
	at com.teradata.tempto.internal.convention.ConventionBasedTestProxyGenerator$ConventionBasedTestProxy.test(ConventionBasedTestProxyGenerator.java:120)
	at com.teradata.tempto.catalog.showCatalogs(Unknown Source)
	at com.teradata.tempto.runner.TemptoRunner.run(TemptoRunner.java:82)
	at com.teradata.tempto.runner.TemptoRunner.runTempto(TemptoRunner.java:59)
	at com.teradata.tempto.runner.TemptoRunner.runTempto(TemptoRunner.java:47)
	at com.facebook.presto.tests.TemptoProductTestRunner.main(TemptoProductTestRunner.java:29)
... Removed 21 stack frames]]>
    </failure>
  </testcase> <!-- sql_tests.testcases.catalog.showCatalogs -->
  <testcase name="sql_tests.testcases.catalog.showColumns" time="0.408" classname="com.teradata.tempto.catalog"/>
  <testcase name="sql_tests.testcases.catalog.showFunctions" time="1.613" classname="com.teradata.tempto.catalog"/>
  <testcase name="sql_tests.testcases.catalog.showSchemas" time="0.467" classname="com.teradata.tempto.catalog"/>
  <testcase name="sql_tests.testcases.catalog.showTables" time="0.317" classname="com.teradata.tempto.catalog">
    <failure type="com.teradata.tempto.query.QueryExecutionException" message="java.sql.SQLException: Query failed (#20160205_161657_00107_z6wzm): line 1:1: Schema &amp;apos;jmx&amp;apos; does not exist">
      <![CDATA[com.teradata.tempto.query.QueryExecutionException: java.sql.SQLException: Query failed (#20160205_161657_00107_z6wzm): line 1:1: Schema 'jmx' does not exist
	at com.teradata.tempto.query.JdbcQueryExecutor.execute(JdbcQueryExecutor.java:116)
	at com.teradata.tempto.query.JdbcQueryExecutor.executeQuery(JdbcQueryExecutor.java:93)
	at com.teradata.tempto.internal.convention.sql.SqlQueryConventionBasedTest.runTestQuery(SqlQueryConventionBasedTest.java:108)
	at com.teradata.tempto.internal.convention.sql.SqlQueryConventionBasedTest.test(SqlQueryConventionBasedTest.java:95)
	at com.teradata.tempto.internal.convention.ConventionBasedTestProxyGenerator$ConventionBasedTestProxy.test(ConventionBasedTestProxyGenerator.java:120)
	at com.teradata.tempto.catalog.showTables(Unknown Source)
	at com.teradata.tempto.runner.TemptoRunner.run(TemptoRunner.java:82)
	at com.teradata.tempto.runner.TemptoRunner.runTempto(TemptoRunner.java:59)
	at com.teradata.tempto.runner.TemptoRunner.runTempto(TemptoRunner.java:47)
	at com.facebook.presto.tests.TemptoProductTestRunner.main(TemptoProductTestRunner.java:29)
Caused by: java.sql.SQLException: Query failed (#20160205_161657_00107_z6wzm): line 1:1: Schema 'jmx' does not exist
	at com.facebook.presto.jdbc.PrestoResultSet.resultsException(PrestoResultSet.java:1815)
	at com.facebook.presto.jdbc.PrestoResultSet.getColumns(PrestoResultSet.java:1768)
	at com.facebook.presto.jdbc.PrestoResultSet.<init>(PrestoResultSet.java:139)
	at com.facebook.presto.jdbc.PrestoStatement.execute(PrestoStatement.java:178)
	at com.facebook.presto.jdbc.PrestoStatement.executeQuery(PrestoStatement.java:54)
	at com.teradata.tempto.query.JdbcQueryExecutor.executeQueryNoParams(JdbcQueryExecutor.java:125)
	at com.teradata.tempto.query.JdbcQueryExecutor.execute(JdbcQueryExecutor.java:109)
	... 30 more
Caused by: com.facebook.presto.sql.analyzer.SemanticException: line 1:1: Schema 'jmx' does not exist
	at com.facebook.presto.sql.analyzer.StatementAnalyzer.visitShowTables(StatementAnalyzer.java:267)
	at com.facebook.presto.sql.analyzer.StatementAnalyzer.visitShowTables(StatementAnalyzer.java:213)
	at com.facebook.presto.sql.tree.ShowTables.accept(ShowTables.java:61)
	at com.facebook.presto.sql.tree.AstVisitor.process(AstVisitor.java:22)
	at com.facebook.presto.sql.analyzer.Analyzer.analyze(Analyzer.java:60)
	at com.facebook.presto.execution.SqlQueryExecution.doAnalyzeQuery(SqlQueryExecution.java:259)
	at com.facebook.presto.execution.SqlQueryExecution.analyzeQuery(SqlQueryExecution.java:245)
	at com.facebook.presto.execution.SqlQueryExecution.start(SqlQueryExecution.java:209)
	at com.facebook.presto.execution.QueuedExecution.lambda$start$220(QueuedExecution.java:68)
	at com.facebook.presto.execution.QueuedExecution$$Lambda$297/428758008.run(Unknown Source)
	at java.util.concurrent.ThreadPoolExecutor.runWorker(ThreadPoolExecutor.java:1142)
	at java.util.concurrent.ThreadPoolExecutor$Worker.run(ThreadPoolExecutor.java:617)
	at java.lang.Thread.run(Thread.java:745)
... Removed 21 stack frames]]>
    </failure>
  </testcase> <!-- sql_tests.testcases.catalog.showTables -->
  <testcase name="sql_tests.testcases.color_functions.bar" time="0.385" classname="com.teradata.tempto.color_functions"/>
  <testcase name="sql_tests.testcases.color_functions.render" time="0.319" classname="com.teradata.tempto.color_functions"/>
  <testcase name="sql_tests.testcases.color_functions.render2" time="0.334" classname="com.teradata.tempto.color_functions"/>
  <testcase name="sql_tests.testcases.functions.conditional-expressions.simple_case" time="0.322" classname="com.teradata.tempto.conditional_expressions"/>
  <testcase name="sql_tests.testcases.convertion_functions.castAccessible" time="0.324" classname="com.teradata.tempto.convertion_functions"/>
  <testcase name="sql_tests.testcases.convertion_functions.tryCastAccessible" time="0.342" classname="com.teradata.tempto.convertion_functions"/>
  <testcase name="sql_tests.testcases.decimal.select_long" time="0.327" classname="com.teradata.tempto.decimal"/>
  <testcase name="sql_tests.testcases.decimal.select_long_2" time="0.32" classname="com.teradata.tempto.decimal"/>
  <testcase name="sql_tests.testcases.decimal.select_long_3" time="0.368" classname="com.teradata.tempto.decimal"/>
  <testcase name="sql_tests.testcases.decimal.select_short" time="0.295" classname="com.teradata.tempto.decimal"/>
  <testcase name="sql_tests.testcases.decimal.where" time="0.483" classname="com.teradata.tempto.decimal"/>
  <testcase name="sql_tests.testcases.decimal.where_2" time="0.482" classname="com.teradata.tempto.decimal"/>
  <testcase name="sql_tests.testcases.decimal.where_3" time="0.458" classname="com.teradata.tempto.decimal"/>
  <testcase name="sql_tests.testcases.decimal.where_4" time="0.487" classname="com.teradata.tempto.decimal"/>
  <testcase name="sql_tests.testcases.distinct.multipleDistinctAgg" time="0.56" classname="com.teradata.tempto.distinct"/>
  <testcase name="sql_tests.testcases.distinct.repeatedDistinctAgg" time="0.5" classname="com.teradata.tempto.distinct"/>
  <testcase name="sql_tests.testcases.distinct.withCount" time="0.466" classname="com.teradata.tempto.distinct"/>
  <testcase name="sql_tests.testcases.distinct.withDuplicates" time="0.457" classname="com.teradata.tempto.distinct"/>
  <testcase name="sql_tests.testcases.distinct.withGroupBy" time="0.494" classname="com.teradata.tempto.distinct"/>
  <testcase name="sql_tests.testcases.distinct.withGroupByDistinctAgg" time="0.487" classname="com.teradata.tempto.distinct"/>
  <testcase name="sql_tests.testcases.distinct.withNoDuplicates" time="0.48" classname="com.teradata.tempto.distinct"/>
  <testcase name="sql_tests.testcases.distinct.withOrderBy" time="0.464" classname="com.teradata.tempto.distinct"/>
  <testcase name="sql_tests.testcases.empty_table.countDistinctOnNonPartitioningKey" time="0.463" classname="com.teradata.tempto.empty_table"/>
  <testcase name="sql_tests.testcases.empty_table.countDistinctOnPartitioningKey" time="0.437" classname="com.teradata.tempto.empty_table"/>
  <testcase name="sql_tests.testcases.empty_table.minMaxHasRows" time="0.464" classname="com.teradata.tempto.empty_table"/>
  <testcase name="sql_tests.testcases.empty_table.multiplyOperator" time="0.438" classname="com.teradata.tempto.empty_table"/>
  <testcase name="sql_tests.testcases.empty_table.runAggrOnColumnWithGroupBy" time="0.497" classname="com.teradata.tempto.empty_table"/>
  <testcase name="sql_tests.testcases.empty_table.runAggrOnStarWithGroupBy" time="0.422" classname="com.teradata.tempto.empty_table"/>
  <testcase name="sql_tests.testcases.empty_table.runAggrWithoutGroupBy" time="0.487" classname="com.teradata.tempto.empty_table"/>
  <testcase name="sql_tests.testcases.empty_table.scalarOnColumn" time="0.472" classname="com.teradata.tempto.empty_table"/>
  <testcase name="sql_tests.testcases.empty_table.selectCountStar" time="0.638" classname="com.teradata.tempto.empty_table"/>
  <testcase name="sql_tests.testcases.empty_table.selectStar" time="0.443" classname="com.teradata.tempto.empty_table"/>
  <testcase name="sql_tests.testcases.empty_table.sumOnSubq" time="0.442" classname="com.teradata.tempto.empty_table"/>
  <testcase name="sql_tests.testcases.explain.explainNationDistributedType" time="0.374" classname="com.teradata.tempto.explain"/>
  <testcase name="sql_tests.testcases.explain.explainNationLogicalType" time="0.371" classname="com.teradata.tempto.explain"/>
  <testcase name="sql_tests.testcases.group-by.runAggrWithoutGroupBy" time="0.426" classname="com.teradata.tempto.group_by"/>
  <testcase name="sql_tests.testcases.group-by.runAggregatesGroupByOridnalAndHaving" time="0.525" classname="com.teradata.tempto.group_by"/>
  <testcase name="sql_tests.testcases.group-by.runAggregatesWithGroupByOrdinal" time="0.484" classname="com.teradata.tempto.group_by"/>
  <testcase name="sql_tests.testcases.group-by.runAggregatesWithGroupByWithFalseWherePredicate" time="0.403" classname="com.teradata.tempto.group_by"/>
  <testcase name="sql_tests.testcases.group-by.runAggregatesWithWherePredicatesAndGroupByOrdinal" time="0.434" classname="com.teradata.tempto.group_by"/>
  <testcase name="sql_tests.testcases.group-by.runAggregatesWithoutGroupByButWithPredicates" time="0.375" classname="com.teradata.tempto.group_by"/>
  <testcase name="sql_tests.testcases.group-by.runConstantGroupBy" time="0.486" classname="com.teradata.tempto.group_by"/>
  <testcase name="sql_tests.testcases.group-by.runCountNull" time="0.476" classname="com.teradata.tempto.group_by"/>
  <testcase name="sql_tests.testcases.group-by.runHavingOnEmptyResult" time="0.383" classname="com.teradata.tempto.group_by"/>
  <testcase name="sql_tests.testcases.group-by.runHavingOutsideSubq" time="0.448" classname="com.teradata.tempto.group_by"/>
  <testcase name="sql_tests.testcases.group-by.runHavingWithAggExpr" time="0.455" classname="com.teradata.tempto.group_by"/>
  <testcase name="sql_tests.testcases.group-by.runHavingWithExpr" time="0.482" classname="com.teradata.tempto.group_by"/>
  <testcase name="sql_tests.testcases.group-by.runHavingWithGrpExpr" time="0.452" classname="com.teradata.tempto.group_by"/>
  <testcase name="sql_tests.testcases.group-by.runHavingWithMultipleAggs" time="2.075" classname="com.teradata.tempto.group_by"/>
  <testcase name="sql_tests.testcases.group-by.runHavingWithNullCheck" time="0.536" classname="com.teradata.tempto.group_by"/>
  <testcase name="sql_tests.testcases.group-by.runHavingWithOrderBy" time="0.486" classname="com.teradata.tempto.group_by"/>
  <testcase name="sql_tests.testcases.group-by.runHavingWithoutGroupBy" time="0.461" classname="com.teradata.tempto.group_by"/>
  <testcase name="sql_tests.testcases.group-by.runMultipleGroupBy" time="0.489" classname="com.teradata.tempto.group_by"/>
  <testcase name="sql_tests.testcases.hive_tpch.q1" time="19.33" classname="com.teradata.tempto.hive_tpch">
    <failure type="java.lang.AssertionError" message="Not equal rows:
0 - expected: &amp;lt;A|F|37734107.00000000000|56586554400.73000000000|53758257134.87000000000|55909065222.82769000000|25.52200585326|38273.12973462167|0.04998529584|1478493|&amp;gt;
0 - actual:   &amp;lt;A|F|37734107.00000000000|56586554400.72993000000|53758257134.86993400000|55909065222.82772000000|25.52200585326|38273.12973462162|0.04998529584|1478493|&amp;gt;
1 - expected: &amp;lt;N|F|991417.00000000000|1487504710.38000000000|1413082168.05410000000|1469649223.19437500000|25.51647192052|38284.46776084830|0.05009342667|38854|&amp;gt;
1 - actual:   &amp;lt;N|F|991417.00000000000|1487504710.37999990000|1413082168.05410030000|1469649223.19437460000|25.51647192052|38284.46776084830|0.05009342667|38854|&amp;gt;
2 - expected: &amp;lt;N|O|74476040.00000000000|111701729697.74000000000|106118230307.60560000000|110367043872.49701000000|25.50222676958|38249.11798890827|0.04999658605|2920374|&amp;gt;
2 - actual:   &amp;lt;N|O|74476040.00000000000|111701729697.73984000000|106118230307.60541000000|110367043872.49666000000|25.50222676958|38249.11798890821|0.04999658605|2920374|&amp;gt;
3 - expected: &amp;lt;R|F|37719753.00000000000|56568041380.90000000000|53741292684.60400000000|55889619119.83193000000|25.50579361269|38250.85462609966|0.05000940583|1478870|&amp;gt;
3 - actual:   &amp;lt;R|F|37719753.00000000000|56568041380.89999400000|53741292684.60396000000|55889619119.83198500000|25.50579361269|38250.85462609965|0.05000940583|1478870|&amp;gt;">
      <![CDATA[java.lang.AssertionError: Not equal rows:
0 - expected: <A|F|37734107.00000000000|56586554400.73000000000|53758257134.87000000000|55909065222.82769000000|25.52200585326|38273.12973462167|0.04998529584|1478493|>
0 - actual:   <A|F|37734107.00000000000|56586554400.72993000000|53758257134.86993400000|55909065222.82772000000|25.52200585326|38273.12973462162|0.04998529584|1478493|>
1 - expected: <N|F|991417.00000000000|1487504710.38000000000|1413082168.05410000000|1469649223.19437500000|25.51647192052|38284.46776084830|0.05009342667|38854|>
1 - actual:   <N|F|991417.00000000000|1487504710.37999990000|1413082168.05410030000|1469649223.19437460000|25.51647192052|38284.46776084830|0.05009342667|38854|>
2 - expected: <N|O|74476040.00000000000|111701729697.74000000000|106118230307.60560000000|110367043872.49701000000|25.50222676958|38249.11798890827|0.04999658605|2920374|>
2 - actual:   <N|O|74476040.00000000000|111701729697.73984000000|106118230307.60541000000|110367043872.49666000000|25.50222676958|38249.11798890821|0.04999658605|2920374|>
3 - expected: <R|F|37719753.00000000000|56568041380.90000000000|53741292684.60400000000|55889619119.83193000000|25.50579361269|38250.85462609966|0.05000940583|1478870|>
3 - actual:   <R|F|37719753.00000000000|56568041380.89999400000|53741292684.60396000000|55889619119.83198500000|25.50579361269|38250.85462609965|0.05000940583|1478870|>
	at org.assertj.core.api.AbstractAssert.failWithMessage(AbstractAssert.java:114)
	at com.teradata.tempto.assertions.QueryAssert.containsExactly(QueryAssert.java:233)
	at com.teradata.tempto.assertions.QueryAssert.matches(QueryAssert.java:97)
	at com.teradata.tempto.internal.convention.sql.SqlQueryConventionBasedTest.test(SqlQueryConventionBasedTest.java:96)
	at com.teradata.tempto.internal.convention.ConventionBasedTestProxyGenerator$ConventionBasedTestProxy.test(ConventionBasedTestProxyGenerator.java:120)
	at com.teradata.tempto.hive_tpch.q1(Unknown Source)
	at com.teradata.tempto.runner.TemptoRunner.run(TemptoRunner.java:82)
	at com.teradata.tempto.runner.TemptoRunner.runTempto(TemptoRunner.java:59)
	at com.teradata.tempto.runner.TemptoRunner.runTempto(TemptoRunner.java:47)
	at com.facebook.presto.tests.TemptoProductTestRunner.main(TemptoProductTestRunner.java:29)
... Removed 21 stack frames]]>
    </failure>
  </testcase> <!-- sql_tests.testcases.hive_tpch.q1 -->
  <testcase name="sql_tests.testcases.hive_tpch.q10" time="15.126" classname="com.teradata.tempto.hive_tpch">
    <failure type="java.lang.AssertionError" message="Not equal rows:
3 - expected: &amp;lt;101998|Customer#000101998|637029.56670000000|3790.89000000000|UNITED KINGDOM|01c9CILnNtfOQYmZj|33-593-865-6378|ress foxes wake slyly after the bold excuses. ironic platelets are furiously carefully bold theodolites|&amp;gt;
3 - actual:   &amp;lt;101998|Customer#000101998|637029.56670000010|3790.89000000000|UNITED KINGDOM|01c9CILnNtfOQYmZj|33-593-865-6378|ress foxes wake slyly after the bold excuses. ironic platelets are furiously carefully bold theodolites|&amp;gt;
7 - expected: &amp;lt;84223|Customer#000084223|594998.02390000000|528.65000000000|UNITED KINGDOM|nAVZCs6BaWap rrM27N 2qBnzc5WBauxbA|33-442-824-8191| slyly final deposits haggle regular, pending dependencies. pending escapades wake |&amp;gt;
7 - actual:   &amp;lt;84223|Customer#000084223|594998.02389999990|528.65000000000|UNITED KINGDOM|nAVZCs6BaWap rrM27N 2qBnzc5WBauxbA|33-442-824-8191| slyly final deposits haggle regular, pending dependencies. pending escapades wake |&amp;gt;
8 - expected: &amp;lt;54289|Customer#000054289|585603.39180000000|5583.02000000000|IRAN|vXCxoCsU0Bad5JQI ,oobkZ|20-834-292-4707|ely special foxes are quickly finally ironic p|&amp;gt;
8 - actual:   &amp;lt;54289|Customer#000054289|585603.39180000010|5583.02000000000|IRAN|vXCxoCsU0Bad5JQI ,oobkZ|20-834-292-4707|ely special foxes are quickly finally ironic p|&amp;gt;
13 - expected: &amp;lt;115640|Customer#000115640|569341.19330000000|6436.10000000000|ARGENTINA|Vtgfia9qI 7EpHgecU1X|11-411-543-4901|ost slyly along the patterns; pinto be|&amp;gt;
13 - actual:   &amp;lt;115640|Customer#000115640|569341.19329999990|6436.10000000000|ARGENTINA|Vtgfia9qI 7EpHgecU1X|11-411-543-4901|ost slyly along the patterns; pinto be|&amp;gt;
16 - expected: &amp;lt;142549|Customer#000142549|563537.23680000000|5085.99000000000|INDONESIA|ChqEoK43OysjdHbtKCp6dKqjNyvvi9|19-955-562-2398|sleep pending courts. ironic deposits against the carefully unusual platelets cajole carefully express accounts.|&amp;gt;
16 - actual:   &amp;lt;142549|Customer#000142549|563537.23680000010|5085.99000000000|INDONESIA|ChqEoK43OysjdHbtKCp6dKqjNyvvi9|19-955-562-2398|sleep pending courts. ironic deposits against the carefully unusual platelets cajole carefully express accounts.|&amp;gt;
17 - expected: &amp;lt;146149|Customer#000146149|557254.98650000000|1791.55000000000|ROMANIA|s87fvzFQpU|29-744-164-6487| of the slyly silent accounts. quickly final accounts across the |&amp;gt;
17 - actual:   &amp;lt;146149|Customer#000146149|557254.98649999990|1791.55000000000|ROMANIA|s87fvzFQpU|29-744-164-6487| of the slyly silent accounts. quickly final accounts across the |&amp;gt;">
      <![CDATA[java.lang.AssertionError: Not equal rows:
3 - expected: <101998|Customer#000101998|637029.56670000000|3790.89000000000|UNITED KINGDOM|01c9CILnNtfOQYmZj|33-593-865-6378|ress foxes wake slyly after the bold excuses. ironic platelets are furiously carefully bold theodolites|>
3 - actual:   <101998|Customer#000101998|637029.56670000010|3790.89000000000|UNITED KINGDOM|01c9CILnNtfOQYmZj|33-593-865-6378|ress foxes wake slyly after the bold excuses. ironic platelets are furiously carefully bold theodolites|>
7 - expected: <84223|Customer#000084223|594998.02390000000|528.65000000000|UNITED KINGDOM|nAVZCs6BaWap rrM27N 2qBnzc5WBauxbA|33-442-824-8191| slyly final deposits haggle regular, pending dependencies. pending escapades wake |>
7 - actual:   <84223|Customer#000084223|594998.02389999990|528.65000000000|UNITED KINGDOM|nAVZCs6BaWap rrM27N 2qBnzc5WBauxbA|33-442-824-8191| slyly final deposits haggle regular, pending dependencies. pending escapades wake |>
8 - expected: <54289|Customer#000054289|585603.39180000000|5583.02000000000|IRAN|vXCxoCsU0Bad5JQI ,oobkZ|20-834-292-4707|ely special foxes are quickly finally ironic p|>
8 - actual:   <54289|Customer#000054289|585603.39180000010|5583.02000000000|IRAN|vXCxoCsU0Bad5JQI ,oobkZ|20-834-292-4707|ely special foxes are quickly finally ironic p|>
13 - expected: <115640|Customer#000115640|569341.19330000000|6436.10000000000|ARGENTINA|Vtgfia9qI 7EpHgecU1X|11-411-543-4901|ost slyly along the patterns; pinto be|>
13 - actual:   <115640|Customer#000115640|569341.19329999990|6436.10000000000|ARGENTINA|Vtgfia9qI 7EpHgecU1X|11-411-543-4901|ost slyly along the patterns; pinto be|>
16 - expected: <142549|Customer#000142549|563537.23680000000|5085.99000000000|INDONESIA|ChqEoK43OysjdHbtKCp6dKqjNyvvi9|19-955-562-2398|sleep pending courts. ironic deposits against the carefully unusual platelets cajole carefully express accounts.|>
16 - actual:   <142549|Customer#000142549|563537.23680000010|5085.99000000000|INDONESIA|ChqEoK43OysjdHbtKCp6dKqjNyvvi9|19-955-562-2398|sleep pending courts. ironic deposits against the carefully unusual platelets cajole carefully express accounts.|>
17 - expected: <146149|Customer#000146149|557254.98650000000|1791.55000000000|ROMANIA|s87fvzFQpU|29-744-164-6487| of the slyly silent accounts. quickly final accounts across the |>
17 - actual:   <146149|Customer#000146149|557254.98649999990|1791.55000000000|ROMANIA|s87fvzFQpU|29-744-164-6487| of the slyly silent accounts. quickly final accounts across the |>
	at org.assertj.core.api.AbstractAssert.failWithMessage(AbstractAssert.java:114)
	at com.teradata.tempto.assertions.QueryAssert.containsExactly(QueryAssert.java:233)
	at com.teradata.tempto.assertions.QueryAssert.matches(QueryAssert.java:97)
	at com.teradata.tempto.internal.convention.sql.SqlQueryConventionBasedTest.test(SqlQueryConventionBasedTest.java:96)
	at com.teradata.tempto.internal.convention.ConventionBasedTestProxyGenerator$ConventionBasedTestProxy.test(ConventionBasedTestProxyGenerator.java:120)
	at com.teradata.tempto.hive_tpch.q10(Unknown Source)
	at com.teradata.tempto.runner.TemptoRunner.run(TemptoRunner.java:82)
	at com.teradata.tempto.runner.TemptoRunner.runTempto(TemptoRunner.java:59)
	at com.teradata.tempto.runner.TemptoRunner.runTempto(TemptoRunner.java:47)
	at com.facebook.presto.tests.TemptoProductTestRunner.main(TemptoProductTestRunner.java:29)
... Removed 21 stack frames]]>
    </failure>
  </testcase> <!-- sql_tests.testcases.hive_tpch.q10 -->
  <testcase name="sql_tests.testcases.hive_tpch.q12" time="17.343" classname="com.teradata.tempto.hive_tpch"/>
  <testcase name="sql_tests.testcases.hive_tpch.q14" time="8.916" classname="com.teradata.tempto.hive_tpch">
    <failure type="java.lang.AssertionError" message="Not equal rows:
0 - expected: &amp;lt;16.38077862640|&amp;gt;
0 - actual:   &amp;lt;16.38077862640|&amp;gt;">
      <![CDATA[java.lang.AssertionError: Not equal rows:
0 - expected: <16.38077862640|>
0 - actual:   <16.38077862640|>
	at org.assertj.core.api.AbstractAssert.failWithMessage(AbstractAssert.java:114)
	at com.teradata.tempto.assertions.QueryAssert.containsExactly(QueryAssert.java:233)
	at com.teradata.tempto.assertions.QueryAssert.matches(QueryAssert.java:97)
	at com.teradata.tempto.internal.convention.sql.SqlQueryConventionBasedTest.test(SqlQueryConventionBasedTest.java:96)
	at com.teradata.tempto.internal.convention.ConventionBasedTestProxyGenerator$ConventionBasedTestProxy.test(ConventionBasedTestProxyGenerator.java:120)
	at com.teradata.tempto.hive_tpch.q14(Unknown Source)
	at com.teradata.tempto.runner.TemptoRunner.run(TemptoRunner.java:82)
	at com.teradata.tempto.runner.TemptoRunner.runTempto(TemptoRunner.java:59)
	at com.teradata.tempto.runner.TemptoRunner.runTempto(TemptoRunner.java:47)
	at com.facebook.presto.tests.TemptoProductTestRunner.main(TemptoProductTestRunner.java:29)
... Removed 21 stack frames]]>
    </failure>
  </testcase> <!-- sql_tests.testcases.hive_tpch.q14 -->
  <testcase name="sql_tests.testcases.hive_tpch.q16" time="4.016" classname="com.teradata.tempto.hive_tpch"/>
  <testcase name="sql_tests.testcases.hive_tpch.q18" time="32.378" classname="com.teradata.tempto.hive_tpch"/>
  <testcase name="sql_tests.testcases.hive_tpch.q3" time="14.352" classname="com.teradata.tempto.hive_tpch">
    <failure type="java.lang.AssertionError" message="Not equal rows:
1 - expected: &amp;lt;3459808|405838.69890000000|1995-03-04|0|&amp;gt;
1 - actual:   &amp;lt;3459808|405838.69890000010|1995-03-04|0|&amp;gt;
3 - expected: &amp;lt;1188320|384537.93590000000|1995-03-09|0|&amp;gt;
3 - actual:   &amp;lt;1188320|384537.93590000004|1995-03-09|0|&amp;gt;
5 - expected: &amp;lt;4878020|378376.79520000000|1995-03-12|0|&amp;gt;
5 - actual:   &amp;lt;4878020|378376.79519999993|1995-03-12|0|&amp;gt;
7 - expected: &amp;lt;2628192|373133.30940000000|1995-02-22|0|&amp;gt;
7 - actual:   &amp;lt;2628192|373133.30939999997|1995-02-22|0|&amp;gt;
9 - expected: &amp;lt;2300070|367371.14520000000|1995-03-13|0|&amp;gt;
9 - actual:   &amp;lt;2300070|367371.14519999997|1995-03-13|0|&amp;gt;">
      <![CDATA[java.lang.AssertionError: Not equal rows:
1 - expected: <3459808|405838.69890000000|1995-03-04|0|>
1 - actual:   <3459808|405838.69890000010|1995-03-04|0|>
3 - expected: <1188320|384537.93590000000|1995-03-09|0|>
3 - actual:   <1188320|384537.93590000004|1995-03-09|0|>
5 - expected: <4878020|378376.79520000000|1995-03-12|0|>
5 - actual:   <4878020|378376.79519999993|1995-03-12|0|>
7 - expected: <2628192|373133.30940000000|1995-02-22|0|>
7 - actual:   <2628192|373133.30939999997|1995-02-22|0|>
9 - expected: <2300070|367371.14520000000|1995-03-13|0|>
9 - actual:   <2300070|367371.14519999997|1995-03-13|0|>
	at org.assertj.core.api.AbstractAssert.failWithMessage(AbstractAssert.java:114)
	at com.teradata.tempto.assertions.QueryAssert.containsExactly(QueryAssert.java:233)
	at com.teradata.tempto.assertions.QueryAssert.matches(QueryAssert.java:97)
	at com.teradata.tempto.internal.convention.sql.SqlQueryConventionBasedTest.test(SqlQueryConventionBasedTest.java:96)
	at com.teradata.tempto.internal.convention.ConventionBasedTestProxyGenerator$ConventionBasedTestProxy.test(ConventionBasedTestProxyGenerator.java:120)
	at com.teradata.tempto.hive_tpch.q3(Unknown Source)
	at com.teradata.tempto.runner.TemptoRunner.run(TemptoRunner.java:82)
	at com.teradata.tempto.runner.TemptoRunner.runTempto(TemptoRunner.java:59)
	at com.teradata.tempto.runner.TemptoRunner.runTempto(TemptoRunner.java:47)
	at com.facebook.presto.tests.TemptoProductTestRunner.main(TemptoProductTestRunner.java:29)
... Removed 21 stack frames]]>
    </failure>
  </testcase> <!-- sql_tests.testcases.hive_tpch.q3 -->
  <testcase name="sql_tests.testcases.hive_tpch.q5" time="18.619" classname="com.teradata.tempto.hive_tpch">
    <failure type="java.lang.AssertionError" message="Not equal rows:
0 - expected: &amp;lt;INDONESIA|55502041.16970000000|&amp;gt;
0 - actual:   &amp;lt;INDONESIA|55502041.16969997000|&amp;gt;
1 - expected: &amp;lt;VIETNAM|55295086.99670000000|&amp;gt;
1 - actual:   &amp;lt;VIETNAM|55295086.99670005000|&amp;gt;
2 - expected: &amp;lt;CHINA|53724494.25660000000|&amp;gt;
2 - actual:   &amp;lt;CHINA|53724494.25660001000|&amp;gt;
3 - expected: &amp;lt;INDIA|52035512.00020000000|&amp;gt;
3 - actual:   &amp;lt;INDIA|52035512.00019997000|&amp;gt;
4 - expected: &amp;lt;JAPAN|45410175.69540000000|&amp;gt;
4 - actual:   &amp;lt;JAPAN|45410175.69539995000|&amp;gt;">
      <![CDATA[java.lang.AssertionError: Not equal rows:
0 - expected: <INDONESIA|55502041.16970000000|>
0 - actual:   <INDONESIA|55502041.16969997000|>
1 - expected: <VIETNAM|55295086.99670000000|>
1 - actual:   <VIETNAM|55295086.99670005000|>
2 - expected: <CHINA|53724494.25660000000|>
2 - actual:   <CHINA|53724494.25660001000|>
3 - expected: <INDIA|52035512.00020000000|>
3 - actual:   <INDIA|52035512.00019997000|>
4 - expected: <JAPAN|45410175.69540000000|>
4 - actual:   <JAPAN|45410175.69539995000|>
	at org.assertj.core.api.AbstractAssert.failWithMessage(AbstractAssert.java:114)
	at com.teradata.tempto.assertions.QueryAssert.containsExactly(QueryAssert.java:233)
	at com.teradata.tempto.assertions.QueryAssert.matches(QueryAssert.java:97)
	at com.teradata.tempto.internal.convention.sql.SqlQueryConventionBasedTest.test(SqlQueryConventionBasedTest.java:96)
	at com.teradata.tempto.internal.convention.ConventionBasedTestProxyGenerator$ConventionBasedTestProxy.test(ConventionBasedTestProxyGenerator.java:120)
	at com.teradata.tempto.hive_tpch.q5(Unknown Source)
	at com.teradata.tempto.runner.TemptoRunner.run(TemptoRunner.java:82)
	at com.teradata.tempto.runner.TemptoRunner.runTempto(TemptoRunner.java:59)
	at com.teradata.tempto.runner.TemptoRunner.runTempto(TemptoRunner.java:47)
	at com.facebook.presto.tests.TemptoProductTestRunner.main(TemptoProductTestRunner.java:29)
... Removed 21 stack frames]]>
    </failure>
  </testcase> <!-- sql_tests.testcases.hive_tpch.q5 -->
  <testcase name="sql_tests.testcases.hive_tpch.q7" time="25.835" classname="com.teradata.tempto.hive_tpch">
    <failure type="java.lang.AssertionError" message="Not equal rows:
1 - expected: &amp;lt;FRANCE|GERMANY|1996|54633083.30760000000|&amp;gt;
1 - actual:   &amp;lt;FRANCE|GERMANY|1996|54633083.30760002000|&amp;gt;
2 - expected: &amp;lt;GERMANY|FRANCE|1995|52531746.66970000000|&amp;gt;
2 - actual:   &amp;lt;GERMANY|FRANCE|1995|52531746.66970005000|&amp;gt;
3 - expected: &amp;lt;GERMANY|FRANCE|1996|52520549.02240000000|&amp;gt;
3 - actual:   &amp;lt;GERMANY|FRANCE|1996|52520549.02239995000|&amp;gt;">
      <![CDATA[java.lang.AssertionError: Not equal rows:
1 - expected: <FRANCE|GERMANY|1996|54633083.30760000000|>
1 - actual:   <FRANCE|GERMANY|1996|54633083.30760002000|>
2 - expected: <GERMANY|FRANCE|1995|52531746.66970000000|>
2 - actual:   <GERMANY|FRANCE|1995|52531746.66970005000|>
3 - expected: <GERMANY|FRANCE|1996|52520549.02240000000|>
3 - actual:   <GERMANY|FRANCE|1996|52520549.02239995000|>
	at org.assertj.core.api.AbstractAssert.failWithMessage(AbstractAssert.java:114)
	at com.teradata.tempto.assertions.QueryAssert.containsExactly(QueryAssert.java:233)
	at com.teradata.tempto.assertions.QueryAssert.matches(QueryAssert.java:97)
	at com.teradata.tempto.internal.convention.sql.SqlQueryConventionBasedTest.test(SqlQueryConventionBasedTest.java:96)
	at com.teradata.tempto.internal.convention.ConventionBasedTestProxyGenerator$ConventionBasedTestProxy.test(ConventionBasedTestProxyGenerator.java:120)
	at com.teradata.tempto.hive_tpch.q7(Unknown Source)
	at com.teradata.tempto.runner.TemptoRunner.run(TemptoRunner.java:82)
	at com.teradata.tempto.runner.TemptoRunner.runTempto(TemptoRunner.java:59)
	at com.teradata.tempto.runner.TemptoRunner.runTempto(TemptoRunner.java:47)
	at com.facebook.presto.tests.TemptoProductTestRunner.main(TemptoProductTestRunner.java:29)
... Removed 21 stack frames]]>
    </failure>
  </testcase> <!-- sql_tests.testcases.hive_tpch.q7 -->
  <testcase name="sql_tests.testcases.hive_tpch.q8" time="43.185" classname="com.teradata.tempto.hive_tpch"/>
  <testcase name="sql_tests.testcases.hive_tpch.q9" time="172.402" classname="com.teradata.tempto.hive_tpch">
    <failure type="java.lang.AssertionError" message="Not equal rows:
0 - expected: &amp;lt;ALGERIA|1998|27136900.18030000000|&amp;gt;
0 - actual:   &amp;lt;ALGERIA|1998|27136900.18030001200|&amp;gt;
1 - expected: &amp;lt;ALGERIA|1997|48611833.49620000000|&amp;gt;
1 - actual:   &amp;lt;ALGERIA|1997|48611833.49620005000|&amp;gt;
2 - expected: &amp;lt;ALGERIA|1996|48285482.67820000000|&amp;gt;
2 - actual:   &amp;lt;ALGERIA|1996|48285482.67819995000|&amp;gt;
3 - expected: &amp;lt;ALGERIA|1995|44402273.59990000000|&amp;gt;
3 - actual:   &amp;lt;ALGERIA|1995|44402273.59990004000|&amp;gt;
4 - expected: &amp;lt;ALGERIA|1994|48694008.06680000000|&amp;gt;
4 - actual:   &amp;lt;ALGERIA|1994|48694008.06679992000|&amp;gt;
5 - expected: &amp;lt;ALGERIA|1993|46044207.78380000000|&amp;gt;
5 - actual:   &amp;lt;ALGERIA|1993|46044207.78380007000|&amp;gt;
6 - expected: &amp;lt;ALGERIA|1992|45636849.48810000000|&amp;gt;
6 - actual:   &amp;lt;ALGERIA|1992|45636849.48810009000|&amp;gt;
7 - expected: &amp;lt;ARGENTINA|1998|28341663.78480000000|&amp;gt;
7 - actual:   &amp;lt;ARGENTINA|1998|28341663.78480002000|&amp;gt;
8 - expected: &amp;lt;ARGENTINA|1997|47143964.11760000000|&amp;gt;
8 - actual:   &amp;lt;ARGENTINA|1997|47143964.11760004600|&amp;gt;
9 - expected: &amp;lt;ARGENTINA|1996|45255278.60210000000|&amp;gt;
9 - actual:   &amp;lt;ARGENTINA|1996|45255278.60210001000|&amp;gt;
10 - expected: &amp;lt;ARGENTINA|1995|45631769.20540000000|&amp;gt;
10 - actual:   &amp;lt;ARGENTINA|1995|45631769.20539998000|&amp;gt;
11 - expected: &amp;lt;ARGENTINA|1994|48268856.35470000000|&amp;gt;
11 - actual:   &amp;lt;ARGENTINA|1994|48268856.35470001400|&amp;gt;
12 - expected: &amp;lt;ARGENTINA|1993|48605593.61620000000|&amp;gt;
12 - actual:   &amp;lt;ARGENTINA|1993|48605593.61619995500|&amp;gt;
13 - expected: &amp;lt;ARGENTINA|1992|46654240.74870000000|&amp;gt;
13 - actual:   &amp;lt;ARGENTINA|1992|46654240.74870004000|&amp;gt;
14 - expected: &amp;lt;BRAZIL|1998|26527736.39600000000|&amp;gt;
14 - actual:   &amp;lt;BRAZIL|1998|26527736.39600001000|&amp;gt;
15 - expected: &amp;lt;BRAZIL|1997|45640660.76770000000|&amp;gt;
15 - actual:   &amp;lt;BRAZIL|1997|45640660.76770001000|&amp;gt;
16 - expected: &amp;lt;BRAZIL|1996|45090647.16300000000|&amp;gt;
16 - actual:   &amp;lt;BRAZIL|1996|45090647.16300005500|&amp;gt;
17 - expected: &amp;lt;BRAZIL|1995|44015888.51320000000|&amp;gt;
17 - actual:   &amp;lt;BRAZIL|1995|44015888.51319992500|&amp;gt;
18 - expected: &amp;lt;BRAZIL|1994|44854218.89320000000|&amp;gt;
18 - actual:   &amp;lt;BRAZIL|1994|44854218.89319997000|&amp;gt;
19 - expected: &amp;lt;BRAZIL|1993|45766603.73790000000|&amp;gt;
19 - actual:   &amp;lt;BRAZIL|1993|45766603.73790001000|&amp;gt;
20 - expected: &amp;lt;BRAZIL|1992|45280216.80270000000|&amp;gt;
20 - actual:   &amp;lt;BRAZIL|1992|45280216.80270013000|&amp;gt;
21 - expected: &amp;lt;CANADA|1998|26828985.39440000000|&amp;gt;
21 - actual:   &amp;lt;CANADA|1998|26828985.39439999300|&amp;gt;
22 - expected: &amp;lt;CANADA|1997|44849954.31860000000|&amp;gt;
22 - actual:   &amp;lt;CANADA|1997|44849954.31859992000|&amp;gt;
23 - expected: &amp;lt;CANADA|1996|46307936.11080000000|&amp;gt;
23 - actual:   &amp;lt;CANADA|1996|46307936.11079988000|&amp;gt;
24 - expected: &amp;lt;CANADA|1995|47311993.04410000000|&amp;gt;
24 - actual:   &amp;lt;CANADA|1995|47311993.04410010000|&amp;gt;
25 - expected: &amp;lt;CANADA|1994|46691491.95960000000|&amp;gt;
25 - actual:   &amp;lt;CANADA|1994|46691491.95960005400|&amp;gt;
26 - expected: &amp;lt;CANADA|1993|46634791.11210000000|&amp;gt;
26 - actual:   &amp;lt;CANADA|1993|46634791.11210006000|&amp;gt;
27 - expected: &amp;lt;CANADA|1992|45873849.68820000000|&amp;gt;
27 - actual:   &amp;lt;CANADA|1992|45873849.68819998000|&amp;gt;
28 - expected: &amp;lt;CHINA|1998|27510180.16570000000|&amp;gt;
28 - actual:   &amp;lt;CHINA|1998|27510180.16570002000|&amp;gt;
29 - expected: &amp;lt;CHINA|1997|46123865.40970000000|&amp;gt;
29 - actual:   &amp;lt;CHINA|1997|46123865.40969998000|&amp;gt;
30 - expected: &amp;lt;CHINA|1996|49532807.06010000000|&amp;gt;
30 - actual:   &amp;lt;CHINA|1996|49532807.06009988500|&amp;gt;
31 - expected: &amp;lt;CHINA|1995|46734651.48380000000|&amp;gt;
31 - actual:   &amp;lt;CHINA|1995|46734651.48380011000|&amp;gt;
32 - expected: &amp;lt;CHINA|1994|46397896.60970000000|&amp;gt;
32 - actual:   &amp;lt;CHINA|1994|46397896.60970002400|&amp;gt;
33 - expected: &amp;lt;CHINA|1993|49634673.94630000000|&amp;gt;
33 - actual:   &amp;lt;CHINA|1993|49634673.94630012000|&amp;gt;
34 - expected: &amp;lt;CHINA|1992|46949457.64260000000|&amp;gt;
34 - actual:   &amp;lt;CHINA|1992|46949457.64260001000|&amp;gt;
35 - expected: &amp;lt;EGYPT|1998|28401491.79680000000|&amp;gt;
35 - actual:   &amp;lt;EGYPT|1998|28401491.79679999000|&amp;gt;
36 - expected: &amp;lt;EGYPT|1997|47674857.67830000000|&amp;gt;
36 - actual:   &amp;lt;EGYPT|1997|47674857.67830007000|&amp;gt;
37 - expected: &amp;lt;EGYPT|1996|47745727.54500000000|&amp;gt;
37 - actual:   &amp;lt;EGYPT|1996|47745727.54500002400|&amp;gt;
38 - expected: &amp;lt;EGYPT|1995|45897160.67830000000|&amp;gt;
38 - actual:   &amp;lt;EGYPT|1995|45897160.67830006000|&amp;gt;
39 - expected: &amp;lt;EGYPT|1994|47194895.22800000000|&amp;gt;
39 - actual:   &amp;lt;EGYPT|1994|47194895.22800003000|&amp;gt;
40 - expected: &amp;lt;EGYPT|1993|49133627.64710000000|&amp;gt;
40 - actual:   &amp;lt;EGYPT|1993|49133627.64709988000|&amp;gt;
41 - expected: &amp;lt;EGYPT|1992|47000574.50270000000|&amp;gt;
41 - actual:   &amp;lt;EGYPT|1992|47000574.50269995000|&amp;gt;
42 - expected: &amp;lt;ETHIOPIA|1998|25135046.13770000000|&amp;gt;
42 - actual:   &amp;lt;ETHIOPIA|1998|25135046.13770001000|&amp;gt;
43 - expected: &amp;lt;ETHIOPIA|1997|43010596.08380000000|&amp;gt;
43 - actual:   &amp;lt;ETHIOPIA|1997|43010596.08380008000|&amp;gt;
44 - expected: &amp;lt;ETHIOPIA|1996|43636287.19220000000|&amp;gt;
44 - actual:   &amp;lt;ETHIOPIA|1996|43636287.19220002000|&amp;gt;
45 - expected: &amp;lt;ETHIOPIA|1995|43575757.33430000000|&amp;gt;
45 - actual:   &amp;lt;ETHIOPIA|1995|43575757.33429998000|&amp;gt;
46 - expected: &amp;lt;ETHIOPIA|1994|41597208.52830000000|&amp;gt;
46 - actual:   &amp;lt;ETHIOPIA|1994|41597208.52830006000|&amp;gt;
47 - expected: &amp;lt;ETHIOPIA|1993|42622804.16160000000|&amp;gt;
47 - actual:   &amp;lt;ETHIOPIA|1993|42622804.16159994000|&amp;gt;
48 - expected: &amp;lt;ETHIOPIA|1992|44385735.68130000000|&amp;gt;
48 - actual:   &amp;lt;ETHIOPIA|1992|44385735.68130001000|&amp;gt;
49 - expected: &amp;lt;FRANCE|1998|26210392.28040000000|&amp;gt;
49 - actual:   &amp;lt;FRANCE|1998|26210392.28039999700|&amp;gt;
50 - expected: &amp;lt;FRANCE|1997|42392969.47310000000|&amp;gt;
50 - actual:   &amp;lt;FRANCE|1997|42392969.47309999000|&amp;gt;
51 - expected: &amp;lt;FRANCE|1996|43306317.97490000000|&amp;gt;
51 - actual:   &amp;lt;FRANCE|1996|43306317.97490007000|&amp;gt;
52 - expected: &amp;lt;FRANCE|1995|46377408.43280000000|&amp;gt;
52 - actual:   &amp;lt;FRANCE|1995|46377408.43279995000|&amp;gt;
53 - expected: &amp;lt;FRANCE|1994|43447352.99220000000|&amp;gt;
53 - actual:   &amp;lt;FRANCE|1994|43447352.99220008400|&amp;gt;
54 - expected: &amp;lt;FRANCE|1993|43729961.06390000000|&amp;gt;
54 - actual:   &amp;lt;FRANCE|1993|43729961.06390004000|&amp;gt;
55 - expected: &amp;lt;FRANCE|1992|44052308.42900000000|&amp;gt;
55 - actual:   &amp;lt;FRANCE|1992|44052308.42900004000|&amp;gt;
56 - expected: &amp;lt;GERMANY|1998|25991257.10710000000|&amp;gt;
56 - actual:   &amp;lt;GERMANY|1998|25991257.10710004000|&amp;gt;
57 - expected: &amp;lt;GERMANY|1997|43968355.80790000000|&amp;gt;
57 - actual:   &amp;lt;GERMANY|1997|43968355.80789997400|&amp;gt;
58 - expected: &amp;lt;GERMANY|1996|45882074.80490000000|&amp;gt;
58 - actual:   &amp;lt;GERMANY|1996|45882074.80490002000|&amp;gt;
59 - expected: &amp;lt;GERMANY|1995|43314338.30770000000|&amp;gt;
59 - actual:   &amp;lt;GERMANY|1995|43314338.30769999000|&amp;gt;
60 - expected: &amp;lt;GERMANY|1994|44616995.43690000000|&amp;gt;
60 - actual:   &amp;lt;GERMANY|1994|44616995.43689999000|&amp;gt;
61 - expected: &amp;lt;GERMANY|1993|45126645.91130000000|&amp;gt;
61 - actual:   &amp;lt;GERMANY|1993|45126645.91129999600|&amp;gt;
62 - expected: &amp;lt;GERMANY|1992|44361141.21070000000|&amp;gt;
62 - actual:   &amp;lt;GERMANY|1992|44361141.21070010000|&amp;gt;
63 - expected: &amp;lt;INDIA|1998|29626417.23790000000|&amp;gt;
63 - actual:   &amp;lt;INDIA|1998|29626417.23789997400|&amp;gt;
64 - expected: &amp;lt;INDIA|1997|51386111.34480000000|&amp;gt;
64 - actual:   &amp;lt;INDIA|1997|51386111.34479996600|&amp;gt;
65 - expected: &amp;lt;INDIA|1996|47571018.51220000000|&amp;gt;
65 - actual:   &amp;lt;INDIA|1996|47571018.51220007000|&amp;gt;
66 - expected: &amp;lt;INDIA|1995|49344062.28290000000|&amp;gt;
66 - actual:   &amp;lt;INDIA|1995|49344062.28290008000|&amp;gt;
67 - expected: &amp;lt;INDIA|1994|50106952.42610000000|&amp;gt;
67 - actual:   &amp;lt;INDIA|1994|50106952.42609998600|&amp;gt;
68 - expected: &amp;lt;INDIA|1993|48112766.69870000000|&amp;gt;
68 - actual:   &amp;lt;INDIA|1993|48112766.69870005000|&amp;gt;
69 - expected: &amp;lt;INDIA|1992|47914303.12340000000|&amp;gt;
69 - actual:   &amp;lt;INDIA|1992|47914303.12339996000|&amp;gt;
70 - expected: &amp;lt;INDONESIA|1998|27734909.67630000000|&amp;gt;
70 - actual:   &amp;lt;INDONESIA|1998|27734909.67630001500|&amp;gt;
71 - expected: &amp;lt;INDONESIA|1997|44593812.98630000000|&amp;gt;
71 - actual:   &amp;lt;INDONESIA|1997|44593812.98630007000|&amp;gt;
72 - expected: &amp;lt;INDONESIA|1996|44746729.80780000000|&amp;gt;
72 - actual:   &amp;lt;INDONESIA|1996|44746729.80779997000|&amp;gt;
73 - expected: &amp;lt;INDONESIA|1995|45593622.69930000000|&amp;gt;
73 - actual:   &amp;lt;INDONESIA|1995|45593622.69929997000|&amp;gt;
74 - expected: &amp;lt;INDONESIA|1994|45988483.87720000000|&amp;gt;
74 - actual:   &amp;lt;INDONESIA|1994|45988483.87720007400|&amp;gt;
75 - expected: &amp;lt;INDONESIA|1993|46147963.78950000000|&amp;gt;
75 - actual:   &amp;lt;INDONESIA|1993|46147963.78949999000|&amp;gt;
76 - expected: &amp;lt;INDONESIA|1992|45185777.06880000000|&amp;gt;
76 - actual:   &amp;lt;INDONESIA|1992|45185777.06879996000|&amp;gt;
77 - expected: &amp;lt;IRAN|1998|26661608.93010000000|&amp;gt;
77 - actual:   &amp;lt;IRAN|1998|26661608.93009998600|&amp;gt;
78 - expected: &amp;lt;IRAN|1997|45019114.16960000000|&amp;gt;
78 - actual:   &amp;lt;IRAN|1997|45019114.16960008400|&amp;gt;
79 - expected: &amp;lt;IRAN|1996|45891397.09920000000|&amp;gt;
79 - actual:   &amp;lt;IRAN|1996|45891397.09920005000|&amp;gt;
80 - expected: &amp;lt;IRAN|1995|44414285.23480000000|&amp;gt;
80 - actual:   &amp;lt;IRAN|1995|44414285.23480003000|&amp;gt;
82 - expected: &amp;lt;IRAN|1993|45362775.80940000000|&amp;gt;
82 - actual:   &amp;lt;IRAN|1993|45362775.80940005000|&amp;gt;
83 - expected: &amp;lt;IRAN|1992|43052338.41430000000|&amp;gt;
83 - actual:   &amp;lt;IRAN|1992|43052338.41430001000|&amp;gt;
84 - expected: &amp;lt;IRAQ|1998|31188498.19140000000|&amp;gt;
84 - actual:   &amp;lt;IRAQ|1998|31188498.19140001800|&amp;gt;
85 - expected: &amp;lt;IRAQ|1997|48585307.52220000000|&amp;gt;
85 - actual:   &amp;lt;IRAQ|1997|48585307.52219990000|&amp;gt;
86 - expected: &amp;lt;IRAQ|1996|50036593.84040000000|&amp;gt;
86 - actual:   &amp;lt;IRAQ|1996|50036593.84040013000|&amp;gt;
87 - expected: &amp;lt;IRAQ|1995|48774801.72750000000|&amp;gt;
87 - actual:   &amp;lt;IRAQ|1995|48774801.72749997000|&amp;gt;
88 - expected: &amp;lt;IRAQ|1994|48795847.23100000000|&amp;gt;
88 - actual:   &amp;lt;IRAQ|1994|48795847.23100008000|&amp;gt;
89 - expected: &amp;lt;IRAQ|1993|47435691.50820000000|&amp;gt;
89 - actual:   &amp;lt;IRAQ|1993|47435691.50820012400|&amp;gt;
91 - expected: &amp;lt;JAPAN|1998|24694102.17200000000|&amp;gt;
91 - actual:   &amp;lt;JAPAN|1998|24694102.17199999500|&amp;gt;
92 - expected: &amp;lt;JAPAN|1997|42377052.34540000000|&amp;gt;
92 - actual:   &amp;lt;JAPAN|1997|42377052.34539999000|&amp;gt;
93 - expected: &amp;lt;JAPAN|1996|40267778.90940000000|&amp;gt;
93 - actual:   &amp;lt;JAPAN|1996|40267778.90940003000|&amp;gt;
94 - expected: &amp;lt;JAPAN|1995|40925317.46500000000|&amp;gt;
94 - actual:   &amp;lt;JAPAN|1995|40925317.46499999000|&amp;gt;
95 - expected: &amp;lt;JAPAN|1994|41159518.30580000000|&amp;gt;
95 - actual:   &amp;lt;JAPAN|1994|41159518.30579998000|&amp;gt;
96 - expected: &amp;lt;JAPAN|1993|39589074.27710000000|&amp;gt;
96 - actual:   &amp;lt;JAPAN|1993|39589074.27710004000|&amp;gt;
97 - expected: &amp;lt;JAPAN|1992|39113493.90520000000|&amp;gt;
97 - actual:   &amp;lt;JAPAN|1992|39113493.90519999000|&amp;gt;
98 - expected: &amp;lt;JORDAN|1998|23489867.78930000000|&amp;gt;
98 - actual:   &amp;lt;JORDAN|1998|23489867.78929999000|&amp;gt;
99 - expected: &amp;lt;JORDAN|1997|41615962.66190000000|&amp;gt;
99 - actual:   &amp;lt;JORDAN|1997|41615962.66190001000|&amp;gt;
100 - expected: &amp;lt;JORDAN|1996|41860855.46840000000|&amp;gt;
100 - actual:   &amp;lt;JORDAN|1996|41860855.46840006000|&amp;gt;
101 - expected: &amp;lt;JORDAN|1995|39931672.09080000000|&amp;gt;
101 - actual:   &amp;lt;JORDAN|1995|39931672.09079993500|&amp;gt;
103 - expected: &amp;lt;JORDAN|1993|39060405.46580000000|&amp;gt;
103 - actual:   &amp;lt;JORDAN|1993|39060405.46580009000|&amp;gt;
104 - expected: &amp;lt;JORDAN|1992|41657604.26840000000|&amp;gt;
104 - actual:   &amp;lt;JORDAN|1992|41657604.26840006000|&amp;gt;
105 - expected: &amp;lt;KENYA|1998|25566337.43030000000|&amp;gt;
105 - actual:   &amp;lt;KENYA|1998|25566337.43030003500|&amp;gt;
106 - expected: &amp;lt;KENYA|1997|43108847.90240000000|&amp;gt;
106 - actual:   &amp;lt;KENYA|1997|43108847.90239999000|&amp;gt;
107 - expected: &amp;lt;KENYA|1996|43482953.54300000000|&amp;gt;
107 - actual:   &amp;lt;KENYA|1996|43482953.54299992000|&amp;gt;
109 - expected: &amp;lt;KENYA|1994|43612479.45230000000|&amp;gt;
109 - actual:   &amp;lt;KENYA|1994|43612479.45229993000|&amp;gt;
110 - expected: &amp;lt;KENYA|1993|42724038.75710000000|&amp;gt;
110 - actual:   &amp;lt;KENYA|1993|42724038.75709994000|&amp;gt;
111 - expected: &amp;lt;KENYA|1992|43217106.20680000000|&amp;gt;
111 - actual:   &amp;lt;KENYA|1992|43217106.20679998400|&amp;gt;
112 - expected: &amp;lt;MOROCCO|1998|24915496.87560000000|&amp;gt;
112 - actual:   &amp;lt;MOROCCO|1998|24915496.87560001800|&amp;gt;
113 - expected: &amp;lt;MOROCCO|1997|42698382.85500000000|&amp;gt;
113 - actual:   &amp;lt;MOROCCO|1997|42698382.85500001000|&amp;gt;
114 - expected: &amp;lt;MOROCCO|1996|42986113.50490000000|&amp;gt;
114 - actual:   &amp;lt;MOROCCO|1996|42986113.50490005000|&amp;gt;
115 - expected: &amp;lt;MOROCCO|1995|42316089.15930000000|&amp;gt;
115 - actual:   &amp;lt;MOROCCO|1995|42316089.15929995000|&amp;gt;
116 - expected: &amp;lt;MOROCCO|1994|43458604.60290000000|&amp;gt;
116 - actual:   &amp;lt;MOROCCO|1994|43458604.60290006000|&amp;gt;
117 - expected: &amp;lt;MOROCCO|1993|42672288.06990000000|&amp;gt;
117 - actual:   &amp;lt;MOROCCO|1993|42672288.06989993000|&amp;gt;
118 - expected: &amp;lt;MOROCCO|1992|42800781.64150000000|&amp;gt;
118 - actual:   &amp;lt;MOROCCO|1992|42800781.64149997400|&amp;gt;
119 - expected: &amp;lt;MOZAMBIQUE|1998|28279876.03010000000|&amp;gt;
119 - actual:   &amp;lt;MOZAMBIQUE|1998|28279876.03009999500|&amp;gt;
120 - expected: &amp;lt;MOZAMBIQUE|1997|51159216.22980000000|&amp;gt;
120 - actual:   &amp;lt;MOZAMBIQUE|1997|51159216.22979998600|&amp;gt;
121 - expected: &amp;lt;MOZAMBIQUE|1996|48072525.06450000000|&amp;gt;
121 - actual:   &amp;lt;MOZAMBIQUE|1996|48072525.06449997400|&amp;gt;
122 - expected: &amp;lt;MOZAMBIQUE|1995|48905200.60070000000|&amp;gt;
122 - actual:   &amp;lt;MOZAMBIQUE|1995|48905200.60069997000|&amp;gt;
123 - expected: &amp;lt;MOZAMBIQUE|1994|46092076.28050000000|&amp;gt;
123 - actual:   &amp;lt;MOZAMBIQUE|1994|46092076.28049999000|&amp;gt;
124 - expected: &amp;lt;MOZAMBIQUE|1993|48555926.26690000000|&amp;gt;
124 - actual:   &amp;lt;MOZAMBIQUE|1993|48555926.26689996600|&amp;gt;
[...]
	at com.teradata.tempto.internal.context.GuiceTestContext.createChildContext(GuiceTestContext.java:121)
	at com.teradata.tempto.internal.initialization.TestInitializationListener.onTestStart(TestInitializationListener.java:210)
	at com.teradata.tempto.runner.TemptoRunner.run(TemptoRunner.java:82)
	at com.teradata.tempto.runner.TemptoRunner.runTempto(TemptoRunner.java:59)
	at com.teradata.tempto.runner.TemptoRunner.runTempto(TemptoRunner.java:47)
	at com.facebook.presto.tests.TemptoProductTestRunner.main(TemptoProductTestRunner.java:29)
Caused by: java.lang.RuntimeException: java.io.IOException: Too many open files
	at com.google.common.base.Throwables.propagate(Throwables.java:160)
	at io.airlift.http.client.jetty.JettyHttpClient.<init>(JettyHttpClient.java:213)
	at io.airlift.http.client.jetty.JettyHttpClient.<init>(JettyHttpClient.java:129)
	at io.airlift.http.client.jetty.JettyHttpClient.<init>(JettyHttpClient.java:119)
	at com.facebook.presto.tests.querystats.QueryStatsClientModuleProvider$1.configure(QueryStatsClientModuleProvider.java:48)
	at com.google.inject.PrivateModule.configure(PrivateModule.java:100)
	at com.google.inject.spi.Elements$RecordingBinder.install(Elements.java:340)
	at com.google.inject.util.Modules$CombinedModule.configure(Modules.java:128)
	at com.google.inject.spi.Elements$RecordingBinder.install(Elements.java:340)
	at com.google.inject.util.Modules$CombinedModule.configure(Modules.java:128)
	at com.google.inject.spi.Elements$RecordingBinder.install(Elements.java:340)
	at com.google.inject.util.Modules$CombinedModule.configure(Modules.java:128)
	at com.google.inject.spi.Elements$RecordingBinder.install(Elements.java:340)
	at com.google.inject.spi.Elements.getElements(Elements.java:110)
	at com.google.inject.util.Modules$OverrideModule.configure(Modules.java:177)
	at com.google.inject.AbstractModule.configure(AbstractModule.java:62)
	at com.google.inject.spi.Elements$RecordingBinder.install(Elements.java:340)
	at com.google.inject.spi.Elements.getElements(Elements.java:110)
	at com.google.inject.util.Modules$OverrideModule.configure(Modules.java:177)
	at com.google.inject.AbstractModule.configure(AbstractModule.java:62)
	at com.google.inject.spi.Elements$RecordingBinder.install(Elements.java:340)
	at com.google.inject.spi.Elements.getElements(Elements.java:110)
	at com.google.inject.util.Modules$OverrideModule.configure(Modules.java:177)
	at com.google.inject.AbstractModule.configure(AbstractModule.java:62)
	at com.google.inject.spi.Elements$RecordingBinder.install(Elements.java:340)
	at com.google.inject.util.Modules$CombinedModule.configure(Modules.java:128)
	at com.google.inject.spi.Elements$RecordingBinder.install(Elements.java:340)
	at com.google.inject.spi.Elements.getElements(Elements.java:110)
	at com.google.inject.internal.InjectorShell$Builder.build(InjectorShell.java:138)
	at com.google.inject.internal.InternalInjectorCreator.build(InternalInjectorCreator.java:104)
	... 29 more
Caused by: java.io.IOException: Too many open files
	at sun.nio.ch.IOUtil.makePipe(Native Method)
	at sun.nio.ch.EPollSelectorImpl.<init>(EPollSelectorImpl.java:65)
	at sun.nio.ch.EPollSelectorProvider.openSelector(EPollSelectorProvider.java:36)
	at java.nio.channels.Selector.open(Selector.java:227)
	at org.eclipse.jetty.io.SelectorManager$ManagedSelector.doStart(SelectorManager.java:424)
	at org.eclipse.jetty.util.component.AbstractLifeCycle.start(AbstractLifeCycle.java:68)
	at org.eclipse.jetty.io.SelectorManager.doStart(SelectorManager.java:257)
	at org.eclipse.jetty.util.component.AbstractLifeCycle.start(AbstractLifeCycle.java:68)
	at org.eclipse.jetty.util.component.ContainerLifeCycle.start(ContainerLifeCycle.java:132)
	at org.eclipse.jetty.util.component.ContainerLifeCycle.doStart(ContainerLifeCycle.java:114)
	at org.eclipse.jetty.client.AbstractHttpClientTransport.doStart(AbstractHttpClientTransport.java:67)
	at org.eclipse.jetty.util.component.AbstractLifeCycle.start(AbstractLifeCycle.java:68)
	at org.eclipse.jetty.util.component.ContainerLifeCycle.start(ContainerLifeCycle.java:132)
	at org.eclipse.jetty.util.component.ContainerLifeCycle.doStart(ContainerLifeCycle.java:114)
	at org.eclipse.jetty.client.HttpClient.doStart(HttpClient.java:224)
	at org.eclipse.jetty.util.component.AbstractLifeCycle.start(AbstractLifeCycle.java:68)
	at io.airlift.http.client.jetty.JettyHttpClient.<init>(JettyHttpClient.java:203)
	... 57 more
... Removed 18 stack frames]]>
    </failure>
  </testcase> <!-- testLogicalOperatorsExists -->
  <testcase name="testArrayConcatenationOperatorAvailable" time="0.108" classname="com.facebook.presto.tests.functions.TestArrayFunctions">
    <failure type="com.google.inject.CreationException" message="Unable to create injector, see the following errors:

1) No implementation for io.airlift.http.client.HttpClient was bound.
  at com.facebook.presto.tests.querystats.QueryStatsClientModuleProvider$1.configure(QueryStatsClientModuleProvider.java:48) (via modules: com.google.inject.util.Modules$CombinedModule -&amp;gt; com.google.inject.util.Modules$OverrideModule -&amp;gt; com.google.inject.util.Modules$OverrideModule -&amp;gt; com.google.inject.util.Modules$OverrideModule -&amp;gt; com.google.inject.util.Modules$CombinedModule -&amp;gt; com.google.inject.util.Modules$CombinedModule -&amp;gt; com.google.inject.util.Modules$CombinedModule -&amp;gt; com.facebook.presto.tests.querystats.QueryStatsClientModuleProvider$1)

2) An exception was caught and reported. Message: java.io.IOException: Too many open files
  at com.google.inject.util.Modules$OverrideModule.configure(Modules.java:177) (via modules: com.google.inject.util.Modules$CombinedModule -&amp;gt; com.google.inject.util.Modules$CombinedModule -&amp;gt; com.google.inject.util.Modules$CombinedModule -&amp;gt; com.facebook.presto.tests.querystats.QueryStatsClientModuleProvider$1)

2 errors">
      <![CDATA[com.google.inject.CreationException: Unable to create injector, see the following errors:

1) No implementation for io.airlift.http.client.HttpClient was bound.
  at com.facebook.presto.tests.querystats.QueryStatsClientModuleProvider$1.configure(QueryStatsClientModuleProvider.java:48) (via modules: com.google.inject.util.Modules$CombinedModule -> com.google.inject.util.Modules$OverrideModule -> com.google.inject.util.Modules$OverrideModule -> com.google.inject.util.Modules$OverrideModule -> com.google.inject.util.Modules$CombinedModule -> com.google.inject.util.Modules$CombinedModule -> com.google.inject.util.Modules$CombinedModule -> com.facebook.presto.tests.querystats.QueryStatsClientModuleProvider$1)

2) An exception was caught and reported. Message: java.io.IOException: Too many open files
  at com.google.inject.util.Modules$OverrideModule.configure(Modules.java:177) (via modules: com.google.inject.util.Modules$CombinedModule -> com.google.inject.util.Modules$CombinedModule -> com.google.inject.util.Modules$CombinedModule -> com.facebook.presto.tests.querystats.QueryStatsClientModuleProvider$1)

2 errors
	at com.google.inject.internal.Errors.throwCreationExceptionIfErrorsExist(Errors.java:466)
	at com.google.inject.internal.InternalInjectorCreator.initializeStatically(InternalInjectorCreator.java:155)
	at com.google.inject.internal.InternalInjectorCreator.build(InternalInjectorCreator.java:107)
	at com.google.inject.Guice.createInjector(Guice.java:96)
	at com.google.inject.Guice.createInjector(Guice.java:73)
	at com.google.inject.Guice.createInjector(Guice.java:62)
	at com.teradata.tempto.internal.context.GuiceTestContext.buildInjector(GuiceTestContext.java:160)
	at com.teradata.tempto.internal.context.GuiceTestContext.<init>(GuiceTestContext.java:64)
	at com.teradata.tempto.internal.context.GuiceTestContext.createChildContext(GuiceTestContext.java:121)
	at com.teradata.tempto.internal.initialization.TestInitializationListener.onTestStart(TestInitializationListener.java:210)
	at com.teradata.tempto.runner.TemptoRunner.run(TemptoRunner.java:82)
	at com.teradata.tempto.runner.TemptoRunner.runTempto(TemptoRunner.java:59)
	at com.teradata.tempto.runner.TemptoRunner.runTempto(TemptoRunner.java:47)
	at com.facebook.presto.tests.TemptoProductTestRunner.main(TemptoProductTestRunner.java:29)
Caused by: java.lang.RuntimeException: java.io.IOException: Too many open files
	at com.google.common.base.Throwables.propagate(Throwables.java:160)
	at io.airlift.http.client.jetty.JettyHttpClient.<init>(JettyHttpClient.java:213)
	at io.airlift.http.client.jetty.JettyHttpClient.<init>(JettyHttpClient.java:129)
	at io.airlift.http.client.jetty.JettyHttpClient.<init>(JettyHttpClient.java:119)
	at com.facebook.presto.tests.querystats.QueryStatsClientModuleProvider$1.configure(QueryStatsClientModuleProvider.java:48)
	at com.google.inject.PrivateModule.configure(PrivateModule.java:100)
	at com.google.inject.spi.Elements$RecordingBinder.install(Elements.java:340)
	at com.google.inject.util.Modules$CombinedModule.configure(Modules.java:128)
	at com.google.inject.spi.Elements$RecordingBinder.install(Elements.java:340)
	at com.google.inject.util.Modules$CombinedModule.configure(Modules.java:128)
	at com.google.inject.spi.Elements$RecordingBinder.install(Elements.java:340)
	at com.google.inject.util.Modules$CombinedModule.configure(Modules.java:128)
	at com.google.inject.spi.Elements$RecordingBinder.install(Elements.java:340)
	at com.google.inject.spi.Elements.getElements(Elements.java:110)
	at com.google.inject.util.Modules$OverrideModule.configure(Modules.java:177)
	at com.google.inject.AbstractModule.configure(AbstractModule.java:62)
	at com.google.inject.spi.Elements$RecordingBinder.install(Elements.java:340)
	at com.google.inject.spi.Elements.getElements(Elements.java:110)
	at com.google.inject.util.Modules$OverrideModule.configure(Modules.java:177)
	at com.google.inject.AbstractModule.configure(AbstractModule.java:62)
	at com.google.inject.spi.Elements$RecordingBinder.install(Elements.java:340)
	at com.google.inject.spi.Elements.getElements(Elements.java:110)
	at com.google.inject.util.Modules$OverrideModule.configure(Modules.java:177)
	at com.google.inject.AbstractModule.configure(AbstractModule.java:62)
	at com.google.inject.spi.Elements$RecordingBinder.install(Elements.java:340)
	at com.google.inject.util.Modules$CombinedModule.configure(Modules.java:128)
	at com.google.inject.spi.Elements$RecordingBinder.install(Elements.java:340)
	at com.google.inject.spi.Elements.getElements(Elements.java:110)
	at com.google.inject.internal.InjectorShell$Builder.build(InjectorShell.java:138)
	at com.google.inject.internal.InternalInjectorCreator.build(InternalInjectorCreator.java:104)
	... 29 more
Caused by: java.io.IOException: Too many open files
	at sun.nio.ch.IOUtil.makePipe(Native Method)
	at sun.nio.ch.EPollSelectorImpl.<init>(EPollSelectorImpl.java:65)
	at sun.nio.ch.EPollSelectorProvider.openSelector(EPollSelectorProvider.java:36)
	at java.nio.channels.Selector.open(Selector.java:227)
	at org.eclipse.jetty.io.SelectorManager$ManagedSelector.doStart(SelectorManager.java:424)
	at org.eclipse.jetty.util.component.AbstractLifeCycle.start(AbstractLifeCycle.java:68)
	at org.eclipse.jetty.io.SelectorManager.doStart(SelectorManager.java:257)
	at org.eclipse.jetty.util.component.AbstractLifeCycle.start(AbstractLifeCycle.java:68)
	at org.eclipse.jetty.util.component.ContainerLifeCycle.start(ContainerLifeCycle.java:132)
	at org.eclipse.jetty.util.component.ContainerLifeCycle.doStart(ContainerLifeCycle.java:114)
	at org.eclipse.jetty.client.AbstractHttpClientTransport.doStart(AbstractHttpClientTransport.java:67)
	at org.eclipse.jetty.util.component.AbstractLifeCycle.start(AbstractLifeCycle.java:68)
	at org.eclipse.jetty.util.component.ContainerLifeCycle.start(ContainerLifeCycle.java:132)
	at org.eclipse.jetty.util.component.ContainerLifeCycle.doStart(ContainerLifeCycle.java:114)
	at org.eclipse.jetty.client.HttpClient.doStart(HttpClient.java:224)
	at org.eclipse.jetty.util.component.AbstractLifeCycle.start(AbstractLifeCycle.java:68)
	at io.airlift.http.client.jetty.JettyHttpClient.<init>(JettyHttpClient.java:203)
	... 57 more
... Removed 18 stack frames]]>
    </failure>
  </testcase> <!-- testArrayConcatenationOperatorAvailable -->
  <testcase name="testArrayCreationOperatorAvailable" time="0.028" classname="com.facebook.presto.tests.functions.TestArrayFunctions">
    <failure type="com.google.inject.CreationException" message="Unable to create injector, see the following errors:

1) No implementation for io.airlift.http.client.HttpClient was bound.
  at com.facebook.presto.tests.querystats.QueryStatsClientModuleProvider$1.configure(QueryStatsClientModuleProvider.java:48) (via modules: com.google.inject.util.Modules$CombinedModule -&amp;gt; com.google.inject.util.Modules$OverrideModule -&amp;gt; com.google.inject.util.Modules$OverrideModule -&amp;gt; com.google.inject.util.Modules$OverrideModule -&amp;gt; com.google.inject.util.Modules$CombinedModule -&amp;gt; com.google.inject.util.Modules$CombinedModule -&amp;gt; com.google.inject.util.Modules$CombinedModule -&amp;gt; com.facebook.presto.tests.querystats.QueryStatsClientModuleProvider$1)

2) An exception was caught and reported. Message: java.io.IOException: Too many open files
  at com.google.inject.util.Modules$OverrideModule.configure(Modules.java:177) (via modules: com.google.inject.util.Modules$CombinedModule -&amp;gt; com.google.inject.util.Modules$CombinedModule -&amp;gt; com.google.inject.util.Modules$CombinedModule -&amp;gt; com.facebook.presto.tests.querystats.QueryStatsClientModuleProvider$1)

2 errors">
      <![CDATA[com.google.inject.CreationException: Unable to create injector, see the following errors:

1) No implementation for io.airlift.http.client.HttpClient was bound.
  at com.facebook.presto.tests.querystats.QueryStatsClientModuleProvider$1.configure(QueryStatsClientModuleProvider.java:48) (via modules: com.google.inject.util.Modules$CombinedModule -> com.google.inject.util.Modules$OverrideModule -> com.google.inject.util.Modules$OverrideModule -> com.google.inject.util.Modules$OverrideModule -> com.google.inject.util.Modules$CombinedModule -> com.google.inject.util.Modules$CombinedModule -> com.google.inject.util.Modules$CombinedModule -> com.facebook.presto.tests.querystats.QueryStatsClientModuleProvider$1)

2) An exception was caught and reported. Message: java.io.IOException: Too many open files
  at com.google.inject.util.Modules$OverrideModule.configure(Modules.java:177) (via modules: com.google.inject.util.Modules$CombinedModule -> com.google.inject.util.Modules$CombinedModule -> com.google.inject.util.Modules$CombinedModule -> com.facebook.presto.tests.querystats.QueryStatsClientModuleProvider$1)

2 errors
	at com.google.inject.internal.Errors.throwCreationExceptionIfErrorsExist(Errors.java:466)
	at com.google.inject.internal.InternalInjectorCreator.initializeStatically(InternalInjectorCreator.java:155)
	at com.google.inject.internal.InternalInjectorCreator.build(InternalInjectorCreator.java:107)
	at com.google.inject.Guice.createInjector(Guice.java:96)
	at com.google.inject.Guice.createInjector(Guice.java:73)
	at com.google.inject.Guice.createInjector(Guice.java:62)
	at com.teradata.tempto.internal.context.GuiceTestContext.buildInjector(GuiceTestContext.java:160)
	at com.teradata.tempto.internal.context.GuiceTestContext.<init>(GuiceTestContext.java:64)
	at com.teradata.tempto.internal.context.GuiceTestContext.createChildContext(GuiceTestContext.java:121)
	at com.teradata.tempto.internal.initialization.TestInitializationListener.onTestStart(TestInitializationListener.java:210)
	at com.teradata.tempto.runner.TemptoRunner.run(TemptoRunner.java:82)
	at com.teradata.tempto.runner.TemptoRunner.runTempto(TemptoRunner.java:59)
	at com.teradata.tempto.runner.TemptoRunner.runTempto(TemptoRunner.java:47)
	at com.facebook.presto.tests.TemptoProductTestRunner.main(TemptoProductTestRunner.java:29)
Caused by: java.lang.RuntimeException: java.io.IOException: Too many open files
	at com.google.common.base.Throwables.propagate(Throwables.java:160)
	at io.airlift.http.client.jetty.JettyHttpClient.<init>(JettyHttpClient.java:213)
	at io.airlift.http.client.jetty.JettyHttpClient.<init>(JettyHttpClient.java:129)
	at io.airlift.http.client.jetty.JettyHttpClient.<init>(JettyHttpClient.java:119)
	at com.facebook.presto.tests.querystats.QueryStatsClientModuleProvider$1.configure(QueryStatsClientModuleProvider.java:48)
	at com.google.inject.PrivateModule.configure(PrivateModule.java:100)
	at com.google.inject.spi.Elements$RecordingBinder.install(Elements.java:340)
	at com.google.inject.util.Modules$CombinedModule.configure(Modules.java:128)
	at com.google.inject.spi.Elements$RecordingBinder.install(Elements.java:340)
	at com.google.inject.util.Modules$CombinedModule.configure(Modules.java:128)
	at com.google.inject.spi.Elements$RecordingBinder.install(Elements.java:340)
	at com.google.inject.util.Modules$CombinedModule.configure(Modules.java:128)
	at com.google.inject.spi.Elements$RecordingBinder.install(Elements.java:340)
	at com.google.inject.spi.Elements.getElements(Elements.java:110)
	at com.google.inject.util.Modules$OverrideModule.configure(Modules.java:177)
	at com.google.inject.AbstractModule.configure(AbstractModule.java:62)
	at com.google.inject.spi.Elements$RecordingBinder.install(Elements.java:340)
	at com.google.inject.spi.Elements.getElements(Elements.java:110)
	at com.google.inject.util.Modules$OverrideModule.configure(Modules.java:177)
	at com.google.inject.AbstractModule.configure(AbstractModule.java:62)
	at com.google.inject.spi.Elements$RecordingBinder.install(Elements.java:340)
	at com.google.inject.spi.Elements.getElements(Elements.java:110)
	at com.google.inject.util.Modules$OverrideModule.configure(Modules.java:177)
	at com.google.inject.AbstractModule.configure(AbstractModule.java:62)
	at com.google.inject.spi.Elements$RecordingBinder.install(Elements.java:340)
	at com.google.inject.util.Modules$CombinedModule.configure(Modules.java:128)
	at com.google.inject.spi.Elements$RecordingBinder.install(Elements.java:340)
	at com.google.inject.spi.Elements.getElements(Elements.java:110)
	at com.google.inject.internal.InjectorShell$Builder.build(InjectorShell.java:138)
	at com.google.inject.internal.InternalInjectorCreator.build(InternalInjectorCreator.java:104)
	... 29 more
Caused by: java.io.IOException: Too many open files
	at sun.nio.ch.IOUtil.makePipe(Native Method)
	at sun.nio.ch.EPollSelectorImpl.<init>(EPollSelectorImpl.java:65)
	at sun.nio.ch.EPollSelectorProvider.openSelector(EPollSelectorProvider.java:36)
	at java.nio.channels.Selector.open(Selector.java:227)
	at org.eclipse.jetty.io.SelectorManager$ManagedSelector.doStart(SelectorManager.java:424)
	at org.eclipse.jetty.util.component.AbstractLifeCycle.start(AbstractLifeCycle.java:68)
	at org.eclipse.jetty.io.SelectorManager.doStart(SelectorManager.java:257)
	at org.eclipse.jetty.util.component.AbstractLifeCycle.start(AbstractLifeCycle.java:68)
	at org.eclipse.jetty.util.component.ContainerLifeCycle.start(ContainerLifeCycle.java:132)
	at org.eclipse.jetty.util.component.ContainerLifeCycle.doStart(ContainerLifeCycle.java:114)
	at org.eclipse.jetty.client.AbstractHttpClientTransport.doStart(AbstractHttpClientTransport.java:67)
	at org.eclipse.jetty.util.component.AbstractLifeCycle.start(AbstractLifeCycle.java:68)
	at org.eclipse.jetty.util.component.ContainerLifeCycle.start(ContainerLifeCycle.java:132)
	at org.eclipse.jetty.util.component.ContainerLifeCycle.doStart(ContainerLifeCycle.java:114)
	at org.eclipse.jetty.client.HttpClient.doStart(HttpClient.java:224)
	at org.eclipse.jetty.util.component.AbstractLifeCycle.start(AbstractLifeCycle.java:68)
	at io.airlift.http.client.jetty.JettyHttpClient.<init>(JettyHttpClient.java:203)
	... 57 more
... Removed 18 stack frames]]>
    </failure>
  </testcase> <!-- testArrayCreationOperatorAvailable -->
</testsuite> <!-- all -->
