# JRE version: OpenJDK Runtime Environment (8.0_222-b10) (build 1.8.0_222-b10)
# Java VM: OpenJDK 64-Bit Server VM (25.222-b10 mixed mode bsd-amd64 compressed oops)
Heap:
 PSYoungGen      total 509952K, used 126420K [0x0000000795580000, 0x00000007c0000000, 0x00000007c0000000)
  eden space 343552K, 35% used [0x0000000795580000,0x000000079cd7d2e0,0x00000007aa500000)
  from space 166400K, 2% used [0x00000007b5d80000,0x00000007b60f8000,0x00000007c0000000)
  to   space 177664K, 0% used [0x00000007aa500000,0x00000007aa500000,0x00000007b5280000)
 ParOldGen       total 1398272K, used 1020755K [0x0000000740000000, 0x0000000795580000, 0x0000000795580000)
  object space 1398272K, 73% used [0x0000000740000000,0x000000077e4d4f88,0x0000000795580000)
 Metaspace       used 83016K, capacity 88695K, committed 100440K, reserved 1136640K
  class space    used 9264K, capacity 10507K, committed 13184K, reserved 1048576K
GC Heap History (10 events):
Event: 440.865 GC heap before
{Heap before GC invocations=297 (full 9):
 PSYoungGen      total 516608K, used 431121K [0x0000000795580000, 0x00000007c0000000, 0x00000007c0000000)
  eden space 340480K, 100% used [0x0000000795580000,0x00000007aa200000,0x00000007aa200000)
  from space 176128K, 51% used [0x00000007aa200000,0x00000007afa846c0,0x00000007b4e00000)
  to   space 170496K, 0% used [0x00000007b5980000,0x00000007b5980000,0x00000007c0000000)
 ParOldGen       total 1398272K, used 878604K [0x0000000740000000, 0x0000000795580000, 0x0000000795580000)
  object space 1398272K, 62% used [0x0000000740000000,0x0000000775a03198,0x0000000795580000)
 Metaspace       used 82960K, capacity 88649K, committed 100440K, reserved 1136640K
  class space    used 9256K, capacity 10498K, committed 13184K, reserved 1048576K
Event: 441.123 GC heap after
Heap after GC invocations=297 (full 9):
 PSYoungGen      total 534016K, used 105031K [0x0000000795580000, 0x00000007c0000000, 0x00000007c0000000)
  eden space 363520K, 0% used [0x0000000795580000,0x0000000795580000,0x00000007ab880000)
  from space 170496K, 61% used [0x00000007b5980000,0x00000007bc011ef8,0x00000007c0000000)
  to   space 164864K, 0% used [0x00000007ab880000,0x00000007ab880000,0x00000007b5980000)
 ParOldGen       total 1398272K, used 972374K [0x0000000740000000, 0x0000000795580000, 0x0000000795580000)
  object space 1398272K, 69% used [0x0000000740000000,0x000000077b595888,0x0000000795580000)
 Metaspace       used 82960K, capacity 88649K, committed 100440K, reserved 1136640K
  class space    used 9256K, capacity 10498K, committed 13184K, reserved 1048576K
}
Event: 442.029 GC heap before
{Heap before GC invocations=298 (full 9):
 PSYoungGen      total 534016K, used 468551K [0x0000000795580000, 0x00000007c0000000, 0x00000007c0000000)
  eden space 363520K, 100% used [0x0000000795580000,0x00000007ab880000,0x00000007ab880000)
  from space 170496K, 61% used [0x00000007b5980000,0x00000007bc011ef8,0x00000007c0000000)
  to   space 164864K, 0% used [0x00000007ab880000,0x00000007ab880000,0x00000007b5980000)
 ParOldGen       total 1398272K, used 972374K [0x0000000740000000, 0x0000000795580000, 0x0000000795580000)
  object space 1398272K, 69% used [0x0000000740000000,0x000000077b595888,0x0000000795580000)
 Metaspace       used 82960K, capacity 88649K, committed 100440K, reserved 1136640K
  class space    used 9256K, capacity 10498K, committed 13184K, reserved 1048576K
Event: 442.163 GC heap after
Heap after GC invocations=298 (full 9):
 PSYoungGen      total 528384K, used 115566K [0x0000000795580000, 0x00000007c0000000, 0x00000007c0000000)
  eden space 363520K, 0% used [0x0000000795580000,0x0000000795580000,0x00000007ab880000)
  from space 164864K, 70% used [0x00000007ab880000,0x00000007b295b970,0x00000007b5980000)
  to   space 164352K, 0% used [0x00000007b5f80000,0x00000007b5f80000,0x00000007c0000000)
 ParOldGen       total 1398272K, used 974102K [0x0000000740000000, 0x0000000795580000, 0x0000000795580000)
  object space 1398272K, 69% used [0x0000000740000000,0x000000077b7458a8,0x0000000795580000)
 Metaspace       used 82960K, capacity 88649K, committed 100440K, reserved 1136640K
  class space    used 9256K, capacity 10498K, committed 13184K, reserved 1048576K
}
Event: 445.125 GC heap before
{Heap before GC invocations=299 (full 9):
 PSYoungGen      total 528384K, used 479086K [0x0000000795580000, 0x00000007c0000000, 0x00000007c0000000)
  eden space 363520K, 100% used [0x0000000795580000,0x00000007ab880000,0x00000007ab880000)
  from space 164864K, 70% used [0x00000007ab880000,0x00000007b295b970,0x00000007b5980000)
  to   space 164352K, 0% used [0x00000007b5f80000,0x00000007b5f80000,0x00000007c0000000)
 ParOldGen       total 1398272K, used 974102K [0x0000000740000000, 0x0000000795580000, 0x0000000795580000)
  object space 1398272K, 69% used [0x0000000740000000,0x000000077b7458a8,0x0000000795580000)
 Metaspace       used 82960K, capacity 88649K, committed 100440K, reserved 1136640K
  class space    used 9256K, capacity 10498K, committed 13184K, reserved 1048576K
Event: 445.305 GC heap after
Heap after GC invocations=299 (full 9):
 PSYoungGen      total 517120K, used 142544K [0x0000000795580000, 0x00000007c0000000, 0x00000007c0000000)
  eden space 352768K, 0% used [0x0000000795580000,0x0000000795580000,0x00000007aae00000)
  from space 164352K, 86% used [0x00000007b5f80000,0x00000007beab40b8,0x00000007c0000000)
  to   space 173056K, 0% used [0x00000007aae00000,0x00000007aae00000,0x00000007b5700000)
 ParOldGen       total 1398272K, used 1020499K [0x0000000740000000, 0x0000000795580000, 0x0000000795580000)
  object space 1398272K, 72% used [0x0000000740000000,0x000000077e494f68,0x0000000795580000)
 Metaspace       used 82960K, capacity 88649K, committed 100440K, reserved 1136640K
  class space    used 9256K, capacity 10498K, committed 13184K, reserved 1048576K
}
Event: 448.158 GC heap before
{Heap before GC invocations=300 (full 9):
 PSYoungGen      total 517120K, used 495229K [0x0000000795580000, 0x00000007c0000000, 0x00000007c0000000)
  eden space 352768K, 99% used [0x0000000795580000,0x00000007aadeb5f0,0x00000007aae00000)
  from space 164352K, 86% used [0x00000007b5f80000,0x00000007beab40b8,0x00000007c0000000)
  to   space 173056K, 0% used [0x00000007aae00000,0x00000007aae00000,0x00000007b5700000)
 ParOldGen       total 1398272K, used 1020499K [0x0000000740000000, 0x0000000795580000, 0x0000000795580000)
  object space 1398272K, 72% used [0x0000000740000000,0x000000077e494f68,0x0000000795580000)
 Metaspace       used 82961K, capacity 88649K, committed 100440K, reserved 1136640K
  class space    used 9256K, capacity 10498K, committed 13184K, reserved 1048576K
Event: 448.191 GC heap after
Heap after GC invocations=300 (full 9):
 PSYoungGen      total 525824K, used 105465K [0x0000000795580000, 0x00000007c0000000, 0x00000007c0000000)
  eden space 352768K, 0% used [0x0000000795580000,0x0000000795580000,0x00000007aae00000)
  from space 173056K, 60% used [0x00000007aae00000,0x00000007b14fe4e8,0x00000007b5700000)
  to   space 166400K, 0% used [0x00000007b5d80000,0x00000007b5d80000,0x00000007c0000000)
 ParOldGen       total 1398272K, used 1020699K [0x0000000740000000, 0x0000000795580000, 0x0000000795580000)
  object space 1398272K, 72% used [0x0000000740000000,0x000000077e4c6f88,0x0000000795580000)
 Metaspace       used 82961K, capacity 88649K, committed 100440K, reserved 1136640K
  class space    used 9256K, capacity 10498K, committed 13184K, reserved 1048576K
}
Event: 448.857 GC heap before
{Heap before GC invocations=301 (full 9):
 PSYoungGen      total 525824K, used 458233K [0x0000000795580000, 0x00000007c0000000, 0x00000007c0000000)
  eden space 352768K, 100% used [0x0000000795580000,0x00000007aae00000,0x00000007aae00000)
  from space 173056K, 60% used [0x00000007aae00000,0x00000007b14fe4e8,0x00000007b5700000)
  to   space 166400K, 0% used [0x00000007b5d80000,0x00000007b5d80000,0x00000007c0000000)
 ParOldGen       total 1398272K, used 1020699K [0x0000000740000000, 0x0000000795580000, 0x0000000795580000)
  object space 1398272K, 72% used [0x0000000740000000,0x000000077e4c6f88,0x0000000795580000)
 Metaspace       used 82961K, capacity 88649K, committed 100440K, reserved 1136640K
  class space    used 9256K, capacity 10498K, committed 13184K, reserved 1048576K
Event: 448.863 GC heap after
Heap after GC invocations=301 (full 9):
 PSYoungGen      total 509952K, used 3552K [0x0000000795580000, 0x00000007c0000000, 0x00000007c0000000)
  eden space 343552K, 0% used [0x0000000795580000,0x0000000795580000,0x00000007aa500000)
  from space 166400K, 2% used [0x00000007b5d80000,0x00000007b60f8000,0x00000007c0000000)
  to   space 177664K, 0% used [0x00000007aa500000,0x00000007aa500000,0x00000007b5280000)
 ParOldGen       total 1398272K, used 1020755K [0x0000000740000000, 0x0000000795580000, 0x0000000795580000)
  object space 1398272K, 73% used [0x0000000740000000,0x000000077e4d4f88,0x0000000795580000)
 Metaspace       used 82961K, capacity 88649K, committed 100440K, reserved 1136640K
  class space    used 9256K, capacity 10498K, committed 13184K, reserved 1048576K
}

