<?xml version="1.0" encoding="UTF-8"?>
<testng-results skipped="0" failed="88" total="343" passed="255">
  <reporter-output>
  </reporter-output>
  <suite name="tempto-tests" duration-ms="751442" started-at="2016-02-05T16:12:59Z" finished-at="2016-02-05T16:25:30Z">
    <groups>
      <group name="horology_functions">
        <method signature="array_functions.arrayCreationAccessible()[pri:0, instance:com.teradata.tempto.array_functions@41d3bff]" name="arrayCreationAccessible" class="com.teradata.tempto.array_functions"/>
        <method signature="horology_functions.atTimeZoneAccessible()[pri:0, instance:com.teradata.tempto.horology_functions@647d40ce]" name="atTimeZoneAccessible" class="com.teradata.tempto.horology_functions"/>
        <method signature="horology_functions.checkHorologyFunctionsRegistered()[pri:0, instance:com.teradata.tempto.horology_functions@4f8efd72]" name="checkHorologyFunctionsRegistered" class="com.teradata.tempto.horology_functions"/>
        <method signature="horology_functions.dateTimeOperatorsAccessible()[pri:0, instance:com.teradata.tempto.horology_functions@d8ed2b3]" name="dateTimeOperatorsAccessible" class="com.teradata.tempto.horology_functions"/>
        <method signature="horology_functions.extractAccessible()[pri:0, instance:com.teradata.tempto.horology_functions@71404204]" name="extractAccessible" class="com.teradata.tempto.horology_functions"/>
      </group> <!-- horology_functions -->
      <group name="explain">
        <method signature="explain.explainNationDistributedType()[pri:0, instance:com.teradata.tempto.explain@7669a108]" name="explainNationDistributedType" class="com.teradata.tempto.explain"/>
        <method signature="explain.explainNationLogicalType()[pri:0, instance:com.teradata.tempto.explain@1704526e]" name="explainNationLogicalType" class="com.teradata.tempto.explain"/>
      </group> <!-- explain -->
      <group name="string_functions">
        <method signature="string_functions.checkStringFunctionsRegistered()[pri:0, instance:com.teradata.tempto.string_functions@4491a3b2]" name="checkStringFunctionsRegistered" class="com.teradata.tempto.string_functions"/>
        <method signature="string_functions.likeOperatorWorks()[pri:0, instance:com.teradata.tempto.string_functions@4919b2a5]" name="likeOperatorWorks" class="com.teradata.tempto.string_functions"/>
      </group> <!-- string_functions -->
      <group name="functions">
        <method signature="ProductTestFunctions.testPosition()[pri:0, instance:com.facebook.presto.tests.ProductTestFunctions@f806f0]" name="testPosition" class="com.facebook.presto.tests.ProductTestFunctions"/>
        <method signature="ProductTestFunctions.testSubstring()[pri:0, instance:com.facebook.presto.tests.ProductTestFunctions@f806f0]" name="testSubstring" class="com.facebook.presto.tests.ProductTestFunctions"/>
        <method signature="ProductTestTeradataFunctions.testChar2HexInt()[pri:0, instance:com.facebook.presto.tests.querygrid.ProductTestTeradataFunctions@7f7ef4e1]" name="testChar2HexInt" class="com.facebook.presto.tests.querygrid.ProductTestTeradataFunctions"/>
        <method signature="ProductTestTeradataFunctions.testIndex()[pri:0, instance:com.facebook.presto.tests.querygrid.ProductTestTeradataFunctions@7f7ef4e1]" name="testIndex" class="com.facebook.presto.tests.querygrid.ProductTestTeradataFunctions"/>
        <method signature="ProductTestTeradataFunctions.testToChar()[pri:0, instance:com.facebook.presto.tests.querygrid.ProductTestTeradataFunctions@7f7ef4e1]" name="testToChar" class="com.facebook.presto.tests.querygrid.ProductTestTeradataFunctions"/>
        <method signature="ProductTestTeradataFunctions.testToDate()[pri:0, instance:com.facebook.presto.tests.querygrid.ProductTestTeradataFunctions@7f7ef4e1]" name="testToDate" class="com.facebook.presto.tests.querygrid.ProductTestTeradataFunctions"/>
        <method signature="ProductTestTeradataFunctions.testToTimestamp()[pri:0, instance:com.facebook.presto.tests.querygrid.ProductTestTeradataFunctions@7f7ef4e1]" name="testToTimestamp" class="com.facebook.presto.tests.querygrid.ProductTestTeradataFunctions"/>
      </group> <!-- functions -->
      <group name="color">
        <method signature="color_functions.bar()[pri:0, instance:com.teradata.tempto.color_functions@100b3bf3]" name="bar" class="com.teradata.tempto.color_functions"/>
        <method signature="color_functions.render()[pri:0, instance:com.teradata.tempto.color_functions@29bea7b9]" name="render" class="com.teradata.tempto.color_functions"/>
        <method signature="color_functions.render2()[pri:0, instance:com.teradata.tempto.color_functions@7214489]" name="render2" class="com.teradata.tempto.color_functions"/>
      </group> <!-- color -->
      <group name="conditional">
        <method signature="conditional_expressions.simple_case()[pri:0, instance:com.teradata.tempto.conditional_expressions@4eab32cc]" name="simple_case" class="com.teradata.tempto.conditional_expressions"/>
      </group> <!-- conditional -->
      <group name="binary_functions">
        <method signature="binary_functions.checkBinaryFunctionsRegistered()[pri:0, instance:com.teradata.tempto.binary_functions@540774de]" name="checkBinaryFunctionsRegistered" class="com.teradata.tempto.binary_functions"/>
      </group> <!-- binary_functions -->
      <group name="tpch_connector">
        <method signature="tpch_connector.countCustomerTiny()[pri:0, instance:com.teradata.tempto.tpch_connector@bb2f1bf]" name="countCustomerTiny" class="com.teradata.tempto.tpch_connector"/>
        <method signature="tpch_connector.countLineitemTiny()[pri:0, instance:com.teradata.tempto.tpch_connector@5f3a486c]" name="countLineitemTiny" class="com.teradata.tempto.tpch_connector"/>
        <method signature="tpch_connector.countNationTiny()[pri:0, instance:com.teradata.tempto.tpch_connector@55cac412]" name="countNationTiny" class="com.teradata.tempto.tpch_connector"/>
        <method signature="tpch_connector.countOrdersTiny()[pri:0, instance:com.teradata.tempto.tpch_connector@4969fb89]" name="countOrdersTiny" class="com.teradata.tempto.tpch_connector"/>
        <method signature="tpch_connector.countPartTiny()[pri:0, instance:com.teradata.tempto.tpch_connector@7abd6930]" name="countPartTiny" class="com.teradata.tempto.tpch_connector"/>
        <method signature="tpch_connector.countPartsuppTiny()[pri:0, instance:com.teradata.tempto.tpch_connector@260413c2]" name="countPartsuppTiny" class="com.teradata.tempto.tpch_connector"/>
        <method signature="tpch_connector.countRegionTiny()[pri:0, instance:com.teradata.tempto.tpch_connector@7c0e605d]" name="countRegionTiny" class="com.teradata.tempto.tpch_connector"/>
        <method signature="tpch_connector.countSupplierTiny()[pri:0, instance:com.teradata.tempto.tpch_connector@5356476a]" name="countSupplierTiny" class="com.teradata.tempto.tpch_connector"/>
        <method signature="tpch_connector.selectFromNationTiny()[pri:0, instance:com.teradata.tempto.tpch_connector@6a98e073]" name="selectFromNationTiny" class="com.teradata.tempto.tpch_connector"/>
        <method signature="tpch_connector.showSchemas()[pri:0, instance:com.teradata.tempto.tpch_connector@64e0d362]" name="showSchemas" class="com.teradata.tempto.tpch_connector"/>
        <method signature="tpch_connector.showTables()[pri:0, instance:com.teradata.tempto.tpch_connector@2b704646]" name="showTables" class="com.teradata.tempto.tpch_connector"/>
      </group> <!-- tpch_connector -->
      <group name="group-by">
        <method signature="group_by.runAggrWithoutGroupBy()[pri:0, instance:com.teradata.tempto.group_by@2599990]" name="runAggrWithoutGroupBy" class="com.teradata.tempto.group_by"/>
        <method signature="group_by.runAggregatesGroupByOridnalAndHaving()[pri:0, instance:com.teradata.tempto.group_by@2d1b696f]" name="runAggregatesGroupByOridnalAndHaving" class="com.teradata.tempto.group_by"/>
        <method signature="group_by.runAggregatesWithGroupByOrdinal()[pri:0, instance:com.teradata.tempto.group_by@4dce4fa]" name="runAggregatesWithGroupByOrdinal" class="com.teradata.tempto.group_by"/>
        <method signature="group_by.runAggregatesWithGroupByWithFalseWherePredicate()[pri:0, instance:com.teradata.tempto.group_by@376a7dc9]" name="runAggregatesWithGroupByWithFalseWherePredicate" class="com.teradata.tempto.group_by"/>
        <method signature="group_by.runAggregatesWithWherePredicatesAndGroupByOrdinal()[pri:0, instance:com.teradata.tempto.group_by@41a83e62]" name="runAggregatesWithWherePredicatesAndGroupByOrdinal" class="com.teradata.tempto.group_by"/>
        <method signature="group_by.runAggregatesWithoutGroupByButWithPredicates()[pri:0, instance:com.teradata.tempto.group_by@106abb78]" name="runAggregatesWithoutGroupByButWithPredicates" class="com.teradata.tempto.group_by"/>
        <method signature="group_by.runConstantGroupBy()[pri:0, instance:com.teradata.tempto.group_by@3fb77b28]" name="runConstantGroupBy" class="com.teradata.tempto.group_by"/>
        <method signature="group_by.runCountNull()[pri:0, instance:com.teradata.tempto.group_by@629994ae]" name="runCountNull" class="com.teradata.tempto.group_by"/>
        <method signature="group_by.runHavingOnEmptyResult()[pri:0, instance:com.teradata.tempto.group_by@297139df]" name="runHavingOnEmptyResult" class="com.teradata.tempto.group_by"/>
        <method signature="group_by.runHavingOutsideSubq()[pri:0, instance:com.teradata.tempto.group_by@1b86672d]" name="runHavingOutsideSubq" class="com.teradata.tempto.group_by"/>
        <method signature="group_by.runHavingWithAggExpr()[pri:0, instance:com.teradata.tempto.group_by@f73bade]" name="runHavingWithAggExpr" class="com.teradata.tempto.group_by"/>
        <method signature="group_by.runHavingWithExpr()[pri:0, instance:com.teradata.tempto.group_by@255d94b0]" name="runHavingWithExpr" class="com.teradata.tempto.group_by"/>
        <method signature="group_by.runHavingWithGrpExpr()[pri:0, instance:com.teradata.tempto.group_by@4a38ab]" name="runHavingWithGrpExpr" class="com.teradata.tempto.group_by"/>
        <method signature="group_by.runHavingWithMultipleAggs()[pri:0, instance:com.teradata.tempto.group_by@54a9cb38]" name="runHavingWithMultipleAggs" class="com.teradata.tempto.group_by"/>
        <method signature="group_by.runHavingWithNullCheck()[pri:0, instance:com.teradata.tempto.group_by@64aa895e]" name="runHavingWithNullCheck" class="com.teradata.tempto.group_by"/>
        <method signature="group_by.runHavingWithOrderBy()[pri:0, instance:com.teradata.tempto.group_by@2a4e39f9]" name="runHavingWithOrderBy" class="com.teradata.tempto.group_by"/>
        <method signature="group_by.runHavingWithoutGroupBy()[pri:0, instance:com.teradata.tempto.group_by@37310e63]" name="runHavingWithoutGroupBy" class="com.teradata.tempto.group_by"/>
        <method signature="group_by.runMultipleGroupBy()[pri:0, instance:com.teradata.tempto.group_by@78afd33a]" name="runMultipleGroupBy" class="com.teradata.tempto.group_by"/>
      </group> <!-- group-by -->
      <group name="base_sql">
        <method signature="catalog.describe()[pri:0, instance:com.teradata.tempto.catalog@4127d5b1]" name="describe" class="com.teradata.tempto.catalog"/>
        <method signature="catalog.showCatalogs()[pri:0, instance:com.teradata.tempto.catalog@788b766a]" name="showCatalogs" class="com.teradata.tempto.catalog"/>
        <method signature="catalog.showColumns()[pri:0, instance:com.teradata.tempto.catalog@22fea72]" name="showColumns" class="com.teradata.tempto.catalog"/>
        <method signature="catalog.showFunctions()[pri:0, instance:com.teradata.tempto.catalog@7f67d19a]" name="showFunctions" class="com.teradata.tempto.catalog"/>
        <method signature="catalog.showSchemas()[pri:0, instance:com.teradata.tempto.catalog@1e6bb40b]" name="showSchemas" class="com.teradata.tempto.catalog"/>
        <method signature="catalog.showTables()[pri:0, instance:com.teradata.tempto.catalog@f0eba1f]" name="showTables" class="com.teradata.tempto.catalog"/>
        <method signature="explain.explainNationLogicalType()[pri:0, instance:com.teradata.tempto.explain@1704526e]" name="explainNationLogicalType" class="com.teradata.tempto.explain"/>
      </group> <!-- base_sql -->
      <group name="distinct">
        <method signature="distinct.multipleDistinctAgg()[pri:0, instance:com.teradata.tempto.distinct@5565aa1]" name="multipleDistinctAgg" class="com.teradata.tempto.distinct"/>
        <method signature="distinct.repeatedDistinctAgg()[pri:0, instance:com.teradata.tempto.distinct@7b38b91f]" name="repeatedDistinctAgg" class="com.teradata.tempto.distinct"/>
        <method signature="distinct.withCount()[pri:0, instance:com.teradata.tempto.distinct@60f96421]" name="withCount" class="com.teradata.tempto.distinct"/>
        <method signature="distinct.withDuplicates()[pri:0, instance:com.teradata.tempto.distinct@3d9c521d]" name="withDuplicates" class="com.teradata.tempto.distinct"/>
        <method signature="distinct.withGroupBy()[pri:0, instance:com.teradata.tempto.distinct@12eb448b]" name="withGroupBy" class="com.teradata.tempto.distinct"/>
        <method signature="distinct.withGroupByDistinctAgg()[pri:0, instance:com.teradata.tempto.distinct@135fd8bd]" name="withGroupByDistinctAgg" class="com.teradata.tempto.distinct"/>
        <method signature="distinct.withNoDuplicates()[pri:0, instance:com.teradata.tempto.distinct@5b581041]" name="withNoDuplicates" class="com.teradata.tempto.distinct"/>
        <method signature="distinct.withOrderBy()[pri:0, instance:com.teradata.tempto.distinct@24eb0b25]" name="withOrderBy" class="com.teradata.tempto.distinct"/>
        <method signature="order_by.orderByDistinctColumnDesc()[pri:0, instance:com.teradata.tempto.order_by@45a14255]" name="orderByDistinctColumnDesc" class="com.teradata.tempto.order_by"/>
      </group> <!-- distinct -->
      <group name="insert">
        <method signature="insert.insert_columns_where()[pri:0, instance:com.teradata.tempto.insert@42b764b3]" name="insert_columns_where" class="com.teradata.tempto.insert"/>
        <method signature="insert.insert_const_special_char()[pri:0, instance:com.teradata.tempto.insert@30094d11]" name="insert_const_special_char" class="com.teradata.tempto.insert"/>
        <method signature="insert.insert_constant_and_column_from_table()[pri:0, instance:com.teradata.tempto.insert@4b6c92d1]" name="insert_constant_and_column_from_table" class="com.teradata.tempto.insert"/>
        <method signature="insert.insert_constant_from_table()[pri:0, instance:com.teradata.tempto.insert@3b2bc1cd]" name="insert_constant_from_table" class="com.teradata.tempto.insert"/>
        <method signature="insert.insert_constant_no_from()[pri:0, instance:com.teradata.tempto.insert@34bac450]" name="insert_constant_no_from" class="com.teradata.tempto.insert"/>
        <method signature="insert.insert_from_group_by()[pri:0, instance:com.teradata.tempto.insert@14fe3663]" name="insert_from_group_by" class="com.teradata.tempto.insert"/>
        <method signature="insert.insert_select_expression_from_table()[pri:0, instance:com.teradata.tempto.insert@2f5327c7]" name="insert_select_expression_from_table" class="com.teradata.tempto.insert"/>
        <method signature="insert.insert_select_star()[pri:0, instance:com.teradata.tempto.insert@4c9c0251]" name="insert_select_star" class="com.teradata.tempto.insert"/>
        <method signature="insert.insert_select_star_from_self()[pri:0, instance:com.teradata.tempto.insert@12fb8913]" name="insert_select_star_from_self" class="com.teradata.tempto.insert"/>
        <method signature="insert.insert_select_star_union_all()[pri:0, instance:com.teradata.tempto.insert@498ad9fe]" name="insert_select_star_union_all" class="com.teradata.tempto.insert"/>
        <method signature="insert.insert_star_limit()[pri:0, instance:com.teradata.tempto.insert@932996b]" name="insert_star_limit" class="com.teradata.tempto.insert"/>
        <method signature="insert.insert_star_where_no_rows()[pri:0, instance:com.teradata.tempto.insert@4ea17950]" name="insert_star_where_no_rows" class="com.teradata.tempto.insert"/>
        <method signature="insert.insert_values_all_types()[pri:0, instance:com.teradata.tempto.insert@28be456]" name="insert_values_all_types" class="com.teradata.tempto.insert"/>
        <method signature="insert.insert_values_const()[pri:0, instance:com.teradata.tempto.insert@552124f8]" name="insert_values_const" class="com.teradata.tempto.insert"/>
        <method signature="insert.insert_values_expression()[pri:0, instance:com.teradata.tempto.insert@30e1be80]" name="insert_values_expression" class="com.teradata.tempto.insert"/>
        <method signature="insert.multiple_inserts_one_table()[pri:0, instance:com.teradata.tempto.insert@261a01f]" name="multiple_inserts_one_table" class="com.teradata.tempto.insert"/>
      </group> <!-- insert -->
      <group name="alter_table">
        <method signature="AlterTableTests.renameTable()[pri:0, instance:com.facebook.presto.tests.AlterTableTests@7aa4db5e]" name="renameTable" class="com.facebook.presto.tests.AlterTableTests"/>
      </group> <!-- alter_table -->
      <group name="jdbc">
        <method signature="JdbcTests.shouldExecuteQuery()[pri:0, instance:com.facebook.presto.tests.jdbc.JdbcTests@518d91a8]" name="shouldExecuteQuery" class="com.facebook.presto.tests.jdbc.JdbcTests"/>
        <method signature="JdbcTests.shouldExecuteQueryWithSelectedCatalogAndSchema()[pri:0, instance:com.facebook.presto.tests.jdbc.JdbcTests@518d91a8]" name="shouldExecuteQueryWithSelectedCatalogAndSchema" class="com.facebook.presto.tests.jdbc.JdbcTests"/>
        <method signature="JdbcTests.shouldGetColumns()[pri:0, instance:com.facebook.presto.tests.jdbc.JdbcTests@518d91a8]" name="shouldGetColumns" class="com.facebook.presto.tests.jdbc.JdbcTests"/>
        <method signature="JdbcTests.shouldGetSchemas()[pri:0, instance:com.facebook.presto.tests.jdbc.JdbcTests@518d91a8]" name="shouldGetSchemas" class="com.facebook.presto.tests.jdbc.JdbcTests"/>
        <method signature="JdbcTests.shouldGetTableTypes()[pri:0, instance:com.facebook.presto.tests.jdbc.JdbcTests@518d91a8]" name="shouldGetTableTypes" class="com.facebook.presto.tests.jdbc.JdbcTests"/>
        <method signature="JdbcTests.shouldGetTables()[pri:0, instance:com.facebook.presto.tests.jdbc.JdbcTests@518d91a8]" name="shouldGetTables" class="com.facebook.presto.tests.jdbc.JdbcTests"/>
        <method signature="JdbcTests.shouldInsertSelectQuery()[pri:0, instance:com.facebook.presto.tests.jdbc.JdbcTests@518d91a8]" name="shouldInsertSelectQuery" class="com.facebook.presto.tests.jdbc.JdbcTests"/>
        <method signature="JdbcTests.shouldSetLocale()[pri:0, instance:com.facebook.presto.tests.jdbc.JdbcTests@518d91a8]" name="shouldSetLocale" class="com.facebook.presto.tests.jdbc.JdbcTests"/>
        <method signature="JdbcTests.shouldSetTimezone()[pri:0, instance:com.facebook.presto.tests.jdbc.JdbcTests@518d91a8]" name="shouldSetTimezone" class="com.facebook.presto.tests.jdbc.JdbcTests"/>
      </group> <!-- jdbc -->
      <group name="simple">
        <method signature="SimpleQueryTest.selectAllFromNation()[pri:0, instance:com.facebook.presto.tests.SimpleQueryTest@19361ab]" name="selectAllFromNation" class="com.facebook.presto.tests.SimpleQueryTest"/>
        <method signature="SimpleQueryTest.selectCountFromNation()[pri:0, instance:com.facebook.presto.tests.SimpleQueryTest@19361ab]" name="selectCountFromNation" class="com.facebook.presto.tests.SimpleQueryTest"/>
      </group> <!-- simple -->
      <group name="conversion_functions">
        <method signature="convertion_functions.castAccessible()[pri:0, instance:com.teradata.tempto.convertion_functions@6c3e2c3d]" name="castAccessible" class="com.teradata.tempto.convertion_functions"/>
        <method signature="convertion_functions.tryCastAccessible()[pri:0, instance:com.teradata.tempto.convertion_functions@1f1d1db8]" name="tryCastAccessible" class="com.teradata.tempto.convertion_functions"/>
      </group> <!-- conversion_functions -->
      <group name="mysql_connector">
        <method signature="mysql.describe_table()[pri:0, instance:com.teradata.tempto.mysql@61f342aa]" name="describe_table" class="com.teradata.tempto.mysql"/>
        <method signature="mysql.join_mysql_to_mysql()[pri:0, instance:com.teradata.tempto.mysql@1362243d]" name="join_mysql_to_mysql" class="com.teradata.tempto.mysql"/>
        <method signature="mysql.join_mysql_to_tpch()[pri:0, instance:com.teradata.tempto.mysql@1116ea37]" name="join_mysql_to_tpch" class="com.teradata.tempto.mysql"/>
        <method signature="mysql.select()[pri:0, instance:com.teradata.tempto.mysql@3079281d]" name="select" class="com.teradata.tempto.mysql"/>
        <method signature="mysql.show_schemas()[pri:0, instance:com.teradata.tempto.mysql@6e633ff9]" name="show_schemas" class="com.teradata.tempto.mysql"/>
        <method signature="mysql.show_tables()[pri:0, instance:com.teradata.tempto.mysql@16982b77]" name="show_tables" class="com.teradata.tempto.mysql"/>
      </group> <!-- mysql_connector -->
      <group name="aggregate">
        <method signature="aggregate.aggregateOverFunction()[pri:0, instance:com.teradata.tempto.aggregate@1c4b9878]" name="aggregateOverFunction" class="com.teradata.tempto.aggregate"/>
        <method signature="aggregate.average()[pri:0, instance:com.teradata.tempto.aggregate@626dfe75]" name="average" class="com.teradata.tempto.aggregate"/>
        <method signature="aggregate.averageDistinct()[pri:0, instance:com.teradata.tempto.aggregate@53530d5b]" name="averageDistinct" class="com.teradata.tempto.aggregate"/>
        <method signature="aggregate.count()[pri:0, instance:com.teradata.tempto.aggregate@3ea3d6ed]" name="count" class="com.teradata.tempto.aggregate"/>
        <method signature="aggregate.countDistinct()[pri:0, instance:com.teradata.tempto.aggregate@7491aef5]" name="countDistinct" class="com.teradata.tempto.aggregate"/>
        <method signature="aggregate.max()[pri:0, instance:com.teradata.tempto.aggregate@557565a9]" name="max" class="com.teradata.tempto.aggregate"/>
        <method signature="aggregate.min()[pri:0, instance:com.teradata.tempto.aggregate@426ac92]" name="min" class="com.teradata.tempto.aggregate"/>
        <method signature="aggregate.mixAggregate()[pri:0, instance:com.teradata.tempto.aggregate@320c71c4]" name="mixAggregate" class="com.teradata.tempto.aggregate"/>
        <method signature="aggregate.stddev_pop()[pri:0, instance:com.teradata.tempto.aggregate@73f8d6e7]" name="stddev_pop" class="com.teradata.tempto.aggregate"/>
        <method signature="aggregate.stddev_popDistinct()[pri:0, instance:com.teradata.tempto.aggregate@531e9c96]" name="stddev_popDistinct" class="com.teradata.tempto.aggregate"/>
        <method signature="aggregate.stddev_samp()[pri:0, instance:com.teradata.tempto.aggregate@5c5b3000]" name="stddev_samp" class="com.teradata.tempto.aggregate"/>
        <method signature="aggregate.stddev_sampDistinct()[pri:0, instance:com.teradata.tempto.aggregate@159e840a]" name="stddev_sampDistinct" class="com.teradata.tempto.aggregate"/>
        <method signature="aggregate.sum()[pri:0, instance:com.teradata.tempto.aggregate@52d41aa7]" name="sum" class="com.teradata.tempto.aggregate"/>
        <method signature="aggregate.sumDistinct()[pri:0, instance:com.teradata.tempto.aggregate@11969086]" name="sumDistinct" class="com.teradata.tempto.aggregate"/>
        <method signature="aggregate.var_pop()[pri:0, instance:com.teradata.tempto.aggregate@7664b517]" name="var_pop" class="com.teradata.tempto.aggregate"/>
        <method signature="aggregate.var_popDistinct()[pri:0, instance:com.teradata.tempto.aggregate@54251e22]" name="var_popDistinct" class="com.teradata.tempto.aggregate"/>
        <method signature="aggregate.var_samp()[pri:0, instance:com.teradata.tempto.aggregate@67aeb1f4]" name="var_samp" class="com.teradata.tempto.aggregate"/>
        <method signature="aggregate.var_sampDistinct()[pri:0, instance:com.teradata.tempto.aggregate@37529c1e]" name="var_sampDistinct" class="com.teradata.tempto.aggregate"/>
        <method signature="aggregate.variance()[pri:0, instance:com.teradata.tempto.aggregate@7eeb1119]" name="variance" class="com.teradata.tempto.aggregate"/>
        <method signature="aggregate.varianceDistinct()[pri:0, instance:com.teradata.tempto.aggregate@4fd44098]" name="varianceDistinct" class="com.teradata.tempto.aggregate"/>
      </group> <!-- aggregate -->
      <group name="empty">
        <method signature="empty_table.countDistinctOnNonPartitioningKey()[pri:0, instance:com.teradata.tempto.empty_table@62bffd8e]" name="countDistinctOnNonPartitioningKey" class="com.teradata.tempto.empty_table"/>
        <method signature="empty_table.countDistinctOnPartitioningKey()[pri:0, instance:com.teradata.tempto.empty_table@477a2621]" name="countDistinctOnPartitioningKey" class="com.teradata.tempto.empty_table"/>
        <method signature="empty_table.minMaxHasRows()[pri:0, instance:com.teradata.tempto.empty_table@2be20873]" name="minMaxHasRows" class="com.teradata.tempto.empty_table"/>
        <method signature="empty_table.multiplyOperator()[pri:0, instance:com.teradata.tempto.empty_table@2122eab4]" name="multiplyOperator" class="com.teradata.tempto.empty_table"/>
        <method signature="empty_table.runAggrOnColumnWithGroupBy()[pri:0, instance:com.teradata.tempto.empty_table@6d73bc23]" name="runAggrOnColumnWithGroupBy" class="com.teradata.tempto.empty_table"/>
        <method signature="empty_table.runAggrOnStarWithGroupBy()[pri:0, instance:com.teradata.tempto.empty_table@364b57f1]" name="runAggrOnStarWithGroupBy" class="com.teradata.tempto.empty_table"/>
        <method signature="empty_table.runAggrWithoutGroupBy()[pri:0, instance:com.teradata.tempto.empty_table@5c09e3c2]" name="runAggrWithoutGroupBy" class="com.teradata.tempto.empty_table"/>
        <method signature="empty_table.scalarOnColumn()[pri:0, instance:com.teradata.tempto.empty_table@703d7f8e]" name="scalarOnColumn" class="com.teradata.tempto.empty_table"/>
        <method signature="empty_table.selectCountStar()[pri:0, instance:com.teradata.tempto.empty_table@547ecaff]" name="selectCountStar" class="com.teradata.tempto.empty_table"/>
        <method signature="empty_table.selectStar()[pri:0, instance:com.teradata.tempto.empty_table@5925d03a]" name="selectStar" class="com.teradata.tempto.empty_table"/>
        <method signature="empty_table.sumOnSubq()[pri:0, instance:com.teradata.tempto.empty_table@4ff8ae11]" name="sumOnSubq" class="com.teradata.tempto.empty_table"/>
      </group> <!-- empty -->
      <group name="hive_connector">
        <method signature="TestAllDatatypesFromHiveConnector.testSelectAllDatatypesOrc()[pri:0, instance:com.facebook.presto.tests.hive.TestAllDatatypesFromHiveConnector@55bbe3d2]" name="testSelectAllDatatypesOrc" class="com.facebook.presto.tests.hive.TestAllDatatypesFromHiveConnector"/>
        <method signature="TestAllDatatypesFromHiveConnector.testSelectAllDatatypesRcfile()[pri:0, instance:com.facebook.presto.tests.hive.TestAllDatatypesFromHiveConnector@55bbe3d2]" name="testSelectAllDatatypesRcfile" class="com.facebook.presto.tests.hive.TestAllDatatypesFromHiveConnector"/>
        <method signature="TestAllDatatypesFromHiveConnector.testSelectAllDatatypesTextFile()[pri:0, instance:com.facebook.presto.tests.hive.TestAllDatatypesFromHiveConnector@55bbe3d2]" name="testSelectAllDatatypesTextFile" class="com.facebook.presto.tests.hive.TestAllDatatypesFromHiveConnector"/>
        <method signature="TestInsertIntoHiveTable.testInsertIntoSelectToHiveTableAllHiveSimpleTypesKnownToPresto()[pri:0, instance:com.facebook.presto.tests.hive.TestInsertIntoHiveTable@1be748a8]" name="testInsertIntoSelectToHiveTableAllHiveSimpleTypesKnownToPresto" class="com.facebook.presto.tests.hive.TestInsertIntoHiveTable"/>
        <method signature="TestInsertIntoHiveTable.testInsertIntoValuesToHiveTableAllHiveSimpleTypesKnownToPresto()[pri:0, instance:com.facebook.presto.tests.hive.TestInsertIntoHiveTable@1be748a8]" name="testInsertIntoValuesToHiveTableAllHiveSimpleTypesKnownToPresto" class="com.facebook.presto.tests.hive.TestInsertIntoHiveTable"/>
        <method signature="TestTablePartitioningInsertInto.selectFromPartitionedNation()[pri:0, instance:com.facebook.presto.tests.hive.TestTablePartitioningInsertInto@4f3f5da7]" name="selectFromPartitionedNation" class="com.facebook.presto.tests.hive.TestTablePartitioningInsertInto"/>
        <method signature="TestTablePartitioningSelect.testSelectPartitionedHiveTableDifferentFormats()[pri:0, instance:com.facebook.presto.tests.hive.TestTablePartitioningSelect@2f3f69d0]" name="testSelectPartitionedHiveTableDifferentFormats" class="com.facebook.presto.tests.hive.TestTablePartitioningSelect"/>
      </group> <!-- hive_connector -->
      <group name="url_functions">
        <method signature="UrlFunctionsTests.testUrlExtractFragmentExist()[pri:0, instance:com.facebook.presto.tests.functions.UrlFunctionsTests@1b06148b]" name="testUrlExtractFragmentExist" class="com.facebook.presto.tests.functions.UrlFunctionsTests"/>
        <method signature="UrlFunctionsTests.testUrlExtractHostExist()[pri:0, instance:com.facebook.presto.tests.functions.UrlFunctionsTests@1b06148b]" name="testUrlExtractHostExist" class="com.facebook.presto.tests.functions.UrlFunctionsTests"/>
        <method signature="UrlFunctionsTests.testUrlExtractParameterExist()[pri:0, instance:com.facebook.presto.tests.functions.UrlFunctionsTests@1b06148b]" name="testUrlExtractParameterExist" class="com.facebook.presto.tests.functions.UrlFunctionsTests"/>
        <method signature="UrlFunctionsTests.testUrlExtractPathExist()[pri:0, instance:com.facebook.presto.tests.functions.UrlFunctionsTests@1b06148b]" name="testUrlExtractPathExist" class="com.facebook.presto.tests.functions.UrlFunctionsTests"/>
        <method signature="UrlFunctionsTests.testUrlExtractPortExist()[pri:0, instance:com.facebook.presto.tests.functions.UrlFunctionsTests@1b06148b]" name="testUrlExtractPortExist" class="com.facebook.presto.tests.functions.UrlFunctionsTests"/>
        <method signature="UrlFunctionsTests.testUrlExtractProtocolExist()[pri:0, instance:com.facebook.presto.tests.functions.UrlFunctionsTests@1b06148b]" name="testUrlExtractProtocolExist" class="com.facebook.presto.tests.functions.UrlFunctionsTests"/>
        <method signature="UrlFunctionsTests.testUrlExtractQueryExist()[pri:0, instance:com.facebook.presto.tests.functions.UrlFunctionsTests@1b06148b]" name="testUrlExtractQueryExist" class="com.facebook.presto.tests.functions.UrlFunctionsTests"/>
        <method signature="url_functions.checkUrlFunctionsRegistered()[pri:0, instance:com.teradata.tempto.url_functions@4d867d58]" name="checkUrlFunctionsRegistered" class="com.teradata.tempto.url_functions"/>
      </group> <!-- url_functions -->
      <group name="qe">
        <method signature="Comparison.testBetweenOperatorExists(java.lang.String, java.lang.String, java.lang.String)[pri:0, instance:com.facebook.presto.tests.functions.operators.Comparison@1f234f84]" name="testBetweenOperatorExists" class="com.facebook.presto.tests.functions.operators.Comparison"/>
        <method signature="Comparison.testEqualOperatorExists(java.lang.String, java.lang.String, java.lang.String)[pri:0, instance:com.facebook.presto.tests.functions.operators.Comparison@1f234f84]" name="testEqualOperatorExists" class="com.facebook.presto.tests.functions.operators.Comparison"/>
        <method signature="Comparison.testGreaterThanOperatorExists(java.lang.String, java.lang.String, java.lang.String)[pri:0, instance:com.facebook.presto.tests.functions.operators.Comparison@1f234f84]" name="testGreaterThanOperatorExists" class="com.facebook.presto.tests.functions.operators.Comparison"/>
        <method signature="Comparison.testGreaterThanOrEqualOperatorExists(java.lang.String, java.lang.String, java.lang.String)[pri:0, instance:com.facebook.presto.tests.functions.operators.Comparison@1f234f84]" name="testGreaterThanOrEqualOperatorExists" class="com.facebook.presto.tests.functions.operators.Comparison"/>
        <method signature="Comparison.testLessThanOperatorExists(java.lang.String, java.lang.String, java.lang.String)[pri:0, instance:com.facebook.presto.tests.functions.operators.Comparison@1f234f84]" name="testLessThanOperatorExists" class="com.facebook.presto.tests.functions.operators.Comparison"/>
        <method signature="Comparison.testLessThanOrEqualOperatorExists(java.lang.String, java.lang.String, java.lang.String)[pri:0, instance:com.facebook.presto.tests.functions.operators.Comparison@1f234f84]" name="testLessThanOrEqualOperatorExists" class="com.facebook.presto.tests.functions.operators.Comparison"/>
        <method signature="Logical.testLogicalOperatorsExists()[pri:0, instance:com.facebook.presto.tests.functions.operators.Logical@295ae92c]" name="testLogicalOperatorsExists" class="com.facebook.presto.tests.functions.operators.Logical"/>
        <method signature="array_functions.arrayCreationAccessible()[pri:0, instance:com.teradata.tempto.array_functions@41d3bff]" name="arrayCreationAccessible" class="com.teradata.tempto.array_functions"/>
        <method signature="array_functions.checkArrayFunctionsRegistered()[pri:0, instance:com.teradata.tempto.array_functions@6f5acac9]" name="checkArrayFunctionsRegistered" class="com.teradata.tempto.array_functions"/>
        <method signature="binary_functions.checkBinaryFunctionsRegistered()[pri:0, instance:com.teradata.tempto.binary_functions@540774de]" name="checkBinaryFunctionsRegistered" class="com.teradata.tempto.binary_functions"/>
        <method signature="conditional_expressions.simple_case()[pri:0, instance:com.teradata.tempto.conditional_expressions@4eab32cc]" name="simple_case" class="com.teradata.tempto.conditional_expressions"/>
        <method signature="convertion_functions.castAccessible()[pri:0, instance:com.teradata.tempto.convertion_functions@6c3e2c3d]" name="castAccessible" class="com.teradata.tempto.convertion_functions"/>
        <method signature="convertion_functions.tryCastAccessible()[pri:0, instance:com.teradata.tempto.convertion_functions@1f1d1db8]" name="tryCastAccessible" class="com.teradata.tempto.convertion_functions"/>
        <method signature="horology_functions.atTimeZoneAccessible()[pri:0, instance:com.teradata.tempto.horology_functions@647d40ce]" name="atTimeZoneAccessible" class="com.teradata.tempto.horology_functions"/>
        <method signature="horology_functions.checkHorologyFunctionsRegistered()[pri:0, instance:com.teradata.tempto.horology_functions@4f8efd72]" name="checkHorologyFunctionsRegistered" class="com.teradata.tempto.horology_functions"/>
        <method signature="horology_functions.dateTimeOperatorsAccessible()[pri:0, instance:com.teradata.tempto.horology_functions@d8ed2b3]" name="dateTimeOperatorsAccessible" class="com.teradata.tempto.horology_functions"/>
        <method signature="horology_functions.extractAccessible()[pri:0, instance:com.teradata.tempto.horology_functions@71404204]" name="extractAccessible" class="com.teradata.tempto.horology_functions"/>
        <method signature="json_functions.checkJsonFunctionsRegistered()[pri:0, instance:com.teradata.tempto.json_functions@11c9b65e]" name="checkJsonFunctionsRegistered" class="com.teradata.tempto.json_functions"/>
        <method signature="map_functions.checkMapFunctionsRegistered()[pri:0, instance:com.teradata.tempto.map_functions@5a9668d7]" name="checkMapFunctionsRegistered" class="com.teradata.tempto.map_functions"/>
        <method signature="map_functions.mapRetrieveOperatorWorks()[pri:0, instance:com.teradata.tempto.map_functions@546329a5]" name="mapRetrieveOperatorWorks" class="com.teradata.tempto.map_functions"/>
        <method signature="math_functions.checkMathFunctionsRegistered()[pri:0, instance:com.teradata.tempto.math_functions@d6c6b69]" name="checkMathFunctionsRegistered" class="com.teradata.tempto.math_functions"/>
        <method signature="math_functions.checkMathOperatorsAccessible()[pri:0, instance:com.teradata.tempto.math_functions@76ec5b3]" name="checkMathOperatorsAccessible" class="com.teradata.tempto.math_functions"/>
        <method signature="regex_functions.checkRegexFunctionsRegistered()[pri:0, instance:com.teradata.tempto.regex_functions@4ccd6]" name="checkRegexFunctionsRegistered" class="com.teradata.tempto.regex_functions"/>
        <method signature="string_functions.checkStringFunctionsRegistered()[pri:0, instance:com.teradata.tempto.string_functions@4491a3b2]" name="checkStringFunctionsRegistered" class="com.teradata.tempto.string_functions"/>
        <method signature="string_functions.likeOperatorWorks()[pri:0, instance:com.teradata.tempto.string_functions@4919b2a5]" name="likeOperatorWorks" class="com.teradata.tempto.string_functions"/>
        <method signature="url_functions.checkUrlFunctionsRegistered()[pri:0, instance:com.teradata.tempto.url_functions@4d867d58]" name="checkUrlFunctionsRegistered" class="com.teradata.tempto.url_functions"/>
      </group> <!-- qe -->
      <group name="jmx">
        <method signature="JmxConnectorTests.selectFromJavaOperatingSystemJmxMBean()[pri:0, instance:com.facebook.presto.tests.JmxConnectorTests@25c9edf9]" name="selectFromJavaOperatingSystemJmxMBean" class="com.facebook.presto.tests.JmxConnectorTests"/>
        <method signature="JmxConnectorTests.selectFromJavaRuntimeJmxMBean()[pri:0, instance:com.facebook.presto.tests.JmxConnectorTests@25c9edf9]" name="selectFromJavaRuntimeJmxMBean" class="com.facebook.presto.tests.JmxConnectorTests"/>
        <method signature="catalog.showTables()[pri:0, instance:com.teradata.tempto.catalog@f0eba1f]" name="showTables" class="com.teradata.tempto.catalog"/>
      </group> <!-- jmx -->
      <group name="create_drop_view">
        <method signature="CreateDropViewTests.createOrReplaceSimpleView()[pri:0, instance:com.facebook.presto.tests.CreateDropViewTests@7840b111]" name="createOrReplaceSimpleView" class="com.facebook.presto.tests.CreateDropViewTests"/>
        <method signature="CreateDropViewTests.createSimpleView()[pri:0, instance:com.facebook.presto.tests.CreateDropViewTests@7840b111]" name="createSimpleView" class="com.facebook.presto.tests.CreateDropViewTests"/>
        <method signature="CreateDropViewTests.createSimpleViewTwiceShouldFail()[pri:0, instance:com.facebook.presto.tests.CreateDropViewTests@7840b111]" name="createSimpleViewTwiceShouldFail" class="com.facebook.presto.tests.CreateDropViewTests"/>
        <method signature="CreateDropViewTests.createViewWithAggregate()[pri:0, instance:com.facebook.presto.tests.CreateDropViewTests@7840b111]" name="createViewWithAggregate" class="com.facebook.presto.tests.CreateDropViewTests"/>
        <method signature="CreateDropViewTests.dropViewTest()[pri:0, instance:com.facebook.presto.tests.CreateDropViewTests@7840b111]" name="dropViewTest" class="com.facebook.presto.tests.CreateDropViewTests"/>
      </group> <!-- create_drop_view -->
      <group name="tpch">
        <method signature="hive_tpch.q1()[pri:0, instance:com.teradata.tempto.hive_tpch@76badef9]" name="q1" class="com.teradata.tempto.hive_tpch"/>
        <method signature="hive_tpch.q10()[pri:0, instance:com.teradata.tempto.hive_tpch@6f54129e]" name="q10" class="com.teradata.tempto.hive_tpch"/>
        <method signature="hive_tpch.q12()[pri:0, instance:com.teradata.tempto.hive_tpch@38e3de9e]" name="q12" class="com.teradata.tempto.hive_tpch"/>
        <method signature="hive_tpch.q14()[pri:0, instance:com.teradata.tempto.hive_tpch@7f02462a]" name="q14" class="com.teradata.tempto.hive_tpch"/>
        <method signature="hive_tpch.q16()[pri:0, instance:com.teradata.tempto.hive_tpch@2e60f647]" name="q16" class="com.teradata.tempto.hive_tpch"/>
        <method signature="hive_tpch.q18()[pri:0, instance:com.teradata.tempto.hive_tpch@56003365]" name="q18" class="com.teradata.tempto.hive_tpch"/>
        <method signature="hive_tpch.q3()[pri:0, instance:com.teradata.tempto.hive_tpch@aaf94b]" name="q3" class="com.teradata.tempto.hive_tpch"/>
        <method signature="hive_tpch.q5()[pri:0, instance:com.teradata.tempto.hive_tpch@4a9e8345]" name="q5" class="com.teradata.tempto.hive_tpch"/>
        <method signature="hive_tpch.q7()[pri:0, instance:com.teradata.tempto.hive_tpch@6c4aa7da]" name="q7" class="com.teradata.tempto.hive_tpch"/>
        <method signature="hive_tpch.q8()[pri:0, instance:com.teradata.tempto.hive_tpch@4c27e5b1]" name="q8" class="com.teradata.tempto.hive_tpch"/>
        <method signature="hive_tpch.q9()[pri:0, instance:com.teradata.tempto.hive_tpch@48aba679]" name="q9" class="com.teradata.tempto.hive_tpch"/>
      </group> <!-- tpch -->
      <group name="json_functions">
        <method signature="JsonFunctionsTests.testJsonArrayContainsExist()[pri:0, instance:com.facebook.presto.tests.functions.JsonFunctionsTests@263bd692]" name="testJsonArrayContainsExist" class="com.facebook.presto.tests.functions.JsonFunctionsTests"/>
        <method signature="JsonFunctionsTests.testJsonArrayGetExist()[pri:0, instance:com.facebook.presto.tests.functions.JsonFunctionsTests@263bd692]" name="testJsonArrayGetExist" class="com.facebook.presto.tests.functions.JsonFunctionsTests"/>
        <method signature="JsonFunctionsTests.testJsonArrayLengthExist()[pri:0, instance:com.facebook.presto.tests.functions.JsonFunctionsTests@263bd692]" name="testJsonArrayLengthExist" class="com.facebook.presto.tests.functions.JsonFunctionsTests"/>
        <method signature="JsonFunctionsTests.testJsonExtractExist()[pri:0, instance:com.facebook.presto.tests.functions.JsonFunctionsTests@263bd692]" name="testJsonExtractExist" class="com.facebook.presto.tests.functions.JsonFunctionsTests"/>
        <method signature="JsonFunctionsTests.testJsonExtractScalarExist()[pri:0, instance:com.facebook.presto.tests.functions.JsonFunctionsTests@263bd692]" name="testJsonExtractScalarExist" class="com.facebook.presto.tests.functions.JsonFunctionsTests"/>
        <method signature="JsonFunctionsTests.testJsonSizeExist()[pri:0, instance:com.facebook.presto.tests.functions.JsonFunctionsTests@263bd692]" name="testJsonSizeExist" class="com.facebook.presto.tests.functions.JsonFunctionsTests"/>
        <method signature="json_functions.checkJsonFunctionsRegistered()[pri:0, instance:com.teradata.tempto.json_functions@11c9b65e]" name="checkJsonFunctionsRegistered" class="com.teradata.tempto.json_functions"/>
      </group> <!-- json_functions -->
      <group name="limit">
        <method signature="limit.predicateNotProjected()[pri:0, instance:com.teradata.tempto.limit@3348cc8b]" name="predicateNotProjected" class="com.teradata.tempto.limit"/>
        <method signature="limit.useRestrictiveLimitFromSubq()[pri:0, instance:com.teradata.tempto.limit@67b22ea3]" name="useRestrictiveLimitFromSubq" class="com.teradata.tempto.limit"/>
        <method signature="limit.withGroupBy()[pri:0, instance:com.teradata.tempto.limit@1489e6a4]" name="withGroupBy" class="com.teradata.tempto.limit"/>
        <method signature="limit.withGroupByAndOrderByInSubq()[pri:0, instance:com.teradata.tempto.limit@3053c0ab]" name="withGroupByAndOrderByInSubq" class="com.teradata.tempto.limit"/>
        <method signature="limit.withGroupByInSubq()[pri:0, instance:com.teradata.tempto.limit@7d30f905]" name="withGroupByInSubq" class="com.teradata.tempto.limit"/>
        <method signature="limit.withJoinInSubq()[pri:0, instance:com.teradata.tempto.limit@1d3004d1]" name="withJoinInSubq" class="com.teradata.tempto.limit"/>
        <method signature="limit.withLimitZero()[pri:0, instance:com.teradata.tempto.limit@498cf7b2]" name="withLimitZero" class="com.teradata.tempto.limit"/>
        <method signature="limit.withSimpleLimit()[pri:0, instance:com.teradata.tempto.limit@2d915ee0]" name="withSimpleLimit" class="com.teradata.tempto.limit"/>
        <method signature="limit.withSubq()[pri:0, instance:com.teradata.tempto.limit@3cd55837]" name="withSubq" class="com.teradata.tempto.limit"/>
        <method signature="order_by.orderByExpression()[pri:0, instance:com.teradata.tempto.order_by@5ff839b0]" name="orderByExpression" class="com.teradata.tempto.order_by"/>
        <method signature="order_by.orderByMixOfColumnsAscDesc()[pri:0, instance:com.teradata.tempto.order_by@94e72e6]" name="orderByMixOfColumnsAscDesc" class="com.teradata.tempto.order_by"/>
        <method signature="order_by.orderByNonProjectedAggregate()[pri:0, instance:com.teradata.tempto.order_by@3e3cde4a]" name="orderByNonProjectedAggregate" class="com.teradata.tempto.order_by"/>
        <method signature="order_by.orderByNonProjectedExpression()[pri:0, instance:com.teradata.tempto.order_by@1ccedde8]" name="orderByNonProjectedExpression" class="com.teradata.tempto.order_by"/>
        <method signature="order_by.runOrderByWithFromSubq()[pri:0, instance:com.teradata.tempto.order_by@46ff9d99]" name="runOrderByWithFromSubq" class="com.teradata.tempto.order_by"/>
      </group> <!-- limit -->
      <group name="join">
        <method signature="join.cross_join()[pri:0, instance:com.teradata.tempto.join@110598e4]" name="cross_join" class="com.teradata.tempto.join"/>
        <method signature="join.explicit_inner_implicit_same_tables()[pri:0, instance:com.teradata.tempto.join@65b81cbf]" name="explicit_inner_implicit_same_tables" class="com.teradata.tempto.join"/>
        <method signature="join.explicit_inner_join_select_columns()[pri:0, instance:com.teradata.tempto.join@69ecac91]" name="explicit_inner_join_select_columns" class="com.teradata.tempto.join"/>
        <method signature="join.explicit_inner_join_select_count()[pri:0, instance:com.teradata.tempto.join@2499e4dd]" name="explicit_inner_join_select_count" class="com.teradata.tempto.join"/>
        <method signature="join.explicit_inner_join_select_star()[pri:0, instance:com.teradata.tempto.join@158330c1]" name="explicit_inner_join_select_star" class="com.teradata.tempto.join"/>
        <method signature="join.explicit_inner_join_select_where()[pri:0, instance:com.teradata.tempto.join@57346fb4]" name="explicit_inner_join_select_where" class="com.teradata.tempto.join"/>
        <method signature="join.explicit_left_implicit_same_tables()[pri:0, instance:com.teradata.tempto.join@71191d12]" name="explicit_left_implicit_same_tables" class="com.teradata.tempto.join"/>
        <method signature="join.implicit_explicit_inner()[pri:0, instance:com.teradata.tempto.join@7e579cda]" name="implicit_explicit_inner" class="com.teradata.tempto.join"/>
        <method signature="join.implicit_explicit_left()[pri:0, instance:com.teradata.tempto.join@2a13034e]" name="implicit_explicit_left" class="com.teradata.tempto.join"/>
        <method signature="join.implicit_inner_join_table_alias()[pri:0, instance:com.teradata.tempto.join@5ec1031d]" name="implicit_inner_join_table_alias" class="com.teradata.tempto.join"/>
        <method signature="join.implicit_less_then()[pri:0, instance:com.teradata.tempto.join@5cc5ec4a]" name="implicit_less_then" class="com.teradata.tempto.join"/>
        <method signature="join.implicit_not_equal()[pri:0, instance:com.teradata.tempto.join@5cd761b0]" name="implicit_not_equal" class="com.teradata.tempto.join"/>
        <method signature="join.inner_join_null_data()[pri:0, instance:com.teradata.tempto.join@781c0f55]" name="inner_join_null_data" class="com.teradata.tempto.join"/>
        <method signature="join.inner_join_right_outer_join()[pri:0, instance:com.teradata.tempto.join@4fcaa4a0]" name="inner_join_right_outer_join" class="com.teradata.tempto.join"/>
        <method signature="join.left_join_on_multiple_predicates()[pri:0, instance:com.teradata.tempto.join@74953daf]" name="left_join_on_multiple_predicates" class="com.teradata.tempto.join"/>
        <method signature="join.left_join_where_constant()[pri:0, instance:com.teradata.tempto.join@12ef80b3]" name="left_join_where_constant" class="com.teradata.tempto.join"/>
        <method signature="join.left_join_where_is_not_null()[pri:0, instance:com.teradata.tempto.join@e519afd]" name="left_join_where_is_not_null" class="com.teradata.tempto.join"/>
        <method signature="join.left_join_where_is_null()[pri:0, instance:com.teradata.tempto.join@d83969c]" name="left_join_where_is_null" class="com.teradata.tempto.join"/>
        <method signature="join.left_outer_join()[pri:0, instance:com.teradata.tempto.join@5245b5e0]" name="left_outer_join" class="com.teradata.tempto.join"/>
        <method signature="join.left_outer_join_inner_join()[pri:0, instance:com.teradata.tempto.join@3799e7a8]" name="left_outer_join_inner_join" class="com.teradata.tempto.join"/>
        <method signature="join.right_join_left_join()[pri:0, instance:com.teradata.tempto.join@12322b69]" name="right_join_left_join" class="com.teradata.tempto.join"/>
        <method signature="join.right_join_left_join_inner_join_parentheses()[pri:0, instance:com.teradata.tempto.join@3aeff59e]" name="right_join_left_join_inner_join_parentheses" class="com.teradata.tempto.join"/>
        <method signature="join.right_join_left_join_parentheses()[pri:0, instance:com.teradata.tempto.join@5b8caf1b]" name="right_join_left_join_parentheses" class="com.teradata.tempto.join"/>
        <method signature="join.right_join_null_data()[pri:0, instance:com.teradata.tempto.join@5bd7ddd6]" name="right_join_null_data" class="com.teradata.tempto.join"/>
        <method signature="join.right_outer_join()[pri:0, instance:com.teradata.tempto.join@2b49a11d]" name="right_outer_join" class="com.teradata.tempto.join"/>
        <method signature="join.sub_select_in()[pri:0, instance:com.teradata.tempto.join@7fcd4b0c]" name="sub_select_in" class="com.teradata.tempto.join"/>
      </group> <!-- join -->
      <group name="cli">
        <method signature="PrestoCliTests.shouldDisplayVersion()[pri:0, instance:com.facebook.presto.tests.cli.PrestoCliTests@19d36342]" name="shouldDisplayVersion" class="com.facebook.presto.tests.cli.PrestoCliTests"/>
        <method signature="PrestoCliTests.shouldRunBatchQuery()[pri:0, instance:com.facebook.presto.tests.cli.PrestoCliTests@19d36342]" name="shouldRunBatchQuery" class="com.facebook.presto.tests.cli.PrestoCliTests"/>
        <method signature="PrestoCliTests.shouldRunQuery()[pri:0, instance:com.facebook.presto.tests.cli.PrestoCliTests@19d36342]" name="shouldRunQuery" class="com.facebook.presto.tests.cli.PrestoCliTests"/>
        <method signature="PrestoCliTests.shouldRunQueryFromFile()[pri:0, instance:com.facebook.presto.tests.cli.PrestoCliTests@19d36342]" name="shouldRunQueryFromFile" class="com.facebook.presto.tests.cli.PrestoCliTests"/>
        <method signature="PrestoCliTests.shouldUseCatalogAndSchemaOptions()[pri:0, instance:com.facebook.presto.tests.cli.PrestoCliTests@19d36342]" name="shouldUseCatalogAndSchemaOptions" class="com.facebook.presto.tests.cli.PrestoCliTests"/>
      </group> <!-- cli -->
      <group name="with_clause">
        <method signature="with_clause.multipleWithExprsReferencedFromParent()[pri:0, instance:com.teradata.tempto.with_clause@c8c78a3]" name="multipleWithExprsReferencedFromParent" class="com.teradata.tempto.with_clause"/>
        <method signature="with_clause.withExprAccessingAnotherAndAlsoFromParents()[pri:0, instance:com.teradata.tempto.with_clause@6f52b95a]" name="withExprAccessingAnotherAndAlsoFromParents" class="com.teradata.tempto.with_clause"/>
        <method signature="with_clause.withExprReferencedInWhereClause()[pri:0, instance:com.teradata.tempto.with_clause@40a75caf]" name="withExprReferencedInWhereClause" class="com.teradata.tempto.with_clause"/>
        <method signature="with_clause.withExprRepeated()[pri:0, instance:com.teradata.tempto.with_clause@2f816d78]" name="withExprRepeated" class="com.teradata.tempto.with_clause"/>
        <method signature="with_clause.withExprUsingAnotherWithExpr()[pri:0, instance:com.teradata.tempto.with_clause@159aacd8]" name="withExprUsingAnotherWithExpr" class="com.teradata.tempto.with_clause"/>
        <method signature="with_clause.withExprUsingOrderbyLimit()[pri:0, instance:com.teradata.tempto.with_clause@556389bb]" name="withExprUsingOrderbyLimit" class="com.teradata.tempto.with_clause"/>
        <method signature="with_clause.withExprWithNoReferenceInParent()[pri:0, instance:com.teradata.tempto.with_clause@3a4f4ec9]" name="withExprWithNoReferenceInParent" class="com.teradata.tempto.with_clause"/>
        <method signature="with_clause.withSimpleExprInNestedFromClause()[pri:0, instance:com.teradata.tempto.with_clause@6f22c8e0]" name="withSimpleExprInNestedFromClause" class="com.teradata.tempto.with_clause"/>
      </group> <!-- with_clause -->
      <group name="comparison">
        <method signature="Comparison.testBetweenOperatorExists(java.lang.String, java.lang.String, java.lang.String)[pri:0, instance:com.facebook.presto.tests.functions.operators.Comparison@1f234f84]" name="testBetweenOperatorExists" class="com.facebook.presto.tests.functions.operators.Comparison"/>
        <method signature="Comparison.testEqualOperatorExists(java.lang.String, java.lang.String, java.lang.String)[pri:0, instance:com.facebook.presto.tests.functions.operators.Comparison@1f234f84]" name="testEqualOperatorExists" class="com.facebook.presto.tests.functions.operators.Comparison"/>
        <method signature="Comparison.testGreaterThanOperatorExists(java.lang.String, java.lang.String, java.lang.String)[pri:0, instance:com.facebook.presto.tests.functions.operators.Comparison@1f234f84]" name="testGreaterThanOperatorExists" class="com.facebook.presto.tests.functions.operators.Comparison"/>
        <method signature="Comparison.testGreaterThanOrEqualOperatorExists(java.lang.String, java.lang.String, java.lang.String)[pri:0, instance:com.facebook.presto.tests.functions.operators.Comparison@1f234f84]" name="testGreaterThanOrEqualOperatorExists" class="com.facebook.presto.tests.functions.operators.Comparison"/>
        <method signature="Comparison.testLessThanOperatorExists(java.lang.String, java.lang.String, java.lang.String)[pri:0, instance:com.facebook.presto.tests.functions.operators.Comparison@1f234f84]" name="testLessThanOperatorExists" class="com.facebook.presto.tests.functions.operators.Comparison"/>
        <method signature="Comparison.testLessThanOrEqualOperatorExists(java.lang.String, java.lang.String, java.lang.String)[pri:0, instance:com.facebook.presto.tests.functions.operators.Comparison@1f234f84]" name="testLessThanOrEqualOperatorExists" class="com.facebook.presto.tests.functions.operators.Comparison"/>
      </group> <!-- comparison -->
      <group name="varchar">
        <method signature="orc.select_char_orc_dictionary()[pri:0, instance:com.teradata.tempto.orc@171e2788]" name="select_char_orc_dictionary" class="com.teradata.tempto.orc"/>
        <method signature="orc.select_varchar_orc_dictionary()[pri:0, instance:com.teradata.tempto.orc@34218a7c]" name="select_varchar_orc_dictionary" class="com.teradata.tempto.orc"/>
      </group> <!-- varchar -->
      <group name="smoke">
        <method signature="AlterTableTests.renameTable()[pri:0, instance:com.facebook.presto.tests.AlterTableTests@7aa4db5e]" name="renameTable" class="com.facebook.presto.tests.AlterTableTests"/>
        <method signature="CreateDropViewTests.createOrReplaceSimpleView()[pri:0, instance:com.facebook.presto.tests.CreateDropViewTests@7840b111]" name="createOrReplaceSimpleView" class="com.facebook.presto.tests.CreateDropViewTests"/>
        <method signature="CreateDropViewTests.dropViewTest()[pri:0, instance:com.facebook.presto.tests.CreateDropViewTests@7840b111]" name="dropViewTest" class="com.facebook.presto.tests.CreateDropViewTests"/>
        <method signature="SimpleQueryTest.selectAllFromNation()[pri:0, instance:com.facebook.presto.tests.SimpleQueryTest@19361ab]" name="selectAllFromNation" class="com.facebook.presto.tests.SimpleQueryTest"/>
        <method signature="SimpleQueryTest.selectCountFromNation()[pri:0, instance:com.facebook.presto.tests.SimpleQueryTest@19361ab]" name="selectCountFromNation" class="com.facebook.presto.tests.SimpleQueryTest"/>
        <method signature="TestAllDatatypesFromHiveConnector.testSelectAllDatatypesTextFile()[pri:0, instance:com.facebook.presto.tests.hive.TestAllDatatypesFromHiveConnector@55bbe3d2]" name="testSelectAllDatatypesTextFile" class="com.facebook.presto.tests.hive.TestAllDatatypesFromHiveConnector"/>
        <method signature="TestInsertIntoHiveTable.testInsertIntoSelectToHiveTableAllHiveSimpleTypesKnownToPresto()[pri:0, instance:com.facebook.presto.tests.hive.TestInsertIntoHiveTable@1be748a8]" name="testInsertIntoSelectToHiveTableAllHiveSimpleTypesKnownToPresto" class="com.facebook.presto.tests.hive.TestInsertIntoHiveTable"/>
        <method signature="TestInsertIntoHiveTable.testInsertIntoValuesToHiveTableAllHiveSimpleTypesKnownToPresto()[pri:0, instance:com.facebook.presto.tests.hive.TestInsertIntoHiveTable@1be748a8]" name="testInsertIntoValuesToHiveTableAllHiveSimpleTypesKnownToPresto" class="com.facebook.presto.tests.hive.TestInsertIntoHiveTable"/>
        <method signature="TestTablePartitioningInsertInto.selectFromPartitionedNation()[pri:0, instance:com.facebook.presto.tests.hive.TestTablePartitioningInsertInto@4f3f5da7]" name="selectFromPartitionedNation" class="com.facebook.presto.tests.hive.TestTablePartitioningInsertInto"/>
      </group> <!-- smoke -->
      <group name="orderby">
        <method signature="distinct.withOrderBy()[pri:0, instance:com.teradata.tempto.distinct@24eb0b25]" name="withOrderBy" class="com.teradata.tempto.distinct"/>
        <method signature="order_by.orderByAggregate()[pri:0, instance:com.teradata.tempto.order_by@22f8a2c2]" name="orderByAggregate" class="com.teradata.tempto.order_by"/>
        <method signature="order_by.orderByAliasSameAsColumn()[pri:0, instance:com.teradata.tempto.order_by@35c4686e]" name="orderByAliasSameAsColumn" class="com.teradata.tempto.order_by"/>
        <method signature="order_by.orderByAscNullsDefault()[pri:0, instance:com.teradata.tempto.order_by@903c506]" name="orderByAscNullsDefault" class="com.teradata.tempto.order_by"/>
        <method signature="order_by.orderByAscNullsFirst()[pri:0, instance:com.teradata.tempto.order_by@4069f369]" name="orderByAscNullsFirst" class="com.teradata.tempto.order_by"/>
        <method signature="order_by.orderByAscNullsLast()[pri:0, instance:com.teradata.tempto.order_by@23e3f9d4]" name="orderByAscNullsLast" class="com.teradata.tempto.order_by"/>
        <method signature="order_by.orderByDefaultNullsDefault()[pri:0, instance:com.teradata.tempto.order_by@2097aaab]" name="orderByDefaultNullsDefault" class="com.teradata.tempto.order_by"/>
        <method signature="order_by.orderByDefaultNullsFirst()[pri:0, instance:com.teradata.tempto.order_by@2c36de3b]" name="orderByDefaultNullsFirst" class="com.teradata.tempto.order_by"/>
        <method signature="order_by.orderByDefaultNullsLast()[pri:0, instance:com.teradata.tempto.order_by@38716e3f]" name="orderByDefaultNullsLast" class="com.teradata.tempto.order_by"/>
        <method signature="order_by.orderByDescNullsFirst()[pri:0, instance:com.teradata.tempto.order_by@5ab43a59]" name="orderByDescNullsFirst" class="com.teradata.tempto.order_by"/>
        <method signature="order_by.orderByDescNullsLast()[pri:0, instance:com.teradata.tempto.order_by@f6d381a]" name="orderByDescNullsLast" class="com.teradata.tempto.order_by"/>
        <method signature="order_by.orderByDistinctColumnDesc()[pri:0, instance:com.teradata.tempto.order_by@45a14255]" name="orderByDistinctColumnDesc" class="com.teradata.tempto.order_by"/>
        <method signature="order_by.orderByExpression()[pri:0, instance:com.teradata.tempto.order_by@5ff839b0]" name="orderByExpression" class="com.teradata.tempto.order_by"/>
        <method signature="order_by.orderByMixOfColumnsAscDesc()[pri:0, instance:com.teradata.tempto.order_by@94e72e6]" name="orderByMixOfColumnsAscDesc" class="com.teradata.tempto.order_by"/>
        <method signature="order_by.orderByNonProjectedAggregate()[pri:0, instance:com.teradata.tempto.order_by@3e3cde4a]" name="orderByNonProjectedAggregate" class="com.teradata.tempto.order_by"/>
        <method signature="order_by.orderByNonProjectedColumns()[pri:0, instance:com.teradata.tempto.order_by@4a5c02cc]" name="orderByNonProjectedColumns" class="com.teradata.tempto.order_by"/>
        <method signature="order_by.orderByNonProjectedExpression()[pri:0, instance:com.teradata.tempto.order_by@1ccedde8]" name="orderByNonProjectedExpression" class="com.teradata.tempto.order_by"/>
        <method signature="order_by.orderByOrdinals()[pri:0, instance:com.teradata.tempto.order_by@1e69d582]" name="orderByOrdinals" class="com.teradata.tempto.order_by"/>
        <method signature="order_by.runOrderByWithFromSubq()[pri:0, instance:com.teradata.tempto.order_by@46ff9d99]" name="runOrderByWithFromSubq" class="com.teradata.tempto.order_by"/>
      </group> <!-- orderby -->
      <group name="no_from">
        <method signature="select_no_from.projectAggFuncs()[pri:0, instance:com.teradata.tempto.select_no_from@68a482f4]" name="projectAggFuncs" class="com.teradata.tempto.select_no_from"/>
        <method signature="select_no_from.projectConstants()[pri:0, instance:com.teradata.tempto.select_no_from@32ef8290]" name="projectConstants" class="com.teradata.tempto.select_no_from"/>
        <method signature="select_no_from.projectFunctions()[pri:0, instance:com.teradata.tempto.select_no_from@226ccc83]" name="projectFunctions" class="com.teradata.tempto.select_no_from"/>
        <method signature="select_no_from.withGroupOrderHaving()[pri:0, instance:com.teradata.tempto.select_no_from@1342f774]" name="withGroupOrderHaving" class="com.teradata.tempto.select_no_from"/>
        <method signature="select_no_from.withUnionAll()[pri:0, instance:com.teradata.tempto.select_no_from@6fd46a7e]" name="withUnionAll" class="com.teradata.tempto.select_no_from"/>
        <method signature="select_no_from.withWhereClause()[pri:0, instance:com.teradata.tempto.select_no_from@55c316d9]" name="withWhereClause" class="com.teradata.tempto.select_no_from"/>
        <method signature="select_no_from.withWhereFalse()[pri:0, instance:com.teradata.tempto.select_no_from@6c59215c]" name="withWhereFalse" class="com.teradata.tempto.select_no_from"/>
      </group> <!-- no_from -->
      <group name="union">
        <method signature="union.unionAllSameTable()[pri:0, instance:com.teradata.tempto.union@17669f57]" name="unionAllSameTable" class="com.teradata.tempto.union"/>
        <method signature="union.unionDistinctSameTable()[pri:0, instance:com.teradata.tempto.union@76dc2ed1]" name="unionDistinctSameTable" class="com.teradata.tempto.union"/>
        <method signature="union.unionMoreThanTwoTables()[pri:0, instance:com.teradata.tempto.union@66549d73]" name="unionMoreThanTwoTables" class="com.teradata.tempto.union"/>
        <method signature="union.unionOrderBy()[pri:0, instance:com.teradata.tempto.union@79bf99f1]" name="unionOrderBy" class="com.teradata.tempto.union"/>
        <method signature="union.unionWithAggregation()[pri:0, instance:com.teradata.tempto.union@7d8e4c43]" name="unionWithAggregation" class="com.teradata.tempto.union"/>
      </group> <!-- union -->
      <group name="logical">
        <method signature="Logical.testLogicalOperatorsExists()[pri:0, instance:com.facebook.presto.tests.functions.operators.Logical@295ae92c]" name="testLogicalOperatorsExists" class="com.facebook.presto.tests.functions.operators.Logical"/>
      </group> <!-- logical -->
      <group name="system">
        <method signature="SystemConnectorTests.selectMetadataCatalogs()[pri:0, instance:com.facebook.presto.tests.SystemConnectorTests@409eca36]" name="selectMetadataCatalogs" class="com.facebook.presto.tests.SystemConnectorTests"/>
        <method signature="SystemConnectorTests.selectRuntimeNodes()[pri:0, instance:com.facebook.presto.tests.SystemConnectorTests@409eca36]" name="selectRuntimeNodes" class="com.facebook.presto.tests.SystemConnectorTests"/>
        <method signature="SystemConnectorTests.selectRuntimeQueries()[pri:0, instance:com.facebook.presto.tests.SystemConnectorTests@409eca36]" name="selectRuntimeQueries" class="com.facebook.presto.tests.SystemConnectorTests"/>
        <method signature="SystemConnectorTests.selectRuntimeTasks()[pri:0, instance:com.facebook.presto.tests.SystemConnectorTests@409eca36]" name="selectRuntimeTasks" class="com.facebook.presto.tests.SystemConnectorTests"/>
        <method signature="system.selectInformationSchemaColumns()[pri:0, instance:com.teradata.tempto.system@7ca3a5fb]" name="selectInformationSchemaColumns" class="com.teradata.tempto.system"/>
        <method signature="system.selectInformationSchemaSchemata()[pri:0, instance:com.teradata.tempto.system@40ff3f2a]" name="selectInformationSchemaSchemata" class="com.teradata.tempto.system"/>
        <method signature="system.selectInformationSchemaTables()[pri:0, instance:com.teradata.tempto.system@2b51d740]" name="selectInformationSchemaTables" class="com.teradata.tempto.system"/>
        <method signature="system.showSystemSchemas()[pri:0, instance:com.teradata.tempto.system@55605992]" name="showSystemSchemas" class="com.teradata.tempto.system"/>
        <method signature="system.showTablesSystemInformationSchema()[pri:0, instance:com.teradata.tempto.system@48846828]" name="showTablesSystemInformationSchema" class="com.teradata.tempto.system"/>
        <method signature="system.showTablesSystemMetadata()[pri:0, instance:com.teradata.tempto.system@64a67067]" name="showTablesSystemMetadata" class="com.teradata.tempto.system"/>
        <method signature="system.showTablesSystemRuntime()[pri:0, instance:com.teradata.tempto.system@6bc85459]" name="showTablesSystemRuntime" class="com.teradata.tempto.system"/>
      </group> <!-- system -->
      <group name="postgresql_connector">
        <method signature="postgresql.describe_table()[pri:0, instance:com.teradata.tempto.postgresql@4868445f]" name="describe_table" class="com.teradata.tempto.postgresql"/>
        <method signature="postgresql.join_postgres_to_postgres()[pri:0, instance:com.teradata.tempto.postgresql@43b7cc23]" name="join_postgres_to_postgres" class="com.teradata.tempto.postgresql"/>
        <method signature="postgresql.join_postgres_to_tpch()[pri:0, instance:com.teradata.tempto.postgresql@36fb9a60]" name="join_postgres_to_tpch" class="com.teradata.tempto.postgresql"/>
        <method signature="postgresql.select()[pri:0, instance:com.teradata.tempto.postgresql@1a7224de]" name="select" class="com.teradata.tempto.postgresql"/>
        <method signature="postgresql.show_schemas()[pri:0, instance:com.teradata.tempto.postgresql@6332d165]" name="show_schemas" class="com.teradata.tempto.postgresql"/>
        <method signature="postgresql.show_tables()[pri:0, instance:com.teradata.tempto.postgresql@4d667774]" name="show_tables" class="com.teradata.tempto.postgresql"/>
      </group> <!-- postgresql_connector -->
      <group name="null">
        <method signature="NullConnector.nullConnector()[pri:0, instance:com.facebook.presto.tests.nullconnector.NullConnector@476e7057]" name="nullConnector" class="com.facebook.presto.tests.nullconnector.NullConnector"/>
      </group> <!-- null -->
      <group name="regex_functions">
        <method signature="regex_functions.checkRegexFunctionsRegistered()[pri:0, instance:com.teradata.tempto.regex_functions@4ccd6]" name="checkRegexFunctionsRegistered" class="com.teradata.tempto.regex_functions"/>
      </group> <!-- regex_functions -->
      <group name="create_table">
        <method signature="CreateTableTests.shouldCreateTableAsEmptySelect()[pri:0, instance:com.facebook.presto.tests.CreateTableTests@2b02447d]" name="shouldCreateTableAsEmptySelect" class="com.facebook.presto.tests.CreateTableTests"/>
        <method signature="CreateTableTests.shouldCreateTableAsSelect()[pri:0, instance:com.facebook.presto.tests.CreateTableTests@2b02447d]" name="shouldCreateTableAsSelect" class="com.facebook.presto.tests.CreateTableTests"/>
      </group> <!-- create_table -->
      <group name="window">
        <method signature="window_functions.rangeCurrent()[pri:0, instance:com.teradata.tempto.window_functions@1ec664bc]" name="rangeCurrent" class="com.teradata.tempto.window_functions"/>
        <method signature="window_functions.rangeUnbounded()[pri:0, instance:com.teradata.tempto.window_functions@487f4508]" name="rangeUnbounded" class="com.teradata.tempto.window_functions"/>
        <method signature="window_functions.rowsBounded()[pri:0, instance:com.teradata.tempto.window_functions@3ed90d79]" name="rowsBounded" class="com.teradata.tempto.window_functions"/>
        <method signature="window_functions.rowsUnbounded()[pri:0, instance:com.teradata.tempto.window_functions@18f6525d]" name="rowsUnbounded" class="com.teradata.tempto.window_functions"/>
      </group> <!-- window -->
      <group name="decimal">
        <method signature="decimal.select_long()[pri:0, instance:com.teradata.tempto.decimal@6a82cd17]" name="select_long" class="com.teradata.tempto.decimal"/>
        <method signature="decimal.select_long_2()[pri:0, instance:com.teradata.tempto.decimal@22368fcb]" name="select_long_2" class="com.teradata.tempto.decimal"/>
        <method signature="decimal.select_long_3()[pri:0, instance:com.teradata.tempto.decimal@75650906]" name="select_long_3" class="com.teradata.tempto.decimal"/>
        <method signature="decimal.select_short()[pri:0, instance:com.teradata.tempto.decimal@37f2dfd6]" name="select_short" class="com.teradata.tempto.decimal"/>
        <method signature="decimal.where()[pri:0, instance:com.teradata.tempto.decimal@74626534]" name="where" class="com.teradata.tempto.decimal"/>
        <method signature="decimal.where_2()[pri:0, instance:com.teradata.tempto.decimal@34346f5a]" name="where_2" class="com.teradata.tempto.decimal"/>
        <method signature="decimal.where_3()[pri:0, instance:com.teradata.tempto.decimal@1aab2f09]" name="where_3" class="com.teradata.tempto.decimal"/>
        <method signature="decimal.where_4()[pri:0, instance:com.teradata.tempto.decimal@633b98b6]" name="where_4" class="com.teradata.tempto.decimal"/>
      </group> <!-- decimal -->
      <group name="array_functions">
        <method signature="TestArrayFunctions.testArrayConcatenationOperatorAvailable()[pri:0, instance:com.facebook.presto.tests.functions.TestArrayFunctions@25302c0]" name="testArrayConcatenationOperatorAvailable" class="com.facebook.presto.tests.functions.TestArrayFunctions"/>
        <method signature="TestArrayFunctions.testArrayCreationOperatorAvailable()[pri:0, instance:com.facebook.presto.tests.functions.TestArrayFunctions@25302c0]" name="testArrayCreationOperatorAvailable" class="com.facebook.presto.tests.functions.TestArrayFunctions"/>
        <method signature="array_functions.checkArrayFunctionsRegistered()[pri:0, instance:com.teradata.tempto.array_functions@6f5acac9]" name="checkArrayFunctionsRegistered" class="com.teradata.tempto.array_functions"/>
      </group> <!-- array_functions -->
      <group name="map_functions">
        <method signature="map_functions.checkMapFunctionsRegistered()[pri:0, instance:com.teradata.tempto.map_functions@5a9668d7]" name="checkMapFunctionsRegistered" class="com.teradata.tempto.map_functions"/>
        <method signature="map_functions.mapRetrieveOperatorWorks()[pri:0, instance:com.teradata.tempto.map_functions@546329a5]" name="mapRetrieveOperatorWorks" class="com.teradata.tempto.map_functions"/>
      </group> <!-- map_functions -->
      <group name="math_functions">
        <method signature="math_functions.checkMathFunctionsRegistered()[pri:0, instance:com.teradata.tempto.math_functions@d6c6b69]" name="checkMathFunctionsRegistered" class="com.teradata.tempto.math_functions"/>
        <method signature="math_functions.checkMathOperatorsAccessible()[pri:0, instance:com.teradata.tempto.math_functions@76ec5b3]" name="checkMathOperatorsAccessible" class="com.teradata.tempto.math_functions"/>
      </group> <!-- math_functions -->
    </groups>
    <test name="all" duration-ms="751442" started-at="2016-02-05T16:12:59Z" finished-at="2016-02-05T16:25:30Z">
      <class name="com.teradata.tempto.binary_functions">
        <test-method status="PASS" signature="checkBinaryFunctionsRegistered()[pri:0, instance:com.teradata.tempto.binary_functions@540774de]" test-instance-name="sql_tests.testcases.binary_functions.checkBinaryFunctionsRegistered" name="checkBinaryFunctionsRegistered" duration-ms="1674" started-at="2016-02-05T16:16:51Z" finished-at="2016-02-05T16:16:53Z">
          <reporter-output>
          </reporter-output>
        </test-method> <!-- checkBinaryFunctionsRegistered -->
      </class> <!-- com.teradata.tempto.binary_functions -->
      <class name="com.teradata.tempto.join">
        <test-method status="PASS" signature="cross_join()[pri:0, instance:com.teradata.tempto.join@110598e4]" test-instance-name="sql_tests.testcases.join.cross_join" name="cross_join" duration-ms="562" started-at="2016-02-05T16:23:52Z" finished-at="2016-02-05T16:23:53Z">
          <reporter-output>
          </reporter-output>
        </test-method> <!-- cross_join -->
        <test-method status="PASS" signature="explicit_inner_implicit_same_tables()[pri:0, instance:com.teradata.tempto.join@65b81cbf]" test-instance-name="sql_tests.testcases.join.explicit_inner_implicit_same_tables" name="explicit_inner_implicit_same_tables" duration-ms="1302" started-at="2016-02-05T16:23:53Z" finished-at="2016-02-05T16:23:54Z">
          <reporter-output>
          </reporter-output>
        </test-method> <!-- explicit_inner_implicit_same_tables -->
        <test-method status="PASS" signature="explicit_inner_join_select_columns()[pri:0, instance:com.teradata.tempto.join@69ecac91]" test-instance-name="sql_tests.testcases.join.explicit_inner_join_select_columns" name="explicit_inner_join_select_columns" duration-ms="536" started-at="2016-02-05T16:23:54Z" finished-at="2016-02-05T16:23:55Z">
          <reporter-output>
          </reporter-output>
        </test-method> <!-- explicit_inner_join_select_columns -->
        <test-method status="PASS" signature="explicit_inner_join_select_count()[pri:0, instance:com.teradata.tempto.join@2499e4dd]" test-instance-name="sql_tests.testcases.join.explicit_inner_join_select_count" name="explicit_inner_join_select_count" duration-ms="657" started-at="2016-02-05T16:23:55Z" finished-at="2016-02-05T16:23:55Z">
          <reporter-output>
          </reporter-output>
        </test-method> <!-- explicit_inner_join_select_count -->
        <test-method status="PASS" signature="explicit_inner_join_select_star()[pri:0, instance:com.teradata.tempto.join@158330c1]" test-instance-name="sql_tests.testcases.join.explicit_inner_join_select_star" name="explicit_inner_join_select_star" duration-ms="522" started-at="2016-02-05T16:23:55Z" finished-at="2016-02-05T16:23:56Z">
          <reporter-output>
          </reporter-output>
        </test-method> <!-- explicit_inner_join_select_star -->
        <test-method status="PASS" signature="explicit_inner_join_select_where()[pri:0, instance:com.teradata.tempto.join@57346fb4]" test-instance-name="sql_tests.testcases.join.explicit_inner_join_select_where" name="explicit_inner_join_select_where" duration-ms="487" started-at="2016-02-05T16:23:56Z" finished-at="2016-02-05T16:23:56Z">
          <reporter-output>
          </reporter-output>
        </test-method> <!-- explicit_inner_join_select_where -->
        <test-method status="PASS" signature="explicit_left_implicit_same_tables()[pri:0, instance:com.teradata.tempto.join@71191d12]" test-instance-name="sql_tests.testcases.join.explicit_left_implicit_same_tables" name="explicit_left_implicit_same_tables" duration-ms="1347" started-at="2016-02-05T16:23:56Z" finished-at="2016-02-05T16:23:58Z">
          <reporter-output>
          </reporter-output>
        </test-method> <!-- explicit_left_implicit_same_tables -->
        <test-method status="PASS" signature="implicit_explicit_inner()[pri:0, instance:com.teradata.tempto.join@7e579cda]" test-instance-name="sql_tests.testcases.join.implicit_explicit_inner" name="implicit_explicit_inner" duration-ms="1059" started-at="2016-02-05T16:23:58Z" finished-at="2016-02-05T16:23:59Z">
          <reporter-output>
          </reporter-output>
        </test-method> <!-- implicit_explicit_inner -->
        <test-method status="PASS" signature="implicit_explicit_left()[pri:0, instance:com.teradata.tempto.join@2a13034e]" test-instance-name="sql_tests.testcases.join.implicit_explicit_left" name="implicit_explicit_left" duration-ms="1005" started-at="2016-02-05T16:23:59Z" finished-at="2016-02-05T16:24:00Z">
          <reporter-output>
          </reporter-output>
        </test-method> <!-- implicit_explicit_left -->
        <test-method status="PASS" signature="implicit_inner_join_table_alias()[pri:0, instance:com.teradata.tempto.join@5ec1031d]" test-instance-name="sql_tests.testcases.join.implicit_inner_join_table_alias" name="implicit_inner_join_table_alias" duration-ms="574" started-at="2016-02-05T16:24:00Z" finished-at="2016-02-05T16:24:00Z">
          <reporter-output>
          </reporter-output>
        </test-method> <!-- implicit_inner_join_table_alias -->
        <test-method status="PASS" signature="implicit_less_then()[pri:0, instance:com.teradata.tempto.join@5cc5ec4a]" test-instance-name="sql_tests.testcases.join.implicit_less_then" name="implicit_less_then" duration-ms="495" started-at="2016-02-05T16:24:00Z" finished-at="2016-02-05T16:24:01Z">
          <reporter-output>
          </reporter-output>
        </test-method> <!-- implicit_less_then -->
        <test-method status="PASS" signature="implicit_not_equal()[pri:0, instance:com.teradata.tempto.join@5cd761b0]" test-instance-name="sql_tests.testcases.join.implicit_not_equal" name="implicit_not_equal" duration-ms="540" started-at="2016-02-05T16:24:01Z" finished-at="2016-02-05T16:24:01Z">
          <reporter-output>
          </reporter-output>
        </test-method> <!-- implicit_not_equal -->
        <test-method status="PASS" signature="inner_join_null_data()[pri:0, instance:com.teradata.tempto.join@781c0f55]" test-instance-name="sql_tests.testcases.join.inner_join_null_data" name="inner_join_null_data" duration-ms="543" started-at="2016-02-05T16:24:01Z" finished-at="2016-02-05T16:24:02Z">
          <reporter-output>
          </reporter-output>
        </test-method> <!-- inner_join_null_data -->
        <test-method status="PASS" signature="inner_join_right_outer_join()[pri:0, instance:com.teradata.tempto.join@4fcaa4a0]" test-instance-name="sql_tests.testcases.join.inner_join_right_outer_join" name="inner_join_right_outer_join" duration-ms="1053" started-at="2016-02-05T16:24:02Z" finished-at="2016-02-05T16:24:03Z">
          <reporter-output>
          </reporter-output>
        </test-method> <!-- inner_join_right_outer_join -->
        <test-method status="PASS" signature="left_join_on_multiple_predicates()[pri:0, instance:com.teradata.tempto.join@74953daf]" test-instance-name="sql_tests.testcases.join.left_join_on_multiple_predicates" name="left_join_on_multiple_predicates" duration-ms="1172" started-at="2016-02-05T16:24:03Z" finished-at="2016-02-05T16:24:04Z">
          <reporter-output>
          </reporter-output>
        </test-method> <!-- left_join_on_multiple_predicates -->
        <test-method status="PASS" signature="left_join_where_constant()[pri:0, instance:com.teradata.tempto.join@12ef80b3]" test-instance-name="sql_tests.testcases.join.left_join_where_constant" name="left_join_where_constant" duration-ms="657" started-at="2016-02-05T16:24:04Z" finished-at="2016-02-05T16:24:05Z">
          <reporter-output>
[...]
          <reporter-output>
          </reporter-output>
        </test-method> <!-- showCatalogs -->
        <test-method status="PASS" signature="showColumns()[pri:0, instance:com.teradata.tempto.catalog@22fea72]" test-instance-name="sql_tests.testcases.catalog.showColumns" name="showColumns" duration-ms="408" started-at="2016-02-05T16:16:54Z" finished-at="2016-02-05T16:16:54Z">
          <reporter-output>
          </reporter-output>
        </test-method> <!-- showColumns -->
        <test-method status="PASS" signature="showFunctions()[pri:0, instance:com.teradata.tempto.catalog@7f67d19a]" test-instance-name="sql_tests.testcases.catalog.showFunctions" name="showFunctions" duration-ms="1613" started-at="2016-02-05T16:16:54Z" finished-at="2016-02-05T16:16:56Z">
          <reporter-output>
          </reporter-output>
        </test-method> <!-- showFunctions -->
        <test-method status="PASS" signature="showSchemas()[pri:0, instance:com.teradata.tempto.catalog@1e6bb40b]" test-instance-name="sql_tests.testcases.catalog.showSchemas" name="showSchemas" duration-ms="467" started-at="2016-02-05T16:16:56Z" finished-at="2016-02-05T16:16:56Z">
          <reporter-output>
          </reporter-output>
        </test-method> <!-- showSchemas -->
        <test-method status="FAIL" signature="showTables()[pri:0, instance:com.teradata.tempto.catalog@f0eba1f]" test-instance-name="sql_tests.testcases.catalog.showTables" name="showTables" duration-ms="317" started-at="2016-02-05T16:16:56Z" finished-at="2016-02-05T16:16:57Z">
          <exception class="com.teradata.tempto.query.QueryExecutionException">
            <message>
              <![CDATA[java.sql.SQLException: Query failed (#20160205_161657_00107_z6wzm): line 1:1: Schema 'jmx' does not exist]]>
            </message>
            <full-stacktrace>
              <![CDATA[com.teradata.tempto.query.QueryExecutionException: java.sql.SQLException: Query failed (#20160205_161657_00107_z6wzm): line 1:1: Schema 'jmx' does not exist
	at com.teradata.tempto.query.JdbcQueryExecutor.execute(JdbcQueryExecutor.java:116)
	at com.teradata.tempto.query.JdbcQueryExecutor.executeQuery(JdbcQueryExecutor.java:93)
	at com.teradata.tempto.internal.convention.sql.SqlQueryConventionBasedTest.runTestQuery(SqlQueryConventionBasedTest.java:108)
	at com.teradata.tempto.internal.convention.sql.SqlQueryConventionBasedTest.test(SqlQueryConventionBasedTest.java:95)
	at com.teradata.tempto.internal.convention.ConventionBasedTestProxyGenerator$ConventionBasedTestProxy.test(ConventionBasedTestProxyGenerator.java:120)
	at com.teradata.tempto.catalog.showTables(Unknown Source)
	at sun.reflect.NativeMethodAccessorImpl.invoke0(Native Method)
	at sun.reflect.NativeMethodAccessorImpl.invoke(NativeMethodAccessorImpl.java:62)
	at sun.reflect.DelegatingMethodAccessorImpl.invoke(DelegatingMethodAccessorImpl.java:43)
	at java.lang.reflect.Method.invoke(Method.java:483)
	at org.testng.internal.MethodInvocationHelper.invokeMethod(MethodInvocationHelper.java:85)
	at org.testng.internal.Invoker.invokeMethod(Invoker.java:639)
	at org.testng.internal.Invoker.invokeTestMethod(Invoker.java:821)
	at org.testng.internal.Invoker.invokeTestMethods(Invoker.java:1131)
	at org.testng.internal.TestMethodWorker.invokeTestMethods(TestMethodWorker.java:124)
	at org.testng.internal.TestMethodWorker.run(TestMethodWorker.java:108)
	at org.testng.TestRunner.privateRun(TestRunner.java:773)
	at org.testng.TestRunner.run(TestRunner.java:623)
	at org.testng.SuiteRunner.runTest(SuiteRunner.java:357)
	at org.testng.SuiteRunner.runSequentially(SuiteRunner.java:352)
	at org.testng.SuiteRunner.privateRun(SuiteRunner.java:310)
	at org.testng.SuiteRunner.run(SuiteRunner.java:259)
	at org.testng.SuiteRunnerWorker.runSuite(SuiteRunnerWorker.java:52)
	at org.testng.SuiteRunnerWorker.run(SuiteRunnerWorker.java:86)
	at org.testng.TestNG.runSuitesSequentially(TestNG.java:1185)
	at org.testng.TestNG.runSuitesLocally(TestNG.java:1110)
	at org.testng.TestNG.run(TestNG.java:1018)
	at com.teradata.tempto.runner.TemptoRunner.run(TemptoRunner.java:82)
	at com.teradata.tempto.runner.TemptoRunner.runTempto(TemptoRunner.java:59)
	at com.teradata.tempto.runner.TemptoRunner.runTempto(TemptoRunner.java:47)
	at com.facebook.presto.tests.TemptoProductTestRunner.main(TemptoProductTestRunner.java:29)
Caused by: java.sql.SQLException: Query failed (#20160205_161657_00107_z6wzm): line 1:1: Schema 'jmx' does not exist
	at com.facebook.presto.jdbc.PrestoResultSet.resultsException(PrestoResultSet.java:1815)
	at com.facebook.presto.jdbc.PrestoResultSet.getColumns(PrestoResultSet.java:1768)
	at com.facebook.presto.jdbc.PrestoResultSet.<init>(PrestoResultSet.java:139)
	at com.facebook.presto.jdbc.PrestoStatement.execute(PrestoStatement.java:178)
	at com.facebook.presto.jdbc.PrestoStatement.executeQuery(PrestoStatement.java:54)
	at com.teradata.tempto.query.JdbcQueryExecutor.executeQueryNoParams(JdbcQueryExecutor.java:125)
	at com.teradata.tempto.query.JdbcQueryExecutor.execute(JdbcQueryExecutor.java:109)
	... 30 more
Caused by: com.facebook.presto.sql.analyzer.SemanticException: line 1:1: Schema 'jmx' does not exist
	at com.facebook.presto.sql.analyzer.StatementAnalyzer.visitShowTables(StatementAnalyzer.java:267)
	at com.facebook.presto.sql.analyzer.StatementAnalyzer.visitShowTables(StatementAnalyzer.java:213)
	at com.facebook.presto.sql.tree.ShowTables.accept(ShowTables.java:61)
	at com.facebook.presto.sql.tree.AstVisitor.process(AstVisitor.java:22)
	at com.facebook.presto.sql.analyzer.Analyzer.analyze(Analyzer.java:60)
	at com.facebook.presto.execution.SqlQueryExecution.doAnalyzeQuery(SqlQueryExecution.java:259)
	at com.facebook.presto.execution.SqlQueryExecution.analyzeQuery(SqlQueryExecution.java:245)
	at com.facebook.presto.execution.SqlQueryExecution.start(SqlQueryExecution.java:209)
	at com.facebook.presto.execution.QueuedExecution.lambda$start$220(QueuedExecution.java:68)
	at com.facebook.presto.execution.QueuedExecution$$Lambda$297/428758008.run(Unknown Source)
	at java.util.concurrent.ThreadPoolExecutor.runWorker(ThreadPoolExecutor.java:1142)
	at java.util.concurrent.ThreadPoolExecutor$Worker.run(ThreadPoolExecutor.java:617)
	at java.lang.Thread.run(Thread.java:745)
]]>
            </full-stacktrace>
          </exception> <!-- com.teradata.tempto.query.QueryExecutionException -->
          <reporter-output>
          </reporter-output>
        </test-method> <!-- showTables -->
      </class> <!-- com.teradata.tempto.catalog -->
      <class name="com.teradata.tempto.distinct">
        <test-method status="PASS" signature="multipleDistinctAgg()[pri:0, instance:com.teradata.tempto.distinct@5565aa1]" test-instance-name="sql_tests.testcases.distinct.multipleDistinctAgg" name="multipleDistinctAgg" duration-ms="560" started-at="2016-02-05T16:17:02Z" finished-at="2016-02-05T16:17:03Z">
          <reporter-output>
          </reporter-output>
        </test-method> <!-- multipleDistinctAgg -->
        <test-method status="PASS" signature="repeatedDistinctAgg()[pri:0, instance:com.teradata.tempto.distinct@7b38b91f]" test-instance-name="sql_tests.testcases.distinct.repeatedDistinctAgg" name="repeatedDistinctAgg" duration-ms="500" started-at="2016-02-05T16:17:03Z" finished-at="2016-02-05T16:17:03Z">
          <reporter-output>
          </reporter-output>
        </test-method> <!-- repeatedDistinctAgg -->
        <test-method status="PASS" signature="withCount()[pri:0, instance:com.teradata.tempto.distinct@60f96421]" test-instance-name="sql_tests.testcases.distinct.withCount" name="withCount" duration-ms="466" started-at="2016-02-05T16:17:03Z" finished-at="2016-02-05T16:17:04Z">
          <reporter-output>
          </reporter-output>
        </test-method> <!-- withCount -->
        <test-method status="PASS" signature="withDuplicates()[pri:0, instance:com.teradata.tempto.distinct@3d9c521d]" test-instance-name="sql_tests.testcases.distinct.withDuplicates" name="withDuplicates" duration-ms="457" started-at="2016-02-05T16:17:04Z" finished-at="2016-02-05T16:17:04Z">
          <reporter-output>
          </reporter-output>
        </test-method> <!-- withDuplicates -->
        <test-method status="PASS" signature="withGroupBy()[pri:0, instance:com.teradata.tempto.distinct@12eb448b]" test-instance-name="sql_tests.testcases.distinct.withGroupBy" name="withGroupBy" duration-ms="494" started-at="2016-02-05T16:17:04Z" finished-at="2016-02-05T16:17:05Z">
          <reporter-output>
          </reporter-output>
        </test-method> <!-- withGroupBy -->
        <test-method status="PASS" signature="withGroupByDistinctAgg()[pri:0, instance:com.teradata.tempto.distinct@135fd8bd]" test-instance-name="sql_tests.testcases.distinct.withGroupByDistinctAgg" name="withGroupByDistinctAgg" duration-ms="487" started-at="2016-02-05T16:17:05Z" finished-at="2016-02-05T16:17:05Z">
          <reporter-output>
          </reporter-output>
        </test-method> <!-- withGroupByDistinctAgg -->
        <test-method status="PASS" signature="withNoDuplicates()[pri:0, instance:com.teradata.tempto.distinct@5b581041]" test-instance-name="sql_tests.testcases.distinct.withNoDuplicates" name="withNoDuplicates" duration-ms="480" started-at="2016-02-05T16:17:05Z" finished-at="2016-02-05T16:17:06Z">
          <reporter-output>
          </reporter-output>
        </test-method> <!-- withNoDuplicates -->
        <test-method status="PASS" signature="withOrderBy()[pri:0, instance:com.teradata.tempto.distinct@24eb0b25]" test-instance-name="sql_tests.testcases.distinct.withOrderBy" name="withOrderBy" duration-ms="464" started-at="2016-02-05T16:17:06Z" finished-at="2016-02-05T16:17:06Z">
          <reporter-output>
          </reporter-output>
        </test-method> <!-- withOrderBy -->
      </class> <!-- com.teradata.tempto.distinct -->
      <class name="com.teradata.tempto.empty_table">
        <test-method status="PASS" signature="countDistinctOnNonPartitioningKey()[pri:0, instance:com.teradata.tempto.empty_table@62bffd8e]" test-instance-name="sql_tests.testcases.empty_table.countDistinctOnNonPartitioningKey" name="countDistinctOnNonPartitioningKey" duration-ms="463" started-at="2016-02-05T16:17:06Z" finished-at="2016-02-05T16:17:07Z">
          <reporter-output>
          </reporter-output>
        </test-method> <!-- countDistinctOnNonPartitioningKey -->
        <test-method status="PASS" signature="countDistinctOnPartitioningKey()[pri:0, instance:com.teradata.tempto.empty_table@477a2621]" test-instance-name="sql_tests.testcases.empty_table.countDistinctOnPartitioningKey" name="countDistinctOnPartitioningKey" duration-ms="437" started-at="2016-02-05T16:17:07Z" finished-at="2016-02-05T16:17:07Z">
          <reporter-output>
          </reporter-output>
        </test-method> <!-- countDistinctOnPartitioningKey -->
        <test-method status="PASS" signature="minMaxHasRows()[pri:0, instance:com.teradata.tempto.empty_table@2be20873]" test-instance-name="sql_tests.testcases.empty_table.minMaxHasRows" name="minMaxHasRows" duration-ms="464" started-at="2016-02-05T16:17:07Z" finished-at="2016-02-05T16:17:07Z">
          <reporter-output>
          </reporter-output>
        </test-method> <!-- minMaxHasRows -->
        <test-method status="PASS" signature="multiplyOperator()[pri:0, instance:com.teradata.tempto.empty_table@2122eab4]" test-instance-name="sql_tests.testcases.empty_table.multiplyOperator" name="multiplyOperator" duration-ms="438" started-at="2016-02-05T16:17:07Z" finished-at="2016-02-05T16:17:08Z">
          <reporter-output>
          </reporter-output>
        </test-method> <!-- multiplyOperator -->
        <test-method status="PASS" signature="runAggrOnColumnWithGroupBy()[pri:0, instance:com.teradata.tempto.empty_table@6d73bc23]" test-instance-name="sql_tests.testcases.empty_table.runAggrOnColumnWithGroupBy" name="runAggrOnColumnWithGroupBy" duration-ms="497" started-at="2016-02-05T16:17:08Z" finished-at="2016-02-05T16:17:08Z">
          <reporter-output>
          </reporter-output>
        </test-method> <!-- runAggrOnColumnWithGroupBy -->
        <test-method status="PASS" signature="runAggrOnStarWithGroupBy()[pri:0, instance:com.teradata.tempto.empty_table@364b57f1]" test-instance-name="sql_tests.testcases.empty_table.runAggrOnStarWithGroupBy" name="runAggrOnStarWithGroupBy" duration-ms="422" started-at="2016-02-05T16:17:08Z" finished-at="2016-02-05T16:17:09Z">
          <reporter-output>
          </reporter-output>
        </test-method> <!-- runAggrOnStarWithGroupBy -->
        <test-method status="PASS" signature="runAggrWithoutGroupBy()[pri:0, instance:com.teradata.tempto.empty_table@5c09e3c2]" test-instance-name="sql_tests.testcases.empty_table.runAggrWithoutGroupBy" name="runAggrWithoutGroupBy" duration-ms="487" started-at="2016-02-05T16:17:09Z" finished-at="2016-02-05T16:17:09Z">
          <reporter-output>
          </reporter-output>
        </test-method> <!-- runAggrWithoutGroupBy -->
        <test-method status="PASS" signature="scalarOnColumn()[pri:0, instance:com.teradata.tempto.empty_table@703d7f8e]" test-instance-name="sql_tests.testcases.empty_table.scalarOnColumn" name="scalarOnColumn" duration-ms="472" started-at="2016-02-05T16:17:09Z" finished-at="2016-02-05T16:17:10Z">
          <reporter-output>
          </reporter-output>
        </test-method> <!-- scalarOnColumn -->
        <test-method status="PASS" signature="selectCountStar()[pri:0, instance:com.teradata.tempto.empty_table@547ecaff]" test-instance-name="sql_tests.testcases.empty_table.selectCountStar" name="selectCountStar" duration-ms="638" started-at="2016-02-05T16:17:10Z" finished-at="2016-02-05T16:17:10Z">
          <reporter-output>
          </reporter-output>
        </test-method> <!-- selectCountStar -->
        <test-method status="PASS" signature="selectStar()[pri:0, instance:com.teradata.tempto.empty_table@5925d03a]" test-instance-name="sql_tests.testcases.empty_table.selectStar" name="selectStar" duration-ms="443" started-at="2016-02-05T16:17:10Z" finished-at="2016-02-05T16:17:11Z">
          <reporter-output>
          </reporter-output>
        </test-method> <!-- selectStar -->
        <test-method status="PASS" signature="sumOnSubq()[pri:0, instance:com.teradata.tempto.empty_table@4ff8ae11]" test-instance-name="sql_tests.testcases.empty_table.sumOnSubq" name="sumOnSubq" duration-ms="442" started-at="2016-02-05T16:17:11Z" finished-at="2016-02-05T16:17:11Z">
          <reporter-output>
          </reporter-output>
        </test-method> <!-- sumOnSubq -->
      </class> <!-- com.teradata.tempto.empty_table -->
      <class name="com.teradata.tempto.decimal">
        <test-method status="PASS" signature="select_long()[pri:0, instance:com.teradata.tempto.decimal@6a82cd17]" test-instance-name="sql_tests.testcases.decimal.select_long" name="select_long" duration-ms="327" started-at="2016-02-05T16:16:59Z" finished-at="2016-02-05T16:16:59Z">
          <reporter-output>
          </reporter-output>
        </test-method> <!-- select_long -->
        <test-method status="PASS" signature="select_long_2()[pri:0, instance:com.teradata.tempto.decimal@22368fcb]" test-instance-name="sql_tests.testcases.decimal.select_long_2" name="select_long_2" duration-ms="320" started-at="2016-02-05T16:16:59Z" finished-at="2016-02-05T16:16:59Z">
          <reporter-output>
          </reporter-output>
        </test-method> <!-- select_long_2 -->
        <test-method status="PASS" signature="select_long_3()[pri:0, instance:com.teradata.tempto.decimal@75650906]" test-instance-name="sql_tests.testcases.decimal.select_long_3" name="select_long_3" duration-ms="368" started-at="2016-02-05T16:16:59Z" finished-at="2016-02-05T16:17:00Z">
          <reporter-output>
          </reporter-output>
        </test-method> <!-- select_long_3 -->
        <test-method status="PASS" signature="select_short()[pri:0, instance:com.teradata.tempto.decimal@37f2dfd6]" test-instance-name="sql_tests.testcases.decimal.select_short" name="select_short" duration-ms="295" started-at="2016-02-05T16:17:00Z" finished-at="2016-02-05T16:17:00Z">
          <reporter-output>
          </reporter-output>
        </test-method> <!-- select_short -->
        <test-method status="PASS" signature="where()[pri:0, instance:com.teradata.tempto.decimal@74626534]" test-instance-name="sql_tests.testcases.decimal.where" name="where" duration-ms="483" started-at="2016-02-05T16:17:00Z" finished-at="2016-02-05T16:17:01Z">
          <reporter-output>
          </reporter-output>
        </test-method> <!-- where -->
        <test-method status="PASS" signature="where_2()[pri:0, instance:com.teradata.tempto.decimal@34346f5a]" test-instance-name="sql_tests.testcases.decimal.where_2" name="where_2" duration-ms="482" started-at="2016-02-05T16:17:01Z" finished-at="2016-02-05T16:17:01Z">
          <reporter-output>
          </reporter-output>
        </test-method> <!-- where_2 -->
        <test-method status="PASS" signature="where_3()[pri:0, instance:com.teradata.tempto.decimal@1aab2f09]" test-instance-name="sql_tests.testcases.decimal.where_3" name="where_3" duration-ms="458" started-at="2016-02-05T16:17:01Z" finished-at="2016-02-05T16:17:02Z">
          <reporter-output>
          </reporter-output>
        </test-method> <!-- where_3 -->
        <test-method status="PASS" signature="where_4()[pri:0, instance:com.teradata.tempto.decimal@633b98b6]" test-instance-name="sql_tests.testcases.decimal.where_4" name="where_4" duration-ms="487" started-at="2016-02-05T16:17:02Z" finished-at="2016-02-05T16:17:02Z">
          <reporter-output>
          </reporter-output>
        </test-method> <!-- where_4 -->
      </class> <!-- com.teradata.tempto.decimal -->
      <class name="com.teradata.tempto.union">
        <test-method status="PASS" signature="unionAllSameTable()[pri:0, instance:com.teradata.tempto.union@17669f57]" test-instance-name="sql_tests.testcases.union.unionAllSameTable" name="unionAllSameTable" duration-ms="486" started-at="2016-02-05T16:25:03Z" finished-at="2016-02-05T16:25:03Z">
          <reporter-output>
          </reporter-output>
        </test-method> <!-- unionAllSameTable -->
        <test-method status="PASS" signature="unionDistinctSameTable()[pri:0, instance:com.teradata.tempto.union@76dc2ed1]" test-instance-name="sql_tests.testcases.union.unionDistinctSameTable" name="unionDistinctSameTable" duration-ms="523" started-at="2016-02-05T16:25:03Z" finished-at="2016-02-05T16:25:04Z">
          <reporter-output>
          </reporter-output>
        </test-method> <!-- unionDistinctSameTable -->
        <test-method status="PASS" signature="unionMoreThanTwoTables()[pri:0, instance:com.teradata.tempto.union@66549d73]" test-instance-name="sql_tests.testcases.union.unionMoreThanTwoTables" name="unionMoreThanTwoTables" duration-ms="705" started-at="2016-02-05T16:25:04Z" finished-at="2016-02-05T16:25:04Z">
          <reporter-output>
          </reporter-output>
        </test-method> <!-- unionMoreThanTwoTables -->
        <test-method status="PASS" signature="unionOrderBy()[pri:0, instance:com.teradata.tempto.union@79bf99f1]" test-instance-name="sql_tests.testcases.union.unionOrderBy" name="unionOrderBy" duration-ms="648" started-at="2016-02-05T16:25:04Z" finished-at="2016-02-05T16:25:05Z">
          <reporter-output>
          </reporter-output>
        </test-method> <!-- unionOrderBy -->
        <test-method status="PASS" signature="unionWithAggregation()[pri:0, instance:com.teradata.tempto.union@7d8e4c43]" test-instance-name="sql_tests.testcases.union.unionWithAggregation" name="unionWithAggregation" duration-ms="767" started-at="2016-02-05T16:25:05Z" finished-at="2016-02-05T16:25:06Z">
          <reporter-output>
          </reporter-output>
        </test-method> <!-- unionWithAggregation -->
      </class> <!-- com.teradata.tempto.union -->
    </test> <!-- all -->
  </suite> <!-- tempto-tests -->
</testng-results>
