# JRE version: Java(TM) SE Runtime Environment (8.0_45-b14) (build 1.8.0_45-b14)
# Java VM: Java HotSpot(TM) 64-Bit Server VM (25.45-b02 mixed mode bsd-amd64 compressed oops)
Heap:
 PSYoungGen      total 86528K, used 66041K [0x0000000795580000, 0x000000079b000000, 0x00000007c0000000)
  eden space 85504K, 76% used [0x0000000795580000,0x0000000799506430,0x000000079a900000)
  from space 1024K, 96% used [0x000000079aa00000,0x000000079aaf8000,0x000000079ab00000)
  to   space 3584K, 0% used [0x000000079ac80000,0x000000079ac80000,0x000000079b000000)
 ParOldGen       total 246272K, used 36501K [0x0000000740000000, 0x000000074f080000, 0x0000000795580000)
  object space 246272K, 14% used [0x0000000740000000,0x00000007423a5588,0x000000074f080000)
 Metaspace       used 64466K, capacity 67258K, committed 67584K, reserved 1107968K
  class space    used 7959K, capacity 8578K, committed 8704K, reserved 1048576K
GC Heap History (10 events):
Event: 59184.160 GC heap before
{Heap before GC invocations=76 (full 3):
 PSYoungGen      total 93696K, used 91680K [0x0000000795580000, 0x000000079b600000, 0x00000007c0000000)
  eden space 90624K, 100% used [0x0000000795580000,0x000000079ae00000,0x000000079ae00000)
  from space 3072K, 34% used [0x000000079b300000,0x000000079b408000,0x000000079b600000)
  to   space 4096K, 0% used [0x000000079ae00000,0x000000079ae00000,0x000000079b200000)
 ParOldGen       total 246272K, used 36277K [0x0000000740000000, 0x000000074f080000, 0x0000000795580000)
  object space 246272K, 14% used [0x0000000740000000,0x000000074236d588,0x000000074f080000)
 Metaspace       used 64051K, capacity 66818K, committed 66944K, reserved 1107968K
  class space    used 7906K, capacity 8500K, committed 8576K, reserved 1048576K
Event: 59184.165 GC heap after
Heap after GC invocations=76 (full 3):
 PSYoungGen      total 90624K, used 1024K [0x0000000795580000, 0x000000079b500000, 0x00000007c0000000)
  eden space 89600K, 0% used [0x0000000795580000,0x0000000795580000,0x000000079ad00000)
  from space 1024K, 100% used [0x000000079ae00000,0x000000079af00000,0x000000079af00000)
  to   space 4096K, 0% used [0x000000079b100000,0x000000079b100000,0x000000079b500000)
 ParOldGen       total 246272K, used 36325K [0x0000000740000000, 0x000000074f080000, 0x0000000795580000)
  object space 246272K, 14% used [0x0000000740000000,0x0000000742379588,0x000000074f080000)
 Metaspace       used 64051K, capacity 66818K, committed 66944K, reserved 1107968K
  class space    used 7906K, capacity 8500K, committed 8576K, reserved 1048576K
}
Event: 59995.022 GC heap before
{Heap before GC invocations=77 (full 3):
 PSYoungGen      total 90624K, used 90624K [0x0000000795580000, 0x000000079b500000, 0x00000007c0000000)
  eden space 89600K, 100% used [0x0000000795580000,0x000000079ad00000,0x000000079ad00000)
  from space 1024K, 100% used [0x000000079ae00000,0x000000079af00000,0x000000079af00000)
  to   space 4096K, 0% used [0x000000079b100000,0x000000079b100000,0x000000079b500000)
 ParOldGen       total 246272K, used 36325K [0x0000000740000000, 0x000000074f080000, 0x0000000795580000)
  object space 246272K, 14% used [0x0000000740000000,0x0000000742379588,0x000000074f080000)
 Metaspace       used 64051K, capacity 66818K, committed 66944K, reserved 1107968K
  class space    used 7906K, capacity 8500K, committed 8576K, reserved 1048576K
Event: 59995.026 GC heap after
Heap after GC invocations=77 (full 3):
 PSYoungGen      total 91648K, used 1056K [0x0000000795580000, 0x000000079b400000, 0x00000007c0000000)
  eden space 88576K, 0% used [0x0000000795580000,0x0000000795580000,0x000000079ac00000)
  from space 3072K, 34% used [0x000000079b100000,0x000000079b208000,0x000000079b400000)
  to   space 4096K, 0% used [0x000000079ac00000,0x000000079ac00000,0x000000079b000000)
 ParOldGen       total 246272K, used 36373K [0x0000000740000000, 0x000000074f080000, 0x0000000795580000)
  object space 246272K, 14% used [0x0000000740000000,0x0000000742385588,0x000000074f080000)
 Metaspace       used 64051K, capacity 66818K, committed 66944K, reserved 1107968K
  class space    used 7906K, capacity 8500K, committed 8576K, reserved 1048576K
}
Event: 60805.500 GC heap before
{Heap before GC invocations=78 (full 3):
 PSYoungGen      total 91648K, used 89632K [0x0000000795580000, 0x000000079b400000, 0x00000007c0000000)
  eden space 88576K, 100% used [0x0000000795580000,0x000000079ac00000,0x000000079ac00000)
  from space 3072K, 34% used [0x000000079b100000,0x000000079b208000,0x000000079b400000)
  to   space 4096K, 0% used [0x000000079ac00000,0x000000079ac00000,0x000000079b000000)
 ParOldGen       total 246272K, used 36373K [0x0000000740000000, 0x000000074f080000, 0x0000000795580000)
  object space 246272K, 14% used [0x0000000740000000,0x0000000742385588,0x000000074f080000)
 Metaspace       used 64051K, capacity 66818K, committed 66944K, reserved 1107968K
  class space    used 7906K, capacity 8500K, committed 8576K, reserved 1048576K
Event: 60805.504 GC heap after
Heap after GC invocations=78 (full 3):
 PSYoungGen      total 88576K, used 960K [0x0000000795580000, 0x000000079b300000, 0x00000007c0000000)
  eden space 87552K, 0% used [0x0000000795580000,0x0000000795580000,0x000000079ab00000)
  from space 1024K, 93% used [0x000000079ac00000,0x000000079acf0000,0x000000079ad00000)
  to   space 4096K, 0% used [0x000000079af00000,0x000000079af00000,0x000000079b300000)
 ParOldGen       total 246272K, used 36421K [0x0000000740000000, 0x000000074f080000, 0x0000000795580000)
  object space 246272K, 14% used [0x0000000740000000,0x0000000742391588,0x000000074f080000)
 Metaspace       used 64051K, capacity 66818K, committed 66944K, reserved 1107968K
  class space    used 7906K, capacity 8500K, committed 8576K, reserved 1048576K
}
Event: 61601.658 GC heap before
{Heap before GC invocations=79 (full 3):
 PSYoungGen      total 88576K, used 88512K [0x0000000795580000, 0x000000079b300000, 0x00000007c0000000)
  eden space 87552K, 100% used [0x0000000795580000,0x000000079ab00000,0x000000079ab00000)
  from space 1024K, 93% used [0x000000079ac00000,0x000000079acf0000,0x000000079ad00000)
  to   space 4096K, 0% used [0x000000079af00000,0x000000079af00000,0x000000079b300000)
 ParOldGen       total 246272K, used 36421K [0x0000000740000000, 0x000000074f080000, 0x0000000795580000)
  object space 246272K, 14% used [0x0000000740000000,0x0000000742391588,0x000000074f080000)
 Metaspace       used 64051K, capacity 66818K, committed 66944K, reserved 1107968K
  class space    used 7906K, capacity 8500K, committed 8576K, reserved 1048576K
Event: 61601.672 GC heap after
Heap after GC invocations=79 (full 3):
 PSYoungGen      total 88576K, used 992K [0x0000000795580000, 0x000000079b100000, 0x00000007c0000000)
  eden space 86528K, 0% used [0x0000000795580000,0x0000000795580000,0x000000079aa00000)
  from space 2048K, 48% used [0x000000079af00000,0x000000079aff8000,0x000000079b100000)
  to   space 3584K, 0% used [0x000000079aa00000,0x000000079aa00000,0x000000079ad80000)
 ParOldGen       total 246272K, used 36469K [0x0000000740000000, 0x000000074f080000, 0x0000000795580000)
  object space 246272K, 14% used [0x0000000740000000,0x000000074239d588,0x000000074f080000)
 Metaspace       used 64051K, capacity 66818K, committed 66944K, reserved 1107968K
  class space    used 7906K, capacity 8500K, committed 8576K, reserved 1048576K
}
Event: 62395.624 GC heap before
{Heap before GC invocations=80 (full 3):
 PSYoungGen      total 88576K, used 87520K [0x0000000795580000, 0x000000079b100000, 0x00000007c0000000)
  eden space 86528K, 100% used [0x0000000795580000,0x000000079aa00000,0x000000079aa00000)
  from space 2048K, 48% used [0x000000079af00000,0x000000079aff8000,0x000000079b100000)
  to   space 3584K, 0% used [0x000000079aa00000,0x000000079aa00000,0x000000079ad80000)
 ParOldGen       total 246272K, used 36469K [0x0000000740000000, 0x000000074f080000, 0x0000000795580000)
  object space 246272K, 14% used [0x0000000740000000,0x000000074239d588,0x000000074f080000)
 Metaspace       used 64051K, capacity 66818K, committed 66944K, reserved 1107968K
  class space    used 7906K, capacity 8500K, committed 8576K, reserved 1048576K
Event: 62395.629 GC heap after
Heap after GC invocations=80 (full 3):
 PSYoungGen      total 86528K, used 992K [0x0000000795580000, 0x000000079b000000, 0x00000007c0000000)
  eden space 85504K, 0% used [0x0000000795580000,0x0000000795580000,0x000000079a900000)
  from space 1024K, 96% used [0x000000079aa00000,0x000000079aaf8000,0x000000079ab00000)
  to   space 3584K, 0% used [0x000000079ac80000,0x000000079ac80000,0x000000079b000000)
 ParOldGen       total 246272K, used 36501K [0x0000000740000000, 0x000000074f080000, 0x0000000795580000)
  object space 246272K, 14% used [0x0000000740000000,0x00000007423a5588,0x000000074f080000)
 Metaspace       used 64051K, capacity 66818K, committed 66944K, reserved 1107968K
  class space    used 7906K, capacity 8500K, committed 8576K, reserved 1048576K
}

